#-----------------------------------------------------------
# Vivado v2023.2 (64-bit)
# SW Build 4029153 on Fri Oct 13 20:14:34 MDT 2023
# IP Build 4028589 on Sat Oct 14 00:45:43 MDT 2023
# SharedData Build 4025554 on Tue Oct 10 17:18:54 MDT 2023
# Start of session at: Wed Jun  5 17:11:32 2024
# Process ID: 16896
# Current directory: C:/Users/csy/Desktop/Study/Logic2024/tetris/tetris
# Command line: vivado.exe -gui_launcher_event rodinguilauncherevent5056 C:\Users\csy\Desktop\Study\Logic2024\tetris\tetris\tetris.xpr
# Log file: C:/Users/csy/Desktop/Study/Logic2024/tetris/tetris/vivado.log
# Journal file: C:/Users/csy/Desktop/Study/Logic2024/tetris/tetris\vivado.jou
# Running On: LAPTOP-LCA5B7K9, OS: Windows, CPU Frequency: 2688 MHz, CPU Physical cores: 14, Host memory: 14710 MB
#-----------------------------------------------------------
start_gui
open_project C:/Users/csy/Desktop/Study/Logic2024/tetris/tetris/tetris.xpr
WARNING: [Board 49-26] cannot add Board Part xilinx.com:vek280_es:part0:1.0 available at D:/xilinx/Vivado/2023.2/data/xhub/boards/XilinxBoardStore/boards/Xilinx/vek280/es/rev_a/1.0/board.xml as part xcve2802-vsvh1760-2lp-e-s-es1 specified in board_part file is either invalid or not available
WARNING: [Board 49-26] cannot add Board Part xilinx.com:vek280_es:part0:1.1 available at D:/xilinx/Vivado/2023.2/data/xhub/boards/XilinxBoardStore/boards/Xilinx/vek280/es/rev_a/1.1/board.xml as part xcve2802-vsvh1760-2lp-e-s-es1 specified in board_part file is either invalid or not available
WARNING: [Board 49-26] cannot add Board Part xilinx.com:vek280_es_revb:part0:1.0 available at D:/xilinx/Vivado/2023.2/data/xhub/boards/XilinxBoardStore/boards/Xilinx/vek280/es/rev_b/1.0/board.xml as part xcve2802-vsvh1760-2mp-e-s-es1 specified in board_part file is either invalid or not available
WARNING: [Board 49-26] cannot add Board Part xilinx.com:vek280_es_revb:part0:1.1 available at D:/xilinx/Vivado/2023.2/data/xhub/boards/XilinxBoardStore/boards/Xilinx/vek280/es/rev_b/1.1/board.xml as part xcve2802-vsvh1760-2mp-e-s-es1 specified in board_part file is either invalid or not available
WARNING: [Board 49-26] cannot add Board Part xilinx.com:vhk158_es:part0:1.0 available at D:/xilinx/Vivado/2023.2/data/xhub/boards/XilinxBoardStore/boards/Xilinx/vhk158/es/1.0/board.xml as part xcvh1582-vsva3697-2mp-e-s-es1 specified in board_part file is either invalid or not available
WARNING: [Board 49-26] cannot add Board Part xilinx.com:vhk158_es:part0:1.1 available at D:/xilinx/Vivado/2023.2/data/xhub/boards/XilinxBoardStore/boards/Xilinx/vhk158/es/1.1/board.xml as part xcvh1582-vsva3697-2mp-e-s-es1 specified in board_part file is either invalid or not available
WARNING: [Board 49-26] cannot add Board Part xilinx.com:zcu208ld:part0:2.0 available at D:/xilinx/Vivado/2023.2/data/xhub/boards/XilinxBoardStore/boards/Xilinx/zcu208ld/production/2.0/board.xml as part xczu58dr-fsvg1517-2-i specified in board_part file is either invalid or not available
WARNING: [Board 49-26] cannot add Board Part xilinx.com:zcu216ld:part0:2.0 available at D:/xilinx/Vivado/2023.2/data/xhub/boards/XilinxBoardStore/boards/Xilinx/zcu216ld/production/2.0/board.xml as part xczu59dr-ffvf1760-2-i specified in board_part file is either invalid or not available
WARNING: [Board 49-26] cannot add Board Part xilinx.com:zcu670:part0:2.0 available at D:/xilinx/Vivado/2023.2/data/xhub/boards/XilinxBoardStore/boards/Xilinx/zcu670/2.0/board.xml as part xczu67dr-fsve1156-2-i specified in board_part file is either invalid or not available
WARNING: [Board 49-26] cannot add Board Part xilinx.com:zcu670ld:part0:1.0 available at D:/xilinx/Vivado/2023.2/data/xhub/boards/XilinxBoardStore/boards/Xilinx/zcu670ld/1.0/board.xml as part xczu57dr-fsve1156-2-i specified in board_part file is either invalid or not available
INFO: [filemgmt 56-3] Default IP Output Path : Could not find the directory 'C:/Users/csy/Desktop/Study/Logic2024/tetris/tetris/tetris.gen/sources_1'.
Scanning sources...
Finished scanning sources
INFO: [IP_Flow 19-234] Refreshing IP repositories
INFO: [IP_Flow 19-1704] No user IP repositories specified
INFO: [IP_Flow 19-2313] Loaded Vivado IP repository 'D:/xilinx/Vivado/2023.2/data/ip'.
open_project: Time (s): cpu = 00:00:02 ; elapsed = 00:00:10 . Memory (MB): peak = 1618.039 ; gain = 418.305
update_compile_order -fileset sources_1
WARNING: [filemgmt 56-199] Attempt to get parsing info during refresh. "On-the-fly" syntax checking information may be incorrect. [C:\Users\csy\Desktop\Study\Logic2024\tetris\tetris\tetris.srcs\sources_1\new\top.v:]
WARNING: [filemgmt 56-199] Attempt to get parsing info during refresh. "On-the-fly" syntax checking information may be incorrect. [C:\Users\csy\Desktop\Study\Logic2024\tetris\tetris\tetris.srcs\sources_1\new\tetris_logic.v:]
WARNING: [filemgmt 56-199] Attempt to get parsing info during refresh. "On-the-fly" syntax checking information may be incorrect. [C:\Users\csy\Desktop\Study\Logic2024\tetris\tetris\tetris.srcs\sources_1\new\game.v:]
WARNING: [filemgmt 56-199] Attempt to get parsing info during refresh. "On-the-fly" syntax checking information may be incorrect. [C:\Users\csy\Desktop\Study\Logic2024\tetris\tetris\tetris.srcs\sources_1\new\top.v:]
WARNING: [filemgmt 56-199] Attempt to get parsing info during refresh. "On-the-fly" syntax checking information may be incorrect. [C:\Users\csy\Desktop\Study\Logic2024\tetris\tetris\tetris.srcs\sources_1\new\tetris_logic.v:]
WARNING: [filemgmt 56-199] Attempt to get parsing info during refresh. "On-the-fly" syntax checking information may be incorrect. [C:\Users\csy\Desktop\Study\Logic2024\tetris\tetris\tetris.srcs\sources_1\new\game.v:]
ERROR: [Common 17-180] Spawn failed: No error
reset_run impl_1 -prev_step 
launch_runs impl_1 -to_step write_bitstream -jobs 10
WARNING: [Vivado 12-872] Run step 'Design Initialization' is out-of-date.
[Wed Jun  5 17:13:12 2024] Launched impl_1...
Run output will be captured here: C:/Users/csy/Desktop/Study/Logic2024/tetris/tetris/tetris.runs/impl_1/runme.log
reset_run synth_1
INFO: [Project 1-1161] Replacing file C:/Users/csy/Desktop/Study/Logic2024/tetris/tetris/tetris.srcs/utils_1/imports/synth_1/top.dcp with file C:/Users/csy/Desktop/Study/Logic2024/tetris/tetris/tetris.runs/synth_1/top.dcp
launch_runs synth_1 -jobs 10
[Wed Jun  5 17:13:55 2024] Launched synth_1...
Run output will be captured here: C:/Users/csy/Desktop/Study/Logic2024/tetris/tetris/tetris.runs/synth_1/runme.log
WARNING: [filemgmt 56-199] Attempt to get parsing info during refresh. "On-the-fly" syntax checking information may be incorrect. [C:\Users\csy\Desktop\Study\Logic2024\tetris\tetris\tetris.srcs\sources_1\new\top.v:]
WARNING: [filemgmt 56-199] Attempt to get parsing info during refresh. "On-the-fly" syntax checking information may be incorrect. [C:\Users\csy\Desktop\Study\Logic2024\tetris\tetris\tetris.srcs\sources_1\new\tetris_logic.v:]
WARNING: [filemgmt 56-199] Attempt to get parsing info during refresh. "On-the-fly" syntax checking information may be incorrect. [C:\Users\csy\Desktop\Study\Logic2024\tetris\tetris\tetris.srcs\sources_1\new\game.v:]
WARNING: [filemgmt 56-199] Attempt to get parsing info during refresh. "On-the-fly" syntax checking information may be incorrect. [C:\Users\csy\Desktop\Study\Logic2024\tetris\tetris\tetris.srcs\sources_1\new\top.v:]
WARNING: [filemgmt 56-199] Attempt to get parsing info during refresh. "On-the-fly" syntax checking information may be incorrect. [C:\Users\csy\Desktop\Study\Logic2024\tetris\tetris\tetris.srcs\sources_1\new\tetris_logic.v:]
WARNING: [filemgmt 56-199] Attempt to get parsing info during refresh. "On-the-fly" syntax checking information may be incorrect. [C:\Users\csy\Desktop\Study\Logic2024\tetris\tetris\tetris.srcs\sources_1\new\game.v:]
WARNING: [filemgmt 56-199] Attempt to get parsing info during refresh. "On-the-fly" syntax checking information may be incorrect. [C:\Users\csy\Desktop\Study\Logic2024\tetris\tetris\tetris.srcs\sources_1\new\top.v:]
WARNING: [filemgmt 56-199] Attempt to get parsing info during refresh. "On-the-fly" syntax checking information may be incorrect. [C:\Users\csy\Desktop\Study\Logic2024\tetris\tetris\tetris.srcs\sources_1\new\tetris_logic.v:]
WARNING: [filemgmt 56-199] Attempt to get parsing info during refresh. "On-the-fly" syntax checking information may be incorrect. [C:\Users\csy\Desktop\Study\Logic2024\tetris\tetris\tetris.srcs\sources_1\new\game.v:]
exit
INFO: [Common 17-206] Exiting Vivado at Wed Jun  5 17:55:57 2024...
