#-----------------------------------------------------------
# Vivado v2023.2 (64-bit)
# SW Build 4029153 on Fri Oct 13 20:14:34 MDT 2023
# IP Build 4028589 on Sat Oct 14 00:45:43 MDT 2023
# SharedData Build 4025554 on Tue Oct 10 17:18:54 MDT 2023
# Start of session at: Sat Jun  8 13:11:35 2024
# Process ID: 25576
# Current directory: C:/Users/csy/Desktop/Study/Logic2024/tetris/tetris
# Command line: vivado.exe -gui_launcher_event rodinguilauncherevent2076 C:\Users\csy\Desktop\Study\Logic2024\tetris\tetris\tetris.xpr
# Log file: C:/Users/csy/Desktop/Study/Logic2024/tetris/tetris/vivado.log
# Journal file: C:/Users/csy/Desktop/Study/Logic2024/tetris/tetris\vivado.jou
# Running On: LAPTOP-LCA5B7K9, OS: Windows, CPU Frequency: 2688 MHz, CPU Physical cores: 14, Host memory: 14710 MB
#-----------------------------------------------------------
start_gui
open_project C:/Users/csy/Desktop/Study/Logic2024/tetris/tetris/tetris.xpr
WARNING: [Board 49-26] cannot add Board Part xilinx.com:vek280_es:part0:1.0 available at D:/xilinx/Vivado/2023.2/data/xhub/boards/XilinxBoardStore/boards/Xilinx/vek280/es/rev_a/1.0/board.xml as part xcve2802-vsvh1760-2lp-e-s-es1 specified in board_part file is either invalid or not available
WARNING: [Board 49-26] cannot add Board Part xilinx.com:vek280_es:part0:1.1 available at D:/xilinx/Vivado/2023.2/data/xhub/boards/XilinxBoardStore/boards/Xilinx/vek280/es/rev_a/1.1/board.xml as part xcve2802-vsvh1760-2lp-e-s-es1 specified in board_part file is either invalid or not available
WARNING: [Board 49-26] cannot add Board Part xilinx.com:vek280_es_revb:part0:1.0 available at D:/xilinx/Vivado/2023.2/data/xhub/boards/XilinxBoardStore/boards/Xilinx/vek280/es/rev_b/1.0/board.xml as part xcve2802-vsvh1760-2mp-e-s-es1 specified in board_part file is either invalid or not available
WARNING: [Board 49-26] cannot add Board Part xilinx.com:vek280_es_revb:part0:1.1 available at D:/xilinx/Vivado/2023.2/data/xhub/boards/XilinxBoardStore/boards/Xilinx/vek280/es/rev_b/1.1/board.xml as part xcve2802-vsvh1760-2mp-e-s-es1 specified in board_part file is either invalid or not available
WARNING: [Board 49-26] cannot add Board Part xilinx.com:vhk158_es:part0:1.0 available at D:/xilinx/Vivado/2023.2/data/xhub/boards/XilinxBoardStore/boards/Xilinx/vhk158/es/1.0/board.xml as part xcvh1582-vsva3697-2mp-e-s-es1 specified in board_part file is either invalid or not available
WARNING: [Board 49-26] cannot add Board Part xilinx.com:vhk158_es:part0:1.1 available at D:/xilinx/Vivado/2023.2/data/xhub/boards/XilinxBoardStore/boards/Xilinx/vhk158/es/1.1/board.xml as part xcvh1582-vsva3697-2mp-e-s-es1 specified in board_part file is either invalid or not available
WARNING: [Board 49-26] cannot add Board Part xilinx.com:zcu208ld:part0:2.0 available at D:/xilinx/Vivado/2023.2/data/xhub/boards/XilinxBoardStore/boards/Xilinx/zcu208ld/production/2.0/board.xml as part xczu58dr-fsvg1517-2-i specified in board_part file is either invalid or not available
WARNING: [Board 49-26] cannot add Board Part xilinx.com:zcu216ld:part0:2.0 available at D:/xilinx/Vivado/2023.2/data/xhub/boards/XilinxBoardStore/boards/Xilinx/zcu216ld/production/2.0/board.xml as part xczu59dr-ffvf1760-2-i specified in board_part file is either invalid or not available
WARNING: [Board 49-26] cannot add Board Part xilinx.com:zcu670:part0:2.0 available at D:/xilinx/Vivado/2023.2/data/xhub/boards/XilinxBoardStore/boards/Xilinx/zcu670/2.0/board.xml as part xczu67dr-fsve1156-2-i specified in board_part file is either invalid or not available
WARNING: [Board 49-26] cannot add Board Part xilinx.com:zcu670ld:part0:1.0 available at D:/xilinx/Vivado/2023.2/data/xhub/boards/XilinxBoardStore/boards/Xilinx/zcu670ld/1.0/board.xml as part xczu57dr-fsve1156-2-i specified in board_part file is either invalid or not available
INFO: [filemgmt 56-3] Default IP Output Path : Could not find the directory 'C:/Users/csy/Desktop/Study/Logic2024/tetris/tetris/tetris.gen/sources_1'.
Scanning sources...
Finished scanning sources
INFO: [IP_Flow 19-234] Refreshing IP repositories
INFO: [IP_Flow 19-1704] No user IP repositories specified
INFO: [IP_Flow 19-2313] Loaded Vivado IP repository 'D:/xilinx/Vivado/2023.2/data/ip'.
open_project: Time (s): cpu = 00:00:03 ; elapsed = 00:00:08 . Memory (MB): peak = 1711.941 ; gain = 266.133
update_compile_order -fileset sources_1
reset_run synth_1
INFO: [Project 1-1161] Replacing file C:/Users/csy/Desktop/Study/Logic2024/tetris/tetris/tetris.srcs/utils_1/imports/synth_1/top.dcp with file C:/Users/csy/Desktop/Study/Logic2024/tetris/tetris/tetris.runs/synth_1/top.dcp
launch_runs impl_1 -to_step write_bitstream -jobs 10
[Sat Jun  8 13:12:03 2024] Launched synth_1...
Run output will be captured here: C:/Users/csy/Desktop/Study/Logic2024/tetris/tetris/tetris.runs/synth_1/runme.log
[Sat Jun  8 13:12:03 2024] Launched impl_1...
Run output will be captured here: C:/Users/csy/Desktop/Study/Logic2024/tetris/tetris/tetris.runs/impl_1/runme.log
open_hw_manager
connect_hw_server -allow_non_jtag
INFO: [Labtools 27-2285] Connecting to hw_server url TCP:localhost:3121
INFO: [Labtools 27-2222] Launching hw_server...
INFO: [Labtools 27-2221] Launch Output:

****** Xilinx hw_server v2023.2
  **** Build date : Oct 13 2023 at 21:31:40
    ** Copyright 1986-2022 Xilinx, Inc. All Rights Reserved.


INFO: [Labtools 27-3415] Connecting to cs_server url TCP:localhost:0
INFO: [Labtools 27-3417] Launching cs_server...
INFO: [Labtools 27-2221] Launch Output:


******** Xilinx cs_server v2023.2.0
  ****** Build date   : Oct 10 2023-12:01:56
    **** Build number : 2023.2.1696910516
      ** Copyright 2017-2022 Xilinx, Inc. All Rights Reserved.
      ** Copyright 2022-2024 Advanced Micro Devices, Inc. All Rights Reserved.



open_hw_target
INFO: [Labtoolstcl 44-466] Opening hw_target localhost:3121/xilinx_tcf/Digilent/210241633676
set_property PROGRAM.FILE {C:/Users/csy/Desktop/Study/Logic2024/tetris/tetris/tetris.runs/impl_1/top.bit} [get_hw_devices xc7k160t_0]
current_hw_device [get_hw_devices xc7k160t_0]
refresh_hw_device -update_hw_probes false [lindex [get_hw_devices xc7k160t_0] 0]
INFO: [Labtools 27-1434] Device xc7k160t (JTAG device index = 0) is programmed with a design that has no supported debug core(s) in it.
set_property PROBES.FILE {} [get_hw_devices xc7k160t_0]
set_property FULL_PROBES.FILE {} [get_hw_devices xc7k160t_0]
set_property PROGRAM.FILE {C:/Users/csy/Desktop/Study/Logic2024/tetris/tetris/tetris.runs/impl_1/top.bit} [get_hw_devices xc7k160t_0]
program_hw_devices [get_hw_devices xc7k160t_0]
INFO: [Labtools 27-3164] End of startup status: HIGH
program_hw_devices: Time (s): cpu = 00:00:05 ; elapsed = 00:00:06 . Memory (MB): peak = 1711.941 ; gain = 0.000
refresh_hw_device [lindex [get_hw_devices xc7k160t_0] 0]
INFO: [Labtools 27-1434] Device xc7k160t (JTAG device index = 0) is programmed with a design that has no supported debug core(s) in it.
WARNING: [filemgmt 56-199] Attempt to get parsing info during refresh. "On-the-fly" syntax checking information may be incorrect. [C:\Users\csy\Desktop\Study\Logic2024\tetris\tetris\tetris.srcs\sources_1\new\top.v:]
WARNING: [filemgmt 56-199] Attempt to get parsing info during refresh. "On-the-fly" syntax checking information may be incorrect. [C:\Users\csy\Desktop\Study\Logic2024\tetris\tetris\tetris.srcs\sources_1\new\tetris_logic.v:]
WARNING: [filemgmt 56-199] Attempt to get parsing info during refresh. "On-the-fly" syntax checking information may be incorrect. [C:\Users\csy\Desktop\Study\Logic2024\tetris\tetris\tetris.srcs\sources_1\new\game.v:]
WARNING: [filemgmt 56-199] Attempt to get parsing info during refresh. "On-the-fly" syntax checking information may be incorrect. [C:\Users\csy\Desktop\Study\Logic2024\tetris\tetris\tetris.srcs\sources_1\new\top.v:]
WARNING: [filemgmt 56-199] Attempt to get parsing info during refresh. "On-the-fly" syntax checking information may be incorrect. [C:\Users\csy\Desktop\Study\Logic2024\tetris\tetris\tetris.srcs\sources_1\new\tetris_logic.v:]
WARNING: [filemgmt 56-199] Attempt to get parsing info during refresh. "On-the-fly" syntax checking information may be incorrect. [C:\Users\csy\Desktop\Study\Logic2024\tetris\tetris\tetris.srcs\sources_1\new\game.v:]
WARNING: [filemgmt 56-199] Attempt to get parsing info during refresh. "On-the-fly" syntax checking information may be incorrect. [C:\Users\csy\Desktop\Study\Logic2024\tetris\tetris\tetris.srcs\sources_1\new\top.v:]
WARNING: [filemgmt 56-199] Attempt to get parsing info during refresh. "On-the-fly" syntax checking information may be incorrect. [C:\Users\csy\Desktop\Study\Logic2024\tetris\tetris\tetris.srcs\sources_1\new\tetris_logic.v:]
WARNING: [filemgmt 56-199] Attempt to get parsing info during refresh. "On-the-fly" syntax checking information may be incorrect. [C:\Users\csy\Desktop\Study\Logic2024\tetris\tetris\tetris.srcs\sources_1\new\top.v:]
WARNING: [filemgmt 56-199] Attempt to get parsing info during refresh. "On-the-fly" syntax checking information may be incorrect. [C:\Users\csy\Desktop\Study\Logic2024\tetris\tetris\tetris.srcs\sources_1\new\tetris_logic.v:]
WARNING: [filemgmt 56-199] Attempt to get parsing info during refresh. "On-the-fly" syntax checking information may be incorrect. [C:\Users\csy\Desktop\Study\Logic2024\tetris\tetris\tetris.srcs\sources_1\new\game.v:]
WARNING: [filemgmt 56-199] Attempt to get parsing info during refresh. "On-the-fly" syntax checking information may be incorrect. [C:\Users\csy\Desktop\Study\Logic2024\tetris\tetris\tetris.srcs\sources_1\new\top.v:]
WARNING: [filemgmt 56-199] Attempt to get parsing info during refresh. "On-the-fly" syntax checking information may be incorrect. [C:\Users\csy\Desktop\Study\Logic2024\tetris\tetris\tetris.srcs\sources_1\new\tetris_logic.v:]
WARNING: [filemgmt 56-199] Attempt to get parsing info during refresh. "On-the-fly" syntax checking information may be incorrect. [C:\Users\csy\Desktop\Study\Logic2024\tetris\tetris\tetris.srcs\sources_1\new\game.v:]
ERROR: [Common 17-180] Spawn failed: No error
WARNING: [filemgmt 56-199] Attempt to get parsing info during refresh. "On-the-fly" syntax checking information may be incorrect. [C:\Users\csy\Desktop\Study\Logic2024\tetris\tetris\tetris.srcs\sources_1\new\top.v:]
WARNING: [filemgmt 56-199] Attempt to get parsing info during refresh. "On-the-fly" syntax checking information may be incorrect. [C:\Users\csy\Desktop\Study\Logic2024\tetris\tetris\tetris.srcs\sources_1\new\tetris_logic.v:]
WARNING: [filemgmt 56-199] Attempt to get parsing info during refresh. "On-the-fly" syntax checking information may be incorrect. [C:\Users\csy\Desktop\Study\Logic2024\tetris\tetris\tetris.srcs\sources_1\new\game.v:]
WARNING: [filemgmt 56-199] Attempt to get parsing info during refresh. "On-the-fly" syntax checking information may be incorrect. [C:\Users\csy\Desktop\Study\Logic2024\tetris\tetris\tetris.srcs\sources_1\new\top.v:]
WARNING: [filemgmt 56-199] Attempt to get parsing info during refresh. "On-the-fly" syntax checking information may be incorrect. [C:\Users\csy\Desktop\Study\Logic2024\tetris\tetris\tetris.srcs\sources_1\new\tetris_logic.v:]
reset_run synth_1
INFO: [Project 1-1161] Replacing file C:/Users/csy/Desktop/Study/Logic2024/tetris/tetris/tetris.srcs/utils_1/imports/synth_1/top.dcp with file C:/Users/csy/Desktop/Study/Logic2024/tetris/tetris/tetris.runs/synth_1/top.dcp
launch_runs impl_1 -to_step write_bitstream -jobs 10
[Sat Jun  8 13:38:54 2024] Launched synth_1...
Run output will be captured here: C:/Users/csy/Desktop/Study/Logic2024/tetris/tetris/tetris.runs/synth_1/runme.log
[Sat Jun  8 13:38:54 2024] Launched impl_1...
Run output will be captured here: C:/Users/csy/Desktop/Study/Logic2024/tetris/tetris/tetris.runs/impl_1/runme.log
WARNING: [filemgmt 56-199] Attempt to get parsing info during refresh. "On-the-fly" syntax checking information may be incorrect. [C:\Users\csy\Desktop\Study\Logic2024\tetris\tetris\tetris.srcs\sources_1\new\top.v:]
WARNING: [filemgmt 56-199] Attempt to get parsing info during refresh. "On-the-fly" syntax checking information may be incorrect. [C:\Users\csy\Desktop\Study\Logic2024\tetris\tetris\tetris.srcs\sources_1\new\tetris_logic.v:]
WARNING: [filemgmt 56-199] Attempt to get parsing info during refresh. "On-the-fly" syntax checking information may be incorrect. [C:\Users\csy\Desktop\Study\Logic2024\tetris\tetris\tetris.srcs\sources_1\new\game.v:]
WARNING: [filemgmt 56-199] Attempt to get parsing info during refresh. "On-the-fly" syntax checking information may be incorrect. [C:\Users\csy\Desktop\Study\Logic2024\tetris\tetris\tetris.srcs\sources_1\new\top.v:]
WARNING: [filemgmt 56-199] Attempt to get parsing info during refresh. "On-the-fly" syntax checking information may be incorrect. [C:\Users\csy\Desktop\Study\Logic2024\tetris\tetris\tetris.srcs\sources_1\new\tetris_logic.v:]
WARNING: [filemgmt 56-199] Attempt to get parsing info during refresh. "On-the-fly" syntax checking information may be incorrect. [C:\Users\csy\Desktop\Study\Logic2024\tetris\tetris\tetris.srcs\sources_1\new\game.v:]
WARNING: [filemgmt 56-199] Attempt to get parsing info during refresh. "On-the-fly" syntax checking information may be incorrect. [C:\Users\csy\Desktop\Study\Logic2024\tetris\tetris\tetris.srcs\sources_1\new\top.v:]
WARNING: [filemgmt 56-199] Attempt to get parsing info during refresh. "On-the-fly" syntax checking information may be incorrect. [C:\Users\csy\Desktop\Study\Logic2024\tetris\tetris\tetris.srcs\sources_1\new\tetris_logic.v:]
WARNING: [filemgmt 56-199] Attempt to get parsing info during refresh. "On-the-fly" syntax checking information may be incorrect. [C:\Users\csy\Desktop\Study\Logic2024\tetris\tetris\tetris.srcs\sources_1\new\game.v:]
WARNING: [filemgmt 56-199] Attempt to get parsing info during refresh. "On-the-fly" syntax checking information may be incorrect. [C:\Users\csy\Desktop\Study\Logic2024\tetris\tetris\tetris.srcs\sources_1\new\top.v:]
WARNING: [filemgmt 56-199] Attempt to get parsing info during refresh. "On-the-fly" syntax checking information may be incorrect. [C:\Users\csy\Desktop\Study\Logic2024\tetris\tetris\tetris.srcs\sources_1\new\tetris_logic.v:]
WARNING: [filemgmt 56-199] Attempt to get parsing info during refresh. "On-the-fly" syntax checking information may be incorrect. [C:\Users\csy\Desktop\Study\Logic2024\tetris\tetris\tetris.srcs\sources_1\new\game.v:]
WARNING: [filemgmt 56-199] Attempt to get parsing info during refresh. "On-the-fly" syntax checking information may be incorrect. [C:\Users\csy\Desktop\Study\Logic2024\tetris\tetris\tetris.srcs\sources_1\new\top.v:]
WARNING: [filemgmt 56-199] Attempt to get parsing info during refresh. "On-the-fly" syntax checking information may be incorrect. [C:\Users\csy\Desktop\Study\Logic2024\tetris\tetris\tetris.srcs\sources_1\new\tetris_logic.v:]
WARNING: [filemgmt 56-199] Attempt to get parsing info during refresh. "On-the-fly" syntax checking information may be incorrect. [C:\Users\csy\Desktop\Study\Logic2024\tetris\tetris\tetris.srcs\sources_1\new\game.v:]
WARNING: [filemgmt 56-199] Attempt to get parsing info during refresh. "On-the-fly" syntax checking information may be incorrect. [C:\Users\csy\Desktop\Study\Logic2024\tetris\tetris\tetris.srcs\sources_1\new\top.v:]
WARNING: [filemgmt 56-199] Attempt to get parsing info during refresh. "On-the-fly" syntax checking information may be incorrect. [C:\Users\csy\Desktop\Study\Logic2024\tetris\tetris\tetris.srcs\sources_1\new\tetris_logic.v:]
WARNING: [filemgmt 56-199] Attempt to get parsing info during refresh. "On-the-fly" syntax checking information may be incorrect. [C:\Users\csy\Desktop\Study\Logic2024\tetris\tetris\tetris.srcs\sources_1\new\game.v:]
WARNING: [filemgmt 56-199] Attempt to get parsing info during refresh. "On-the-fly" syntax checking information may be incorrect. [C:\Users\csy\Desktop\Study\Logic2024\tetris\tetris\tetris.srcs\sources_1\new\top.v:]
WARNING: [filemgmt 56-199] Attempt to get parsing info during refresh. "On-the-fly" syntax checking information may be incorrect. [C:\Users\csy\Desktop\Study\Logic2024\tetris\tetris\tetris.srcs\sources_1\new\tetris_logic.v:]
WARNING: [filemgmt 56-199] Attempt to get parsing info during refresh. "On-the-fly" syntax checking information may be incorrect. [C:\Users\csy\Desktop\Study\Logic2024\tetris\tetris\tetris.srcs\sources_1\new\game.v:]
WARNING: [filemgmt 56-199] Attempt to get parsing info during refresh. "On-the-fly" syntax checking information may be incorrect. [C:\Users\csy\Desktop\Study\Logic2024\tetris\tetris\tetris.srcs\sources_1\new\top.v:]
WARNING: [filemgmt 56-199] Attempt to get parsing info during refresh. "On-the-fly" syntax checking information may be incorrect. [C:\Users\csy\Desktop\Study\Logic2024\tetris\tetris\tetris.srcs\sources_1\new\tetris_logic.v:]
WARNING: [filemgmt 56-199] Attempt to get parsing info during refresh. "On-the-fly" syntax checking information may be incorrect. [C:\Users\csy\Desktop\Study\Logic2024\tetris\tetris\tetris.srcs\sources_1\new\game.v:]
WARNING: [filemgmt 56-199] Attempt to get parsing info during refresh. "On-the-fly" syntax checking information may be incorrect. [C:\Users\csy\Desktop\Study\Logic2024\tetris\tetris\tetris.srcs\sources_1\new\top.v:]
WARNING: [filemgmt 56-199] Attempt to get parsing info during refresh. "On-the-fly" syntax checking information may be incorrect. [C:\Users\csy\Desktop\Study\Logic2024\tetris\tetris\tetris.srcs\sources_1\new\tetris_logic.v:]
WARNING: [filemgmt 56-199] Attempt to get parsing info during refresh. "On-the-fly" syntax checking information may be incorrect. [C:\Users\csy\Desktop\Study\Logic2024\tetris\tetris\tetris.srcs\sources_1\new\game.v:]
WARNING: [filemgmt 56-199] Attempt to get parsing info during refresh. "On-the-fly" syntax checking information may be incorrect. [C:\Users\csy\Desktop\Study\Logic2024\tetris\tetris\tetris.srcs\sources_1\new\top.v:]
WARNING: [filemgmt 56-199] Attempt to get parsing info during refresh. "On-the-fly" syntax checking information may be incorrect. [C:\Users\csy\Desktop\Study\Logic2024\tetris\tetris\tetris.srcs\sources_1\new\tetris_logic.v:]
WARNING: [filemgmt 56-199] Attempt to get parsing info during refresh. "On-the-fly" syntax checking information may be incorrect. [C:\Users\csy\Desktop\Study\Logic2024\tetris\tetris\tetris.srcs\sources_1\new\game.v:]
WARNING: [filemgmt 56-199] Attempt to get parsing info during refresh. "On-the-fly" syntax checking information may be incorrect. [C:\Users\csy\Desktop\Study\Logic2024\tetris\tetris\tetris.srcs\sources_1\new\top.v:]
WARNING: [filemgmt 56-199] Attempt to get parsing info during refresh. "On-the-fly" syntax checking information may be incorrect. [C:\Users\csy\Desktop\Study\Logic2024\tetris\tetris\tetris.srcs\sources_1\new\tetris_logic.v:]
WARNING: [filemgmt 56-199] Attempt to get parsing info during refresh. "On-the-fly" syntax checking information may be incorrect. [C:\Users\csy\Desktop\Study\Logic2024\tetris\tetris\tetris.srcs\sources_1\new\game.v:]
WARNING: [filemgmt 56-199] Attempt to get parsing info during refresh. "On-the-fly" syntax checking information may be incorrect. [C:\Users\csy\Desktop\Study\Logic2024\tetris\tetris\tetris.srcs\sources_1\new\top.v:]
WARNING: [filemgmt 56-199] Attempt to get parsing info during refresh. "On-the-fly" syntax checking information may be incorrect. [C:\Users\csy\Desktop\Study\Logic2024\tetris\tetris\tetris.srcs\sources_1\new\tetris_logic.v:]
WARNING: [filemgmt 56-199] Attempt to get parsing info during refresh. "On-the-fly" syntax checking information may be incorrect. [C:\Users\csy\Desktop\Study\Logic2024\tetris\tetris\tetris.srcs\sources_1\new\game.v:]
WARNING: [filemgmt 56-199] Attempt to get parsing info during refresh. "On-the-fly" syntax checking information may be incorrect. [C:\Users\csy\Desktop\Study\Logic2024\tetris\tetris\tetris.srcs\sources_1\new\top.v:]
WARNING: [filemgmt 56-199] Attempt to get parsing info during refresh. "On-the-fly" syntax checking information may be incorrect. [C:\Users\csy\Desktop\Study\Logic2024\tetris\tetris\tetris.srcs\sources_1\new\tetris_logic.v:]
WARNING: [filemgmt 56-199] Attempt to get parsing info during refresh. "On-the-fly" syntax checking information may be incorrect. [C:\Users\csy\Desktop\Study\Logic2024\tetris\tetris\tetris.srcs\sources_1\new\game.v:]
WARNING: [filemgmt 56-199] Attempt to get parsing info during refresh. "On-the-fly" syntax checking information may be incorrect. [C:\Users\csy\Desktop\Study\Logic2024\tetris\tetris\tetris.srcs\sources_1\new\top.v:]
WARNING: [filemgmt 56-199] Attempt to get parsing info during refresh. "On-the-fly" syntax checking information may be incorrect. [C:\Users\csy\Desktop\Study\Logic2024\tetris\tetris\tetris.srcs\sources_1\new\tetris_logic.v:]
WARNING: [filemgmt 56-199] Attempt to get parsing info during refresh. "On-the-fly" syntax checking information may be incorrect. [C:\Users\csy\Desktop\Study\Logic2024\tetris\tetris\tetris.srcs\sources_1\new\game.v:]
WARNING: [filemgmt 56-199] Attempt to get parsing info during refresh. "On-the-fly" syntax checking information may be incorrect. [C:\Users\csy\Desktop\Study\Logic2024\tetris\tetris\tetris.srcs\sources_1\new\top.v:]
set_property PROBES.FILE {} [get_hw_devices xc7k160t_0]
set_property FULL_PROBES.FILE {} [get_hw_devices xc7k160t_0]
set_property PROGRAM.FILE {C:/Users/csy/Desktop/Study/Logic2024/tetris/tetris/tetris.runs/impl_1/top.bit} [get_hw_devices xc7k160t_0]
program_hw_devices [get_hw_devices xc7k160t_0]
INFO: [Labtools 27-3164] End of startup status: HIGH
program_hw_devices: Time (s): cpu = 00:00:05 ; elapsed = 00:00:06 . Memory (MB): peak = 1721.875 ; gain = 0.000
refresh_hw_device [lindex [get_hw_devices xc7k160t_0] 0]
INFO: [Labtools 27-1434] Device xc7k160t (JTAG device index = 0) is programmed with a design that has no supported debug core(s) in it.
WARNING: [filemgmt 56-199] Attempt to get parsing info during refresh. "On-the-fly" syntax checking information may be incorrect. [C:\Users\csy\Desktop\Study\Logic2024\tetris\tetris\tetris.srcs\sources_1\new\top.v:]
WARNING: [filemgmt 56-199] Attempt to get parsing info during refresh. "On-the-fly" syntax checking information may be incorrect. [C:\Users\csy\Desktop\Study\Logic2024\tetris\tetris\tetris.srcs\sources_1\new\tetris_logic.v:]
WARNING: [filemgmt 56-199] Attempt to get parsing info during refresh. "On-the-fly" syntax checking information may be incorrect. [C:\Users\csy\Desktop\Study\Logic2024\tetris\tetris\tetris.srcs\sources_1\new\game.v:]
WARNING: [filemgmt 56-199] Attempt to get parsing info during refresh. "On-the-fly" syntax checking information may be incorrect. [C:\Users\csy\Desktop\Study\Logic2024\tetris\tetris\tetris.srcs\sources_1\new\top.v:]
WARNING: [filemgmt 56-199] Attempt to get parsing info during refresh. "On-the-fly" syntax checking information may be incorrect. [C:\Users\csy\Desktop\Study\Logic2024\tetris\tetris\tetris.srcs\sources_1\new\tetris_logic.v:]
WARNING: [filemgmt 56-199] Attempt to get parsing info during refresh. "On-the-fly" syntax checking information may be incorrect. [C:\Users\csy\Desktop\Study\Logic2024\tetris\tetris\tetris.srcs\sources_1\new\game.v:]
WARNING: [filemgmt 56-199] Attempt to get parsing info during refresh. "On-the-fly" syntax checking information may be incorrect. [C:\Users\csy\Desktop\Study\Logic2024\tetris\tetris\tetris.srcs\sources_1\new\top.v:]
WARNING: [filemgmt 56-199] Attempt to get parsing info during refresh. "On-the-fly" syntax checking information may be incorrect. [C:\Users\csy\Desktop\Study\Logic2024\tetris\tetris\tetris.srcs\sources_1\new\tetris_logic.v:]
WARNING: [filemgmt 56-199] Attempt to get parsing info during refresh. "On-the-fly" syntax checking information may be incorrect. [C:\Users\csy\Desktop\Study\Logic2024\tetris\tetris\tetris.srcs\sources_1\new\game.v:]
WARNING: [filemgmt 56-199] Attempt to get parsing info during refresh. "On-the-fly" syntax checking information may be incorrect. [C:\Users\csy\Desktop\Study\Logic2024\tetris\tetris\tetris.srcs\sources_1\new\top.v:]
WARNING: [filemgmt 56-199] Attempt to get parsing info during refresh. "On-the-fly" syntax checking information may be incorrect. [C:\Users\csy\Desktop\Study\Logic2024\tetris\tetris\tetris.srcs\sources_1\new\tetris_logic.v:]
WARNING: [filemgmt 56-199] Attempt to get parsing info during refresh. "On-the-fly" syntax checking information may be incorrect. [C:\Users\csy\Desktop\Study\Logic2024\tetris\tetris\tetris.srcs\sources_1\new\game.v:]
WARNING: [filemgmt 56-199] Attempt to get parsing info during refresh. "On-the-fly" syntax checking information may be incorrect. [C:\Users\csy\Desktop\Study\Logic2024\tetris\tetris\tetris.srcs\sources_1\new\top.v:]
WARNING: [filemgmt 56-199] Attempt to get parsing info during refresh. "On-the-fly" syntax checking information may be incorrect. [C:\Users\csy\Desktop\Study\Logic2024\tetris\tetris\tetris.srcs\sources_1\new\tetris_logic.v:]
WARNING: [filemgmt 56-199] Attempt to get parsing info during refresh. "On-the-fly" syntax checking information may be incorrect. [C:\Users\csy\Desktop\Study\Logic2024\tetris\tetris\tetris.srcs\sources_1\new\game.v:]
WARNING: [filemgmt 56-199] Attempt to get parsing info during refresh. "On-the-fly" syntax checking information may be incorrect. [C:\Users\csy\Desktop\Study\Logic2024\tetris\tetris\tetris.srcs\sources_1\new\top.v:]
WARNING: [filemgmt 56-199] Attempt to get parsing info during refresh. "On-the-fly" syntax checking information may be incorrect. [C:\Users\csy\Desktop\Study\Logic2024\tetris\tetris\tetris.srcs\sources_1\new\tetris_logic.v:]
WARNING: [filemgmt 56-199] Attempt to get parsing info during refresh. "On-the-fly" syntax checking information may be incorrect. [C:\Users\csy\Desktop\Study\Logic2024\tetris\tetris\tetris.srcs\sources_1\new\game.v:]
WARNING: [filemgmt 56-199] Attempt to get parsing info during refresh. "On-the-fly" syntax checking information may be incorrect. [C:\Users\csy\Desktop\Study\Logic2024\tetris\tetris\tetris.srcs\sources_1\new\top.v:]
WARNING: [filemgmt 56-199] Attempt to get parsing info during refresh. "On-the-fly" syntax checking information may be incorrect. [C:\Users\csy\Desktop\Study\Logic2024\tetris\tetris\tetris.srcs\sources_1\new\tetris_logic.v:]
WARNING: [filemgmt 56-199] Attempt to get parsing info during refresh. "On-the-fly" syntax checking information may be incorrect. [C:\Users\csy\Desktop\Study\Logic2024\tetris\tetris\tetris.srcs\sources_1\new\game.v:]
WARNING: [filemgmt 56-199] Attempt to get parsing info during refresh. "On-the-fly" syntax checking information may be incorrect. [C:\Users\csy\Desktop\Study\Logic2024\tetris\tetris\tetris.srcs\sources_1\new\top.v:]
WARNING: [filemgmt 56-199] Attempt to get parsing info during refresh. "On-the-fly" syntax checking information may be incorrect. [C:\Users\csy\Desktop\Study\Logic2024\tetris\tetris\tetris.srcs\sources_1\new\tetris_logic.v:]
WARNING: [filemgmt 56-199] Attempt to get parsing info during refresh. "On-the-fly" syntax checking information may be incorrect. [C:\Users\csy\Desktop\Study\Logic2024\tetris\tetris\tetris.srcs\sources_1\new\game.v:]
ERROR: [Common 17-180] Spawn failed: No error
WARNING: [filemgmt 56-199] Attempt to get parsing info during refresh. "On-the-fly" syntax checking information may be incorrect. [C:\Users\csy\Desktop\Study\Logic2024\tetris\tetris\tetris.srcs\sources_1\new\top.v:]
WARNING: [filemgmt 56-199] Attempt to get parsing info during refresh. "On-the-fly" syntax checking information may be incorrect. [C:\Users\csy\Desktop\Study\Logic2024\tetris\tetris\tetris.srcs\sources_1\new\tetris_logic.v:]
WARNING: [filemgmt 56-199] Attempt to get parsing info during refresh. "On-the-fly" syntax checking information may be incorrect. [C:\Users\csy\Desktop\Study\Logic2024\tetris\tetris\tetris.srcs\sources_1\new\game.v:]
WARNING: [filemgmt 56-199] Attempt to get parsing info during refresh. "On-the-fly" syntax checking information may be incorrect. [C:\Users\csy\Desktop\Study\Logic2024\tetris\tetris\tetris.srcs\sources_1\new\top.v:]
WARNING: [filemgmt 56-199] Attempt to get parsing info during refresh. "On-the-fly" syntax checking information may be incorrect. [C:\Users\csy\Desktop\Study\Logic2024\tetris\tetris\tetris.srcs\sources_1\new\tetris_logic.v:]
WARNING: [filemgmt 56-199] Attempt to get parsing info during refresh. "On-the-fly" syntax checking information may be incorrect. [C:\Users\csy\Desktop\Study\Logic2024\tetris\tetris\tetris.srcs\sources_1\new\top.v:]
WARNING: [filemgmt 56-199] Attempt to get parsing info during refresh. "On-the-fly" syntax checking information may be incorrect. [C:\Users\csy\Desktop\Study\Logic2024\tetris\tetris\tetris.srcs\sources_1\new\tetris_logic.v:]
WARNING: [filemgmt 56-199] Attempt to get parsing info during refresh. "On-the-fly" syntax checking information may be incorrect. [C:\Users\csy\Desktop\Study\Logic2024\tetris\tetris\tetris.srcs\sources_1\new\game.v:]
WARNING: [filemgmt 56-199] Attempt to get parsing info during refresh. "On-the-fly" syntax checking information may be incorrect. [C:\Users\csy\Desktop\Study\Logic2024\tetris\tetris\tetris.srcs\sources_1\new\top.v:]
WARNING: [filemgmt 56-199] Attempt to get parsing info during refresh. "On-the-fly" syntax checking information may be incorrect. [C:\Users\csy\Desktop\Study\Logic2024\tetris\tetris\tetris.srcs\sources_1\new\tetris_logic.v:]
WARNING: [filemgmt 56-199] Attempt to get parsing info during refresh. "On-the-fly" syntax checking information may be incorrect. [C:\Users\csy\Desktop\Study\Logic2024\tetris\tetris\tetris.srcs\sources_1\new\game.v:]
ERROR: [Common 17-180] Spawn failed: No error
WARNING: [filemgmt 56-199] Attempt to get parsing info during refresh. "On-the-fly" syntax checking information may be incorrect. [C:\Users\csy\Desktop\Study\Logic2024\tetris\tetris\tetris.srcs\sources_1\new\top.v:]
WARNING: [filemgmt 56-199] Attempt to get parsing info during refresh. "On-the-fly" syntax checking information may be incorrect. [C:\Users\csy\Desktop\Study\Logic2024\tetris\tetris\tetris.srcs\sources_1\new\tetris_logic.v:]
WARNING: [filemgmt 56-199] Attempt to get parsing info during refresh. "On-the-fly" syntax checking information may be incorrect. [C:\Users\csy\Desktop\Study\Logic2024\tetris\tetris\tetris.srcs\sources_1\new\game.v:]
WARNING: [filemgmt 56-199] Attempt to get parsing info during refresh. "On-the-fly" syntax checking information may be incorrect. [C:\Users\csy\Desktop\Study\Logic2024\tetris\tetris\tetris.srcs\sources_1\new\top.v:]
WARNING: [filemgmt 56-199] Attempt to get parsing info during refresh. "On-the-fly" syntax checking information may be incorrect. [C:\Users\csy\Desktop\Study\Logic2024\tetris\tetris\tetris.srcs\sources_1\new\tetris_logic.v:]
WARNING: [filemgmt 56-199] Attempt to get parsing info during refresh. "On-the-fly" syntax checking information may be incorrect. [C:\Users\csy\Desktop\Study\Logic2024\tetris\tetris\tetris.srcs\sources_1\new\game.v:]
ERROR: [Common 17-180] Spawn failed: No error
WARNING: [filemgmt 56-199] Attempt to get parsing info during refresh. "On-the-fly" syntax checking information may be incorrect. [C:\Users\csy\Desktop\Study\Logic2024\tetris\tetris\tetris.srcs\sources_1\new\top.v:]
WARNING: [filemgmt 56-199] Attempt to get parsing info during refresh. "On-the-fly" syntax checking information may be incorrect. [C:\Users\csy\Desktop\Study\Logic2024\tetris\tetris\tetris.srcs\sources_1\new\tetris_logic.v:]
WARNING: [filemgmt 56-199] Attempt to get parsing info during refresh. "On-the-fly" syntax checking information may be incorrect. [C:\Users\csy\Desktop\Study\Logic2024\tetris\tetris\tetris.srcs\sources_1\new\game.v:]
WARNING: [filemgmt 56-199] Attempt to get parsing info during refresh. "On-the-fly" syntax checking information may be incorrect. [C:\Users\csy\Desktop\Study\Logic2024\tetris\tetris\tetris.srcs\sources_1\new\top.v:]
update_compile_order -fileset sources_1
WARNING: [filemgmt 56-199] Attempt to get parsing info during refresh. "On-the-fly" syntax checking information may be incorrect. [C:\Users\csy\Desktop\Study\Logic2024\tetris\tetris\tetris.srcs\sources_1\new\top.v:]
WARNING: [filemgmt 56-199] Attempt to get parsing info during refresh. "On-the-fly" syntax checking information may be incorrect. [C:\Users\csy\Desktop\Study\Logic2024\tetris\tetris\tetris.srcs\sources_1\new\tetris_logic.v:]
WARNING: [filemgmt 56-199] Attempt to get parsing info during refresh. "On-the-fly" syntax checking information may be incorrect. [C:\Users\csy\Desktop\Study\Logic2024\tetris\tetris\tetris.srcs\sources_1\new\game.v:]
WARNING: [filemgmt 56-199] Attempt to get parsing info during refresh. "On-the-fly" syntax checking information may be incorrect. [C:\Users\csy\Desktop\Study\Logic2024\tetris\tetris\tetris.srcs\sources_1\new\top.v:]
WARNING: [filemgmt 56-199] Attempt to get parsing info during refresh. "On-the-fly" syntax checking information may be incorrect. [C:\Users\csy\Desktop\Study\Logic2024\tetris\tetris\tetris.srcs\sources_1\new\top.v:]
WARNING: [filemgmt 56-199] Attempt to get parsing info during refresh. "On-the-fly" syntax checking information may be incorrect. [C:\Users\csy\Desktop\Study\Logic2024\tetris\tetris\tetris.srcs\sources_1\new\tetris_logic.v:]
WARNING: [filemgmt 56-199] Attempt to get parsing info during refresh. "On-the-fly" syntax checking information may be incorrect. [C:\Users\csy\Desktop\Study\Logic2024\tetris\tetris\tetris.srcs\sources_1\new\game.v:]
WARNING: [filemgmt 56-199] Attempt to get parsing info during refresh. "On-the-fly" syntax checking information may be incorrect. [C:\Users\csy\Desktop\Study\Logic2024\tetris\tetris\tetris.srcs\sources_1\new\top.v:]
WARNING: [filemgmt 56-199] Attempt to get parsing info during refresh. "On-the-fly" syntax checking information may be incorrect. [C:\Users\csy\Desktop\Study\Logic2024\tetris\tetris\tetris.srcs\sources_1\new\tetris_logic.v:]
WARNING: [filemgmt 56-199] Attempt to get parsing info during refresh. "On-the-fly" syntax checking information may be incorrect. [C:\Users\csy\Desktop\Study\Logic2024\tetris\tetris\tetris.srcs\sources_1\new\game.v:]
WARNING: [filemgmt 56-199] Attempt to get parsing info during refresh. "On-the-fly" syntax checking information may be incorrect. [C:\Users\csy\Desktop\Study\Logic2024\tetris\tetris\tetris.srcs\sources_1\new\top.v:]
WARNING: [filemgmt 56-199] Attempt to get parsing info during refresh. "On-the-fly" syntax checking information may be incorrect. [C:\Users\csy\Desktop\Study\Logic2024\tetris\tetris\tetris.srcs\sources_1\new\tetris_logic.v:]
WARNING: [filemgmt 56-199] Attempt to get parsing info during refresh. "On-the-fly" syntax checking information may be incorrect. [C:\Users\csy\Desktop\Study\Logic2024\tetris\tetris\tetris.srcs\sources_1\new\game.v:]
update_compile_order -fileset sources_1
update_compile_order -fileset sources_1
WARNING: [filemgmt 56-199] Attempt to get parsing info during refresh. "On-the-fly" syntax checking information may be incorrect. [C:\Users\csy\Desktop\Study\Logic2024\tetris\tetris\tetris.srcs\sources_1\new\top.v:]
WARNING: [filemgmt 56-199] Attempt to get parsing info during refresh. "On-the-fly" syntax checking information may be incorrect. [C:\Users\csy\Desktop\Study\Logic2024\tetris\tetris\tetris.srcs\sources_1\new\tetris_logic.v:]
WARNING: [filemgmt 56-199] Attempt to get parsing info during refresh. "On-the-fly" syntax checking information may be incorrect. [C:\Users\csy\Desktop\Study\Logic2024\tetris\tetris\tetris.srcs\sources_1\new\game.v:]
WARNING: [filemgmt 56-199] Attempt to get parsing info during refresh. "On-the-fly" syntax checking information may be incorrect. [C:\Users\csy\Desktop\Study\Logic2024\tetris\tetris\tetris.srcs\sources_1\new\top.v:]
WARNING: [filemgmt 56-199] Attempt to get parsing info during refresh. "On-the-fly" syntax checking information may be incorrect. [C:\Users\csy\Desktop\Study\Logic2024\tetris\tetris\tetris.srcs\sources_1\new\tetris_logic.v:]
WARNING: [filemgmt 56-199] Attempt to get parsing info during refresh. "On-the-fly" syntax checking information may be incorrect. [C:\Users\csy\Desktop\Study\Logic2024\tetris\tetris\tetris.srcs\sources_1\new\game.v:]
update_compile_order -fileset sources_1
WARNING: [filemgmt 56-199] Attempt to get parsing info during refresh. "On-the-fly" syntax checking information may be incorrect. [C:\Users\csy\Desktop\Study\Logic2024\tetris\tetris\tetris.srcs\sources_1\new\top.v:]
WARNING: [filemgmt 56-199] Attempt to get parsing info during refresh. "On-the-fly" syntax checking information may be incorrect. [C:\Users\csy\Desktop\Study\Logic2024\tetris\tetris\tetris.srcs\sources_1\new\tetris_logic.v:]
WARNING: [filemgmt 56-199] Attempt to get parsing info during refresh. "On-the-fly" syntax checking information may be incorrect. [C:\Users\csy\Desktop\Study\Logic2024\tetris\tetris\tetris.srcs\sources_1\new\game.v:]
WARNING: [filemgmt 56-199] Attempt to get parsing info during refresh. "On-the-fly" syntax checking information may be incorrect. [C:\Users\csy\Desktop\Study\Logic2024\tetris\tetris\tetris.srcs\sources_1\new\top.v:]
WARNING: [filemgmt 56-199] Attempt to get parsing info during refresh. "On-the-fly" syntax checking information may be incorrect. [C:\Users\csy\Desktop\Study\Logic2024\tetris\tetris\tetris.srcs\sources_1\new\tetris_logic.v:]
WARNING: [filemgmt 56-199] Attempt to get parsing info during refresh. "On-the-fly" syntax checking information may be incorrect. [C:\Users\csy\Desktop\Study\Logic2024\tetris\tetris\tetris.srcs\sources_1\new\game.v:]
update_compile_order -fileset sources_1
WARNING: [filemgmt 56-199] Attempt to get parsing info during refresh. "On-the-fly" syntax checking information may be incorrect. [C:\Users\csy\Desktop\Study\Logic2024\tetris\tetris\tetris.srcs\sources_1\new\top.v:]
WARNING: [filemgmt 56-199] Attempt to get parsing info during refresh. "On-the-fly" syntax checking information may be incorrect. [C:\Users\csy\Desktop\Study\Logic2024\tetris\tetris\tetris.srcs\sources_1\new\tetris_logic.v:]
WARNING: [filemgmt 56-199] Attempt to get parsing info during refresh. "On-the-fly" syntax checking information may be incorrect. [C:\Users\csy\Desktop\Study\Logic2024\tetris\tetris\tetris.srcs\sources_1\new\game.v:]
WARNING: [filemgmt 56-199] Attempt to get parsing info during refresh. "On-the-fly" syntax checking information may be incorrect. [C:\Users\csy\Desktop\Study\Logic2024\tetris\tetris\tetris.srcs\sources_1\new\top.v:]
WARNING: [filemgmt 56-199] Attempt to get parsing info during refresh. "On-the-fly" syntax checking information may be incorrect. [C:\Users\csy\Desktop\Study\Logic2024\tetris\tetris\tetris.srcs\sources_1\new\tetris_logic.v:]
WARNING: [filemgmt 56-199] Attempt to get parsing info during refresh. "On-the-fly" syntax checking information may be incorrect. [C:\Users\csy\Desktop\Study\Logic2024\tetris\tetris\tetris.srcs\sources_1\new\game.v:]
update_compile_order -fileset sources_1
WARNING: [filemgmt 56-199] Attempt to get parsing info during refresh. "On-the-fly" syntax checking information may be incorrect. [C:\Users\csy\Desktop\Study\Logic2024\tetris\tetris\tetris.srcs\sources_1\new\top.v:]
WARNING: [filemgmt 56-199] Attempt to get parsing info during refresh. "On-the-fly" syntax checking information may be incorrect. [C:\Users\csy\Desktop\Study\Logic2024\tetris\tetris\tetris.srcs\sources_1\new\tetris_logic.v:]
WARNING: [filemgmt 56-199] Attempt to get parsing info during refresh. "On-the-fly" syntax checking information may be incorrect. [C:\Users\csy\Desktop\Study\Logic2024\tetris\tetris\tetris.srcs\sources_1\new\game.v:]
WARNING: [filemgmt 56-199] Attempt to get parsing info during refresh. "On-the-fly" syntax checking information may be incorrect. [C:\Users\csy\Desktop\Study\Logic2024\tetris\tetris\tetris.srcs\sources_1\new\top.v:]
WARNING: [filemgmt 56-199] Attempt to get parsing info during refresh. "On-the-fly" syntax checking information may be incorrect. [C:\Users\csy\Desktop\Study\Logic2024\tetris\tetris\tetris.srcs\sources_1\new\top.v:]
WARNING: [filemgmt 56-199] Attempt to get parsing info during refresh. "On-the-fly" syntax checking information may be incorrect. [C:\Users\csy\Desktop\Study\Logic2024\tetris\tetris\tetris.srcs\sources_1\new\tetris_logic.v:]
WARNING: [filemgmt 56-199] Attempt to get parsing info during refresh. "On-the-fly" syntax checking information may be incorrect. [C:\Users\csy\Desktop\Study\Logic2024\tetris\tetris\tetris.srcs\sources_1\new\game.v:]
WARNING: [filemgmt 56-199] Attempt to get parsing info during refresh. "On-the-fly" syntax checking information may be incorrect. [C:\Users\csy\Desktop\Study\Logic2024\tetris\tetris\tetris.srcs\sources_1\new\top.v:]
WARNING: [filemgmt 56-199] Attempt to get parsing info during refresh. "On-the-fly" syntax checking information may be incorrect. [C:\Users\csy\Desktop\Study\Logic2024\tetris\tetris\tetris.srcs\sources_1\new\tetris_logic.v:]
WARNING: [filemgmt 56-199] Attempt to get parsing info during refresh. "On-the-fly" syntax checking information may be incorrect. [C:\Users\csy\Desktop\Study\Logic2024\tetris\tetris\tetris.srcs\sources_1\new\game.v:]
WARNING: [filemgmt 56-199] Attempt to get parsing info during refresh. "On-the-fly" syntax checking information may be incorrect. [C:\Users\csy\Desktop\Study\Logic2024\tetris\tetris\tetris.srcs\sources_1\new\top.v:]
WARNING: [filemgmt 56-199] Attempt to get parsing info during refresh. "On-the-fly" syntax checking information may be incorrect. [C:\Users\csy\Desktop\Study\Logic2024\tetris\tetris\tetris.srcs\sources_1\new\tetris_logic.v:]
WARNING: [filemgmt 56-199] Attempt to get parsing info during refresh. "On-the-fly" syntax checking information may be incorrect. [C:\Users\csy\Desktop\Study\Logic2024\tetris\tetris\tetris.srcs\sources_1\new\game.v:]
WARNING: [filemgmt 56-199] Attempt to get parsing info during refresh. "On-the-fly" syntax checking information may be incorrect. [C:\Users\csy\Desktop\Study\Logic2024\tetris\tetris\tetris.srcs\sources_1\new\top.v:]
WARNING: [filemgmt 56-199] Attempt to get parsing info during refresh. "On-the-fly" syntax checking information may be incorrect. [C:\Users\csy\Desktop\Study\Logic2024\tetris\tetris\tetris.srcs\sources_1\new\tetris_logic.v:]
WARNING: [filemgmt 56-199] Attempt to get parsing info during refresh. "On-the-fly" syntax checking information may be incorrect. [C:\Users\csy\Desktop\Study\Logic2024\tetris\tetris\tetris.srcs\sources_1\new\game.v:]
WARNING: [filemgmt 56-199] Attempt to get parsing info during refresh. "On-the-fly" syntax checking information may be incorrect. [C:\Users\csy\Desktop\Study\Logic2024\tetris\tetris\tetris.srcs\sources_1\new\top.v:]
reset_run synth_1
INFO: [Project 1-1161] Replacing file C:/Users/csy/Desktop/Study/Logic2024/tetris/tetris/tetris.srcs/utils_1/imports/synth_1/top.dcp with file C:/Users/csy/Desktop/Study/Logic2024/tetris/tetris/tetris.runs/synth_1/top.dcp
launch_runs impl_1 -to_step write_bitstream -jobs 10
[Sat Jun  8 13:47:13 2024] Launched synth_1...
Run output will be captured here: C:/Users/csy/Desktop/Study/Logic2024/tetris/tetris/tetris.runs/synth_1/runme.log
[Sat Jun  8 13:47:13 2024] Launched impl_1...
Run output will be captured here: C:/Users/csy/Desktop/Study/Logic2024/tetris/tetris/tetris.runs/impl_1/runme.log
WARNING: [filemgmt 56-199] Attempt to get parsing info during refresh. "On-the-fly" syntax checking information may be incorrect. [C:\Users\csy\Desktop\Study\Logic2024\tetris\tetris\tetris.srcs\sources_1\new\top.v:]
WARNING: [filemgmt 56-199] Attempt to get parsing info during refresh. "On-the-fly" syntax checking information may be incorrect. [C:\Users\csy\Desktop\Study\Logic2024\tetris\tetris\tetris.srcs\sources_1\new\tetris_logic.v:]
WARNING: [filemgmt 56-199] Attempt to get parsing info during refresh. "On-the-fly" syntax checking information may be incorrect. [C:\Users\csy\Desktop\Study\Logic2024\tetris\tetris\tetris.srcs\sources_1\new\game.v:]
WARNING: [filemgmt 56-199] Attempt to get parsing info during refresh. "On-the-fly" syntax checking information may be incorrect. [C:\Users\csy\Desktop\Study\Logic2024\tetris\tetris\tetris.srcs\sources_1\new\top.v:]
WARNING: [filemgmt 56-199] Attempt to get parsing info during refresh. "On-the-fly" syntax checking information may be incorrect. [C:\Users\csy\Desktop\Study\Logic2024\tetris\tetris\tetris.srcs\sources_1\new\tetris_logic.v:]
WARNING: [filemgmt 56-199] Attempt to get parsing info during refresh. "On-the-fly" syntax checking information may be incorrect. [C:\Users\csy\Desktop\Study\Logic2024\tetris\tetris\tetris.srcs\sources_1\new\game.v:]
set_property PROBES.FILE {} [get_hw_devices xc7k160t_0]
set_property FULL_PROBES.FILE {} [get_hw_devices xc7k160t_0]
set_property PROGRAM.FILE {C:/Users/csy/Desktop/Study/Logic2024/tetris/tetris/tetris.runs/impl_1/top.bit} [get_hw_devices xc7k160t_0]
program_hw_devices [get_hw_devices xc7k160t_0]
INFO: [Labtools 27-3164] End of startup status: HIGH
program_hw_devices: Time (s): cpu = 00:00:05 ; elapsed = 00:00:06 . Memory (MB): peak = 1742.797 ; gain = 0.000
refresh_hw_device [lindex [get_hw_devices xc7k160t_0] 0]
INFO: [Labtools 27-1434] Device xc7k160t (JTAG device index = 0) is programmed with a design that has no supported debug core(s) in it.
WARNING: [filemgmt 56-199] Attempt to get parsing info during refresh. "On-the-fly" syntax checking information may be incorrect. [C:\Users\csy\Desktop\Study\Logic2024\tetris\tetris\tetris.srcs\sources_1\new\top.v:]
WARNING: [filemgmt 56-199] Attempt to get parsing info during refresh. "On-the-fly" syntax checking information may be incorrect. [C:\Users\csy\Desktop\Study\Logic2024\tetris\tetris\tetris.srcs\sources_1\new\tetris_logic.v:]
WARNING: [filemgmt 56-199] Attempt to get parsing info during refresh. "On-the-fly" syntax checking information may be incorrect. [C:\Users\csy\Desktop\Study\Logic2024\tetris\tetris\tetris.srcs\sources_1\new\game.v:]
WARNING: [filemgmt 56-199] Attempt to get parsing info during refresh. "On-the-fly" syntax checking information may be incorrect. [C:\Users\csy\Desktop\Study\Logic2024\tetris\tetris\tetris.srcs\sources_1\new\top.v:]
WARNING: [filemgmt 56-199] Attempt to get parsing info during refresh. "On-the-fly" syntax checking information may be incorrect. [C:\Users\csy\Desktop\Study\Logic2024\tetris\tetris\tetris.srcs\sources_1\new\tetris_logic.v:]
WARNING: [filemgmt 56-199] Attempt to get parsing info during refresh. "On-the-fly" syntax checking information may be incorrect. [C:\Users\csy\Desktop\Study\Logic2024\tetris\tetris\tetris.srcs\sources_1\new\game.v:]
WARNING: [filemgmt 56-199] Attempt to get parsing info during refresh. "On-the-fly" syntax checking information may be incorrect. [C:\Users\csy\Desktop\Study\Logic2024\tetris\tetris\tetris.srcs\sources_1\new\top.v:]
WARNING: [filemgmt 56-199] Attempt to get parsing info during refresh. "On-the-fly" syntax checking information may be incorrect. [C:\Users\csy\Desktop\Study\Logic2024\tetris\tetris\tetris.srcs\sources_1\new\tetris_logic.v:]
WARNING: [filemgmt 56-199] Attempt to get parsing info during refresh. "On-the-fly" syntax checking information may be incorrect. [C:\Users\csy\Desktop\Study\Logic2024\tetris\tetris\tetris.srcs\sources_1\new\game.v:]
WARNING: [filemgmt 56-199] Attempt to get parsing info during refresh. "On-the-fly" syntax checking information may be incorrect. [C:\Users\csy\Desktop\Study\Logic2024\tetris\tetris\tetris.srcs\sources_1\new\top.v:]
WARNING: [filemgmt 56-199] Attempt to get parsing info during refresh. "On-the-fly" syntax checking information may be incorrect. [C:\Users\csy\Desktop\Study\Logic2024\tetris\tetris\tetris.srcs\sources_1\new\top.v:]
WARNING: [filemgmt 56-199] Attempt to get parsing info during refresh. "On-the-fly" syntax checking information may be incorrect. [C:\Users\csy\Desktop\Study\Logic2024\tetris\tetris\tetris.srcs\sources_1\new\tetris_logic.v:]
WARNING: [filemgmt 56-199] Attempt to get parsing info during refresh. "On-the-fly" syntax checking information may be incorrect. [C:\Users\csy\Desktop\Study\Logic2024\tetris\tetris\tetris.srcs\sources_1\new\game.v:]
ERROR: [Common 17-180] Spawn failed: No error
WARNING: [filemgmt 56-199] Attempt to get parsing info during refresh. "On-the-fly" syntax checking information may be incorrect. [C:\Users\csy\Desktop\Study\Logic2024\tetris\tetris\tetris.srcs\sources_1\new\top.v:]
WARNING: [filemgmt 56-199] Attempt to get parsing info during refresh. "On-the-fly" syntax checking information may be incorrect. [C:\Users\csy\Desktop\Study\Logic2024\tetris\tetris\tetris.srcs\sources_1\new\tetris_logic.v:]
WARNING: [filemgmt 56-199] Attempt to get parsing info during refresh. "On-the-fly" syntax checking information may be incorrect. [C:\Users\csy\Desktop\Study\Logic2024\tetris\tetris\tetris.srcs\sources_1\new\game.v:]
WARNING: [filemgmt 56-199] Attempt to get parsing info during refresh. "On-the-fly" syntax checking information may be incorrect. [C:\Users\csy\Desktop\Study\Logic2024\tetris\tetris\tetris.srcs\sources_1\new\top.v:]
WARNING: [filemgmt 56-199] Attempt to get parsing info during refresh. "On-the-fly" syntax checking information may be incorrect. [C:\Users\csy\Desktop\Study\Logic2024\tetris\tetris\tetris.srcs\sources_1\new\tetris_logic.v:]
WARNING: [filemgmt 56-199] Attempt to get parsing info during refresh. "On-the-fly" syntax checking information may be incorrect. [C:\Users\csy\Desktop\Study\Logic2024\tetris\tetris\tetris.srcs\sources_1\new\top.v:]
WARNING: [filemgmt 56-199] Attempt to get parsing info during refresh. "On-the-fly" syntax checking information may be incorrect. [C:\Users\csy\Desktop\Study\Logic2024\tetris\tetris\tetris.srcs\sources_1\new\tetris_logic.v:]
WARNING: [filemgmt 56-199] Attempt to get parsing info during refresh. "On-the-fly" syntax checking information may be incorrect. [C:\Users\csy\Desktop\Study\Logic2024\tetris\tetris\tetris.srcs\sources_1\new\game.v:]
WARNING: [filemgmt 56-199] Attempt to get parsing info during refresh. "On-the-fly" syntax checking information may be incorrect. [C:\Users\csy\Desktop\Study\Logic2024\tetris\tetris\tetris.srcs\sources_1\new\top.v:]
WARNING: [filemgmt 56-199] Attempt to get parsing info during refresh. "On-the-fly" syntax checking information may be incorrect. [C:\Users\csy\Desktop\Study\Logic2024\tetris\tetris\tetris.srcs\sources_1\new\tetris_logic.v:]
WARNING: [filemgmt 56-199] Attempt to get parsing info during refresh. "On-the-fly" syntax checking information may be incorrect. [C:\Users\csy\Desktop\Study\Logic2024\tetris\tetris\tetris.srcs\sources_1\new\game.v:]
reset_run synth_1
INFO: [Project 1-1161] Replacing file C:/Users/csy/Desktop/Study/Logic2024/tetris/tetris/tetris.srcs/utils_1/imports/synth_1/top.dcp with file C:/Users/csy/Desktop/Study/Logic2024/tetris/tetris/tetris.runs/synth_1/top.dcp
launch_runs impl_1 -to_step write_bitstream -jobs 10
[Sat Jun  8 13:52:01 2024] Launched synth_1...
Run output will be captured here: C:/Users/csy/Desktop/Study/Logic2024/tetris/tetris/tetris.runs/synth_1/runme.log
[Sat Jun  8 13:52:01 2024] Launched impl_1...
Run output will be captured here: C:/Users/csy/Desktop/Study/Logic2024/tetris/tetris/tetris.runs/impl_1/runme.log
WARNING: [filemgmt 56-199] Attempt to get parsing info during refresh. "On-the-fly" syntax checking information may be incorrect. [C:\Users\csy\Desktop\Study\Logic2024\tetris\tetris\tetris.srcs\sources_1\new\top.v:]
WARNING: [filemgmt 56-199] Attempt to get parsing info during refresh. "On-the-fly" syntax checking information may be incorrect. [C:\Users\csy\Desktop\Study\Logic2024\tetris\tetris\tetris.srcs\sources_1\new\tetris_logic.v:]
WARNING: [filemgmt 56-199] Attempt to get parsing info during refresh. "On-the-fly" syntax checking information may be incorrect. [C:\Users\csy\Desktop\Study\Logic2024\tetris\tetris\tetris.srcs\sources_1\new\game.v:]
ERROR: [Common 17-180] Spawn failed: No error
set_property PROBES.FILE {} [get_hw_devices xc7k160t_0]
set_property FULL_PROBES.FILE {} [get_hw_devices xc7k160t_0]
set_property PROGRAM.FILE {C:/Users/csy/Desktop/Study/Logic2024/tetris/tetris/tetris.runs/impl_1/top.bit} [get_hw_devices xc7k160t_0]
program_hw_devices [get_hw_devices xc7k160t_0]
INFO: [Labtools 27-3164] End of startup status: HIGH
program_hw_devices: Time (s): cpu = 00:00:04 ; elapsed = 00:00:06 . Memory (MB): peak = 1742.797 ; gain = 0.000
refresh_hw_device [lindex [get_hw_devices xc7k160t_0] 0]
INFO: [Labtools 27-1434] Device xc7k160t (JTAG device index = 0) is programmed with a design that has no supported debug core(s) in it.
WARNING: [filemgmt 56-199] Attempt to get parsing info during refresh. "On-the-fly" syntax checking information may be incorrect. [C:\Users\csy\Desktop\Study\Logic2024\tetris\tetris\tetris.srcs\sources_1\new\top.v:]
WARNING: [filemgmt 56-199] Attempt to get parsing info during refresh. "On-the-fly" syntax checking information may be incorrect. [C:\Users\csy\Desktop\Study\Logic2024\tetris\tetris\tetris.srcs\sources_1\new\tetris_logic.v:]
WARNING: [filemgmt 56-199] Attempt to get parsing info during refresh. "On-the-fly" syntax checking information may be incorrect. [C:\Users\csy\Desktop\Study\Logic2024\tetris\tetris\tetris.srcs\sources_1\new\game.v:]
WARNING: [filemgmt 56-199] Attempt to get parsing info during refresh. "On-the-fly" syntax checking information may be incorrect. [C:\Users\csy\Desktop\Study\Logic2024\tetris\tetris\tetris.srcs\sources_1\new\top.v:]
WARNING: [filemgmt 56-199] Attempt to get parsing info during refresh. "On-the-fly" syntax checking information may be incorrect. [C:\Users\csy\Desktop\Study\Logic2024\tetris\tetris\tetris.srcs\sources_1\new\tetris_logic.v:]
WARNING: [filemgmt 56-199] Attempt to get parsing info during refresh. "On-the-fly" syntax checking information may be incorrect. [C:\Users\csy\Desktop\Study\Logic2024\tetris\tetris\tetris.srcs\sources_1\new\game.v:]
ERROR: [Common 17-180] Spawn failed: No error
WARNING: [filemgmt 56-199] Attempt to get parsing info during refresh. "On-the-fly" syntax checking information may be incorrect. [C:\Users\csy\Desktop\Study\Logic2024\tetris\tetris\tetris.srcs\sources_1\new\top.v:]
WARNING: [filemgmt 56-199] Attempt to get parsing info during refresh. "On-the-fly" syntax checking information may be incorrect. [C:\Users\csy\Desktop\Study\Logic2024\tetris\tetris\tetris.srcs\sources_1\new\tetris_logic.v:]
WARNING: [filemgmt 56-199] Attempt to get parsing info during refresh. "On-the-fly" syntax checking information may be incorrect. [C:\Users\csy\Desktop\Study\Logic2024\tetris\tetris\tetris.srcs\sources_1\new\game.v:]
WARNING: [filemgmt 56-199] Attempt to get parsing info during refresh. "On-the-fly" syntax checking information may be incorrect. [C:\Users\csy\Desktop\Study\Logic2024\tetris\tetris\tetris.srcs\sources_1\new\top.v:]
WARNING: [filemgmt 56-199] Attempt to get parsing info during refresh. "On-the-fly" syntax checking information may be incorrect. [C:\Users\csy\Desktop\Study\Logic2024\tetris\tetris\tetris.srcs\sources_1\new\tetris_logic.v:]
WARNING: [filemgmt 56-199] Attempt to get parsing info during refresh. "On-the-fly" syntax checking information may be incorrect. [C:\Users\csy\Desktop\Study\Logic2024\tetris\tetris\tetris.srcs\sources_1\new\game.v:]
WARNING: [filemgmt 56-199] Attempt to get parsing info during refresh. "On-the-fly" syntax checking information may be incorrect. [C:\Users\csy\Desktop\Study\Logic2024\tetris\tetris\tetris.srcs\sources_1\new\top.v:]
WARNING: [filemgmt 56-199] Attempt to get parsing info during refresh. "On-the-fly" syntax checking information may be incorrect. [C:\Users\csy\Desktop\Study\Logic2024\tetris\tetris\tetris.srcs\sources_1\new\tetris_logic.v:]
WARNING: [filemgmt 56-199] Attempt to get parsing info during refresh. "On-the-fly" syntax checking information may be incorrect. [C:\Users\csy\Desktop\Study\Logic2024\tetris\tetris\tetris.srcs\sources_1\new\game.v:]
WARNING: [filemgmt 56-199] Attempt to get parsing info during refresh. "On-the-fly" syntax checking information may be incorrect. [C:\Users\csy\Desktop\Study\Logic2024\tetris\tetris\tetris.srcs\sources_1\new\top.v:]
WARNING: [filemgmt 56-199] Attempt to get parsing info during refresh. "On-the-fly" syntax checking information may be incorrect. [C:\Users\csy\Desktop\Study\Logic2024\tetris\tetris\tetris.srcs\sources_1\new\tetris_logic.v:]
WARNING: [filemgmt 56-199] Attempt to get parsing info during refresh. "On-the-fly" syntax checking information may be incorrect. [C:\Users\csy\Desktop\Study\Logic2024\tetris\tetris\tetris.srcs\sources_1\new\game.v:]
WARNING: [filemgmt 56-199] Attempt to get parsing info during refresh. "On-the-fly" syntax checking information may be incorrect. [C:\Users\csy\Desktop\Study\Logic2024\tetris\tetris\tetris.srcs\sources_1\new\top.v:]
WARNING: [filemgmt 56-199] Attempt to get parsing info during refresh. "On-the-fly" syntax checking information may be incorrect. [C:\Users\csy\Desktop\Study\Logic2024\tetris\tetris\tetris.srcs\sources_1\new\tetris_logic.v:]
WARNING: [filemgmt 56-199] Attempt to get parsing info during refresh. "On-the-fly" syntax checking information may be incorrect. [C:\Users\csy\Desktop\Study\Logic2024\tetris\tetris\tetris.srcs\sources_1\new\game.v:]
WARNING: [filemgmt 56-199] Attempt to get parsing info during refresh. "On-the-fly" syntax checking information may be incorrect. [C:\Users\csy\Desktop\Study\Logic2024\tetris\tetris\tetris.srcs\sources_1\new\top.v:]
WARNING: [filemgmt 56-199] Attempt to get parsing info during refresh. "On-the-fly" syntax checking information may be incorrect. [C:\Users\csy\Desktop\Study\Logic2024\tetris\tetris\tetris.srcs\sources_1\new\tetris_logic.v:]
WARNING: [filemgmt 56-199] Attempt to get parsing info during refresh. "On-the-fly" syntax checking information may be incorrect. [C:\Users\csy\Desktop\Study\Logic2024\tetris\tetris\tetris.srcs\sources_1\new\game.v:]
WARNING: [filemgmt 56-199] Attempt to get parsing info during refresh. "On-the-fly" syntax checking information may be incorrect. [C:\Users\csy\Desktop\Study\Logic2024\tetris\tetris\tetris.srcs\sources_1\new\top.v:]
WARNING: [filemgmt 56-199] Attempt to get parsing info during refresh. "On-the-fly" syntax checking information may be incorrect. [C:\Users\csy\Desktop\Study\Logic2024\tetris\tetris\tetris.srcs\sources_1\new\tetris_logic.v:]
WARNING: [filemgmt 56-199] Attempt to get parsing info during refresh. "On-the-fly" syntax checking information may be incorrect. [C:\Users\csy\Desktop\Study\Logic2024\tetris\tetris\tetris.srcs\sources_1\new\game.v:]
WARNING: [filemgmt 56-199] Attempt to get parsing info during refresh. "On-the-fly" syntax checking information may be incorrect. [C:\Users\csy\Desktop\Study\Logic2024\tetris\tetris\tetris.srcs\sources_1\new\top.v:]
WARNING: [filemgmt 56-199] Attempt to get parsing info during refresh. "On-the-fly" syntax checking information may be incorrect. [C:\Users\csy\Desktop\Study\Logic2024\tetris\tetris\tetris.srcs\sources_1\new\tetris_logic.v:]
WARNING: [filemgmt 56-199] Attempt to get parsing info during refresh. "On-the-fly" syntax checking information may be incorrect. [C:\Users\csy\Desktop\Study\Logic2024\tetris\tetris\tetris.srcs\sources_1\new\game.v:]
WARNING: [filemgmt 56-199] Attempt to get parsing info during refresh. "On-the-fly" syntax checking information may be incorrect. [C:\Users\csy\Desktop\Study\Logic2024\tetris\tetris\tetris.srcs\sources_1\new\top.v:]
WARNING: [filemgmt 56-199] Attempt to get parsing info during refresh. "On-the-fly" syntax checking information may be incorrect. [C:\Users\csy\Desktop\Study\Logic2024\tetris\tetris\tetris.srcs\sources_1\new\tetris_logic.v:]
WARNING: [filemgmt 56-199] Attempt to get parsing info during refresh. "On-the-fly" syntax checking information may be incorrect. [C:\Users\csy\Desktop\Study\Logic2024\tetris\tetris\tetris.srcs\sources_1\new\game.v:]
WARNING: [filemgmt 56-199] Attempt to get parsing info during refresh. "On-the-fly" syntax checking information may be incorrect. [C:\Users\csy\Desktop\Study\Logic2024\tetris\tetris\tetris.srcs\sources_1\new\top.v:]
WARNING: [filemgmt 56-199] Attempt to get parsing info during refresh. "On-the-fly" syntax checking information may be incorrect. [C:\Users\csy\Desktop\Study\Logic2024\tetris\tetris\tetris.srcs\sources_1\new\tetris_logic.v:]
WARNING: [filemgmt 56-199] Attempt to get parsing info during refresh. "On-the-fly" syntax checking information may be incorrect. [C:\Users\csy\Desktop\Study\Logic2024\tetris\tetris\tetris.srcs\sources_1\new\game.v:]
WARNING: [filemgmt 56-199] Attempt to get parsing info during refresh. "On-the-fly" syntax checking information may be incorrect. [C:\Users\csy\Desktop\Study\Logic2024\tetris\tetris\tetris.srcs\sources_1\new\top.v:]
WARNING: [filemgmt 56-199] Attempt to get parsing info during refresh. "On-the-fly" syntax checking information may be incorrect. [C:\Users\csy\Desktop\Study\Logic2024\tetris\tetris\tetris.srcs\sources_1\new\tetris_logic.v:]
WARNING: [filemgmt 56-199] Attempt to get parsing info during refresh. "On-the-fly" syntax checking information may be incorrect. [C:\Users\csy\Desktop\Study\Logic2024\tetris\tetris\tetris.srcs\sources_1\new\game.v:]
WARNING: [filemgmt 56-199] Attempt to get parsing info during refresh. "On-the-fly" syntax checking information may be incorrect. [C:\Users\csy\Desktop\Study\Logic2024\tetris\tetris\tetris.srcs\sources_1\new\top.v:]
WARNING: [filemgmt 56-199] Attempt to get parsing info during refresh. "On-the-fly" syntax checking information may be incorrect. [C:\Users\csy\Desktop\Study\Logic2024\tetris\tetris\tetris.srcs\sources_1\new\tetris_logic.v:]
WARNING: [filemgmt 56-199] Attempt to get parsing info during refresh. "On-the-fly" syntax checking information may be incorrect. [C:\Users\csy\Desktop\Study\Logic2024\tetris\tetris\tetris.srcs\sources_1\new\top.v:]
WARNING: [filemgmt 56-199] Attempt to get parsing info during refresh. "On-the-fly" syntax checking information may be incorrect. [C:\Users\csy\Desktop\Study\Logic2024\tetris\tetris\tetris.srcs\sources_1\new\tetris_logic.v:]
WARNING: [filemgmt 56-199] Attempt to get parsing info during refresh. "On-the-fly" syntax checking information may be incorrect. [C:\Users\csy\Desktop\Study\Logic2024\tetris\tetris\tetris.srcs\sources_1\new\game.v:]
WARNING: [filemgmt 56-199] Attempt to get parsing info during refresh. "On-the-fly" syntax checking information may be incorrect. [C:\Users\csy\Desktop\Study\Logic2024\tetris\tetris\tetris.srcs\sources_1\new\top.v:]
WARNING: [filemgmt 56-199] Attempt to get parsing info during refresh. "On-the-fly" syntax checking information may be incorrect. [C:\Users\csy\Desktop\Study\Logic2024\tetris\tetris\tetris.srcs\sources_1\new\tetris_logic.v:]
WARNING: [filemgmt 56-199] Attempt to get parsing info during refresh. "On-the-fly" syntax checking information may be incorrect. [C:\Users\csy\Desktop\Study\Logic2024\tetris\tetris\tetris.srcs\sources_1\new\game.v:]
WARNING: [filemgmt 56-199] Attempt to get parsing info during refresh. "On-the-fly" syntax checking information may be incorrect. [C:\Users\csy\Desktop\Study\Logic2024\tetris\tetris\tetris.srcs\sources_1\new\top.v:]
WARNING: [filemgmt 56-199] Attempt to get parsing info during refresh. "On-the-fly" syntax checking information may be incorrect. [C:\Users\csy\Desktop\Study\Logic2024\tetris\tetris\tetris.srcs\sources_1\new\tetris_logic.v:]
WARNING: [filemgmt 56-199] Attempt to get parsing info during refresh. "On-the-fly" syntax checking information may be incorrect. [C:\Users\csy\Desktop\Study\Logic2024\tetris\tetris\tetris.srcs\sources_1\new\game.v:]
WARNING: [filemgmt 56-199] Attempt to get parsing info during refresh. "On-the-fly" syntax checking information may be incorrect. [C:\Users\csy\Desktop\Study\Logic2024\tetris\tetris\tetris.srcs\sources_1\new\top.v:]
WARNING: [filemgmt 56-199] Attempt to get parsing info during refresh. "On-the-fly" syntax checking information may be incorrect. [C:\Users\csy\Desktop\Study\Logic2024\tetris\tetris\tetris.srcs\sources_1\new\tetris_logic.v:]
WARNING: [filemgmt 56-199] Attempt to get parsing info during refresh. "On-the-fly" syntax checking information may be incorrect. [C:\Users\csy\Desktop\Study\Logic2024\tetris\tetris\tetris.srcs\sources_1\new\game.v:]
WARNING: [filemgmt 56-199] Attempt to get parsing info during refresh. "On-the-fly" syntax checking information may be incorrect. [C:\Users\csy\Desktop\Study\Logic2024\tetris\tetris\tetris.srcs\sources_1\new\top.v:]
WARNING: [filemgmt 56-199] Attempt to get parsing info during refresh. "On-the-fly" syntax checking information may be incorrect. [C:\Users\csy\Desktop\Study\Logic2024\tetris\tetris\tetris.srcs\sources_1\new\tetris_logic.v:]
WARNING: [filemgmt 56-199] Attempt to get parsing info during refresh. "On-the-fly" syntax checking information may be incorrect. [C:\Users\csy\Desktop\Study\Logic2024\tetris\tetris\tetris.srcs\sources_1\new\game.v:]
ERROR: [Common 17-180] Spawn failed: No error
WARNING: [filemgmt 56-199] Attempt to get parsing info during refresh. "On-the-fly" syntax checking information may be incorrect. [C:\Users\csy\Desktop\Study\Logic2024\tetris\tetris\tetris.srcs\sources_1\new\top.v:]
WARNING: [filemgmt 56-199] Attempt to get parsing info during refresh. "On-the-fly" syntax checking information may be incorrect. [C:\Users\csy\Desktop\Study\Logic2024\tetris\tetris\tetris.srcs\sources_1\new\tetris_logic.v:]
WARNING: [filemgmt 56-199] Attempt to get parsing info during refresh. "On-the-fly" syntax checking information may be incorrect. [C:\Users\csy\Desktop\Study\Logic2024\tetris\tetris\tetris.srcs\sources_1\new\game.v:]
WARNING: [filemgmt 56-199] Attempt to get parsing info during refresh. "On-the-fly" syntax checking information may be incorrect. [C:\Users\csy\Desktop\Study\Logic2024\tetris\tetris\tetris.srcs\sources_1\new\top.v:]
WARNING: [filemgmt 56-199] Attempt to get parsing info during refresh. "On-the-fly" syntax checking information may be incorrect. [C:\Users\csy\Desktop\Study\Logic2024\tetris\tetris\tetris.srcs\sources_1\new\tetris_logic.v:]
WARNING: [filemgmt 56-199] Attempt to get parsing info during refresh. "On-the-fly" syntax checking information may be incorrect. [C:\Users\csy\Desktop\Study\Logic2024\tetris\tetris\tetris.srcs\sources_1\new\game.v:]
WARNING: [filemgmt 56-199] Attempt to get parsing info during refresh. "On-the-fly" syntax checking information may be incorrect. [C:\Users\csy\Desktop\Study\Logic2024\tetris\tetris\tetris.srcs\sources_1\new\top.v:]
WARNING: [filemgmt 56-199] Attempt to get parsing info during refresh. "On-the-fly" syntax checking information may be incorrect. [C:\Users\csy\Desktop\Study\Logic2024\tetris\tetris\tetris.srcs\sources_1\new\tetris_logic.v:]
WARNING: [filemgmt 56-199] Attempt to get parsing info during refresh. "On-the-fly" syntax checking information may be incorrect. [C:\Users\csy\Desktop\Study\Logic2024\tetris\tetris\tetris.srcs\sources_1\new\game.v:]
WARNING: [filemgmt 56-199] Attempt to get parsing info during refresh. "On-the-fly" syntax checking information may be incorrect. [C:\Users\csy\Desktop\Study\Logic2024\tetris\tetris\tetris.srcs\sources_1\new\top.v:]
WARNING: [filemgmt 56-199] Attempt to get parsing info during refresh. "On-the-fly" syntax checking information may be incorrect. [C:\Users\csy\Desktop\Study\Logic2024\tetris\tetris\tetris.srcs\sources_1\new\tetris_logic.v:]
WARNING: [filemgmt 56-199] Attempt to get parsing info during refresh. "On-the-fly" syntax checking information may be incorrect. [C:\Users\csy\Desktop\Study\Logic2024\tetris\tetris\tetris.srcs\sources_1\new\game.v:]
WARNING: [filemgmt 56-199] Attempt to get parsing info during refresh. "On-the-fly" syntax checking information may be incorrect. [C:\Users\csy\Desktop\Study\Logic2024\tetris\tetris\tetris.srcs\sources_1\new\top.v:]
WARNING: [filemgmt 56-199] Attempt to get parsing info during refresh. "On-the-fly" syntax checking information may be incorrect. [C:\Users\csy\Desktop\Study\Logic2024\tetris\tetris\tetris.srcs\sources_1\new\tetris_logic.v:]
WARNING: [filemgmt 56-199] Attempt to get parsing info during refresh. "On-the-fly" syntax checking information may be incorrect. [C:\Users\csy\Desktop\Study\Logic2024\tetris\tetris\tetris.srcs\sources_1\new\game.v:]
WARNING: [filemgmt 56-199] Attempt to get parsing info during refresh. "On-the-fly" syntax checking information may be incorrect. [C:\Users\csy\Desktop\Study\Logic2024\tetris\tetris\tetris.srcs\sources_1\new\top.v:]
WARNING: [filemgmt 56-199] Attempt to get parsing info during refresh. "On-the-fly" syntax checking information may be incorrect. [C:\Users\csy\Desktop\Study\Logic2024\tetris\tetris\tetris.srcs\sources_1\new\tetris_logic.v:]
WARNING: [filemgmt 56-199] Attempt to get parsing info during refresh. "On-the-fly" syntax checking information may be incorrect. [C:\Users\csy\Desktop\Study\Logic2024\tetris\tetris\tetris.srcs\sources_1\new\game.v:]
reset_run synth_1
INFO: [Project 1-1161] Replacing file C:/Users/csy/Desktop/Study/Logic2024/tetris/tetris/tetris.srcs/utils_1/imports/synth_1/top.dcp with file C:/Users/csy/Desktop/Study/Logic2024/tetris/tetris/tetris.runs/synth_1/top.dcp
launch_runs impl_1 -to_step write_bitstream -jobs 10
[Sat Jun  8 13:59:06 2024] Launched synth_1...
Run output will be captured here: C:/Users/csy/Desktop/Study/Logic2024/tetris/tetris/tetris.runs/synth_1/runme.log
[Sat Jun  8 13:59:06 2024] Launched impl_1...
Run output will be captured here: C:/Users/csy/Desktop/Study/Logic2024/tetris/tetris/tetris.runs/impl_1/runme.log
WARNING: [filemgmt 56-199] Attempt to get parsing info during refresh. "On-the-fly" syntax checking information may be incorrect. [C:\Users\csy\Desktop\Study\Logic2024\tetris\tetris\tetris.srcs\sources_1\new\top.v:]
WARNING: [filemgmt 56-199] Attempt to get parsing info during refresh. "On-the-fly" syntax checking information may be incorrect. [C:\Users\csy\Desktop\Study\Logic2024\tetris\tetris\tetris.srcs\sources_1\new\tetris_logic.v:]
WARNING: [filemgmt 56-199] Attempt to get parsing info during refresh. "On-the-fly" syntax checking information may be incorrect. [C:\Users\csy\Desktop\Study\Logic2024\tetris\tetris\tetris.srcs\sources_1\new\game.v:]
WARNING: [filemgmt 56-199] Attempt to get parsing info during refresh. "On-the-fly" syntax checking information may be incorrect. [C:\Users\csy\Desktop\Study\Logic2024\tetris\tetris\tetris.srcs\sources_1\new\top.v:]
WARNING: [filemgmt 56-199] Attempt to get parsing info during refresh. "On-the-fly" syntax checking information may be incorrect. [C:\Users\csy\Desktop\Study\Logic2024\tetris\tetris\tetris.srcs\sources_1\new\tetris_logic.v:]
WARNING: [filemgmt 56-199] Attempt to get parsing info during refresh. "On-the-fly" syntax checking information may be incorrect. [C:\Users\csy\Desktop\Study\Logic2024\tetris\tetris\tetris.srcs\sources_1\new\game.v:]
WARNING: [filemgmt 56-199] Attempt to get parsing info during refresh. "On-the-fly" syntax checking information may be incorrect. [C:\Users\csy\Desktop\Study\Logic2024\tetris\tetris\tetris.srcs\sources_1\new\top.v:]
WARNING: [filemgmt 56-199] Attempt to get parsing info during refresh. "On-the-fly" syntax checking information may be incorrect. [C:\Users\csy\Desktop\Study\Logic2024\tetris\tetris\tetris.srcs\sources_1\new\tetris_logic.v:]
WARNING: [filemgmt 56-199] Attempt to get parsing info during refresh. "On-the-fly" syntax checking information may be incorrect. [C:\Users\csy\Desktop\Study\Logic2024\tetris\tetris\tetris.srcs\sources_1\new\game.v:]
WARNING: [filemgmt 56-199] Attempt to get parsing info during refresh. "On-the-fly" syntax checking information may be incorrect. [C:\Users\csy\Desktop\Study\Logic2024\tetris\tetris\tetris.srcs\sources_1\new\top.v:]
WARNING: [filemgmt 56-199] Attempt to get parsing info during refresh. "On-the-fly" syntax checking information may be incorrect. [C:\Users\csy\Desktop\Study\Logic2024\tetris\tetris\tetris.srcs\sources_1\new\tetris_logic.v:]
WARNING: [filemgmt 56-199] Attempt to get parsing info during refresh. "On-the-fly" syntax checking information may be incorrect. [C:\Users\csy\Desktop\Study\Logic2024\tetris\tetris\tetris.srcs\sources_1\new\game.v:]
WARNING: [filemgmt 56-199] Attempt to get parsing info during refresh. "On-the-fly" syntax checking information may be incorrect. [C:\Users\csy\Desktop\Study\Logic2024\tetris\tetris\tetris.srcs\sources_1\new\top.v:]
WARNING: [filemgmt 56-199] Attempt to get parsing info during refresh. "On-the-fly" syntax checking information may be incorrect. [C:\Users\csy\Desktop\Study\Logic2024\tetris\tetris\tetris.srcs\sources_1\new\tetris_logic.v:]
WARNING: [filemgmt 56-199] Attempt to get parsing info during refresh. "On-the-fly" syntax checking information may be incorrect. [C:\Users\csy\Desktop\Study\Logic2024\tetris\tetris\tetris.srcs\sources_1\new\game.v:]
WARNING: [filemgmt 56-199] Attempt to get parsing info during refresh. "On-the-fly" syntax checking information may be incorrect. [C:\Users\csy\Desktop\Study\Logic2024\tetris\tetris\tetris.srcs\sources_1\new\top.v:]
reset_run synth_1
launch_runs impl_1 -to_step write_bitstream -jobs 10
[Sat Jun  8 14:01:06 2024] Launched synth_1...
Run output will be captured here: C:/Users/csy/Desktop/Study/Logic2024/tetris/tetris/tetris.runs/synth_1/runme.log
[Sat Jun  8 14:01:06 2024] Launched impl_1...
Run output will be captured here: C:/Users/csy/Desktop/Study/Logic2024/tetris/tetris/tetris.runs/impl_1/runme.log
WARNING: [filemgmt 56-199] Attempt to get parsing info during refresh. "On-the-fly" syntax checking information may be incorrect. [C:\Users\csy\Desktop\Study\Logic2024\tetris\tetris\tetris.srcs\sources_1\new\top.v:]
WARNING: [filemgmt 56-199] Attempt to get parsing info during refresh. "On-the-fly" syntax checking information may be incorrect. [C:\Users\csy\Desktop\Study\Logic2024\tetris\tetris\tetris.srcs\sources_1\new\tetris_logic.v:]
WARNING: [filemgmt 56-199] Attempt to get parsing info during refresh. "On-the-fly" syntax checking information may be incorrect. [C:\Users\csy\Desktop\Study\Logic2024\tetris\tetris\tetris.srcs\sources_1\new\game.v:]
WARNING: [filemgmt 56-199] Attempt to get parsing info during refresh. "On-the-fly" syntax checking information may be incorrect. [C:\Users\csy\Desktop\Study\Logic2024\tetris\tetris\tetris.srcs\sources_1\new\top.v:]
WARNING: [filemgmt 56-199] Attempt to get parsing info during refresh. "On-the-fly" syntax checking information may be incorrect. [C:\Users\csy\Desktop\Study\Logic2024\tetris\tetris\tetris.srcs\sources_1\new\tetris_logic.v:]
WARNING: [filemgmt 56-199] Attempt to get parsing info during refresh. "On-the-fly" syntax checking information may be incorrect. [C:\Users\csy\Desktop\Study\Logic2024\tetris\tetris\tetris.srcs\sources_1\new\game.v:]
WARNING: [filemgmt 56-199] Attempt to get parsing info during refresh. "On-the-fly" syntax checking information may be incorrect. [C:\Users\csy\Desktop\Study\Logic2024\tetris\tetris\tetris.srcs\sources_1\new\top.v:]
WARNING: [filemgmt 56-199] Attempt to get parsing info during refresh. "On-the-fly" syntax checking information may be incorrect. [C:\Users\csy\Desktop\Study\Logic2024\tetris\tetris\tetris.srcs\sources_1\new\tetris_logic.v:]
WARNING: [filemgmt 56-199] Attempt to get parsing info during refresh. "On-the-fly" syntax checking information may be incorrect. [C:\Users\csy\Desktop\Study\Logic2024\tetris\tetris\tetris.srcs\sources_1\new\game.v:]
WARNING: [filemgmt 56-199] Attempt to get parsing info during refresh. "On-the-fly" syntax checking information may be incorrect. [C:\Users\csy\Desktop\Study\Logic2024\tetris\tetris\tetris.srcs\sources_1\new\top.v:]
WARNING: [filemgmt 56-199] Attempt to get parsing info during refresh. "On-the-fly" syntax checking information may be incorrect. [C:\Users\csy\Desktop\Study\Logic2024\tetris\tetris\tetris.srcs\sources_1\new\tetris_logic.v:]
WARNING: [filemgmt 56-199] Attempt to get parsing info during refresh. "On-the-fly" syntax checking information may be incorrect. [C:\Users\csy\Desktop\Study\Logic2024\tetris\tetris\tetris.srcs\sources_1\new\game.v:]
WARNING: [filemgmt 56-199] Attempt to get parsing info during refresh. "On-the-fly" syntax checking information may be incorrect. [C:\Users\csy\Desktop\Study\Logic2024\tetris\tetris\tetris.srcs\sources_1\new\top.v:]
WARNING: [filemgmt 56-199] Attempt to get parsing info during refresh. "On-the-fly" syntax checking information may be incorrect. [C:\Users\csy\Desktop\Study\Logic2024\tetris\tetris\tetris.srcs\sources_1\new\tetris_logic.v:]
WARNING: [filemgmt 56-199] Attempt to get parsing info during refresh. "On-the-fly" syntax checking information may be incorrect. [C:\Users\csy\Desktop\Study\Logic2024\tetris\tetris\tetris.srcs\sources_1\new\game.v:]
WARNING: [filemgmt 56-199] Attempt to get parsing info during refresh. "On-the-fly" syntax checking information may be incorrect. [C:\Users\csy\Desktop\Study\Logic2024\tetris\tetris\tetris.srcs\sources_1\new\top.v:]
WARNING: [filemgmt 56-199] Attempt to get parsing info during refresh. "On-the-fly" syntax checking information may be incorrect. [C:\Users\csy\Desktop\Study\Logic2024\tetris\tetris\tetris.srcs\sources_1\new\tetris_logic.v:]
WARNING: [filemgmt 56-199] Attempt to get parsing info during refresh. "On-the-fly" syntax checking information may be incorrect. [C:\Users\csy\Desktop\Study\Logic2024\tetris\tetris\tetris.srcs\sources_1\new\game.v:]
WARNING: [filemgmt 56-199] Attempt to get parsing info during refresh. "On-the-fly" syntax checking information may be incorrect. [C:\Users\csy\Desktop\Study\Logic2024\tetris\tetris\tetris.srcs\sources_1\new\top.v:]
WARNING: [filemgmt 56-199] Attempt to get parsing info during refresh. "On-the-fly" syntax checking information may be incorrect. [C:\Users\csy\Desktop\Study\Logic2024\tetris\tetris\tetris.srcs\sources_1\new\tetris_logic.v:]
WARNING: [filemgmt 56-199] Attempt to get parsing info during refresh. "On-the-fly" syntax checking information may be incorrect. [C:\Users\csy\Desktop\Study\Logic2024\tetris\tetris\tetris.srcs\sources_1\new\game.v:]
WARNING: [filemgmt 56-199] Attempt to get parsing info during refresh. "On-the-fly" syntax checking information may be incorrect. [C:\Users\csy\Desktop\Study\Logic2024\tetris\tetris\tetris.srcs\sources_1\new\top.v:]
WARNING: [filemgmt 56-199] Attempt to get parsing info during refresh. "On-the-fly" syntax checking information may be incorrect. [C:\Users\csy\Desktop\Study\Logic2024\tetris\tetris\tetris.srcs\sources_1\new\tetris_logic.v:]
WARNING: [filemgmt 56-199] Attempt to get parsing info during refresh. "On-the-fly" syntax checking information may be incorrect. [C:\Users\csy\Desktop\Study\Logic2024\tetris\tetris\tetris.srcs\sources_1\new\game.v:]
WARNING: [filemgmt 56-199] Attempt to get parsing info during refresh. "On-the-fly" syntax checking information may be incorrect. [C:\Users\csy\Desktop\Study\Logic2024\tetris\tetris\tetris.srcs\sources_1\new\top.v:]
WARNING: [filemgmt 56-199] Attempt to get parsing info during refresh. "On-the-fly" syntax checking information may be incorrect. [C:\Users\csy\Desktop\Study\Logic2024\tetris\tetris\tetris.srcs\sources_1\new\tetris_logic.v:]
WARNING: [filemgmt 56-199] Attempt to get parsing info during refresh. "On-the-fly" syntax checking information may be incorrect. [C:\Users\csy\Desktop\Study\Logic2024\tetris\tetris\tetris.srcs\sources_1\new\game.v:]
WARNING: [filemgmt 56-199] Attempt to get parsing info during refresh. "On-the-fly" syntax checking information may be incorrect. [C:\Users\csy\Desktop\Study\Logic2024\tetris\tetris\tetris.srcs\sources_1\new\top.v:]
WARNING: [filemgmt 56-199] Attempt to get parsing info during refresh. "On-the-fly" syntax checking information may be incorrect. [C:\Users\csy\Desktop\Study\Logic2024\tetris\tetris\tetris.srcs\sources_1\new\tetris_logic.v:]
WARNING: [filemgmt 56-199] Attempt to get parsing info during refresh. "On-the-fly" syntax checking information may be incorrect. [C:\Users\csy\Desktop\Study\Logic2024\tetris\tetris\tetris.srcs\sources_1\new\game.v:]
WARNING: [filemgmt 56-199] Attempt to get parsing info during refresh. "On-the-fly" syntax checking information may be incorrect. [C:\Users\csy\Desktop\Study\Logic2024\tetris\tetris\tetris.srcs\sources_1\new\top.v:]
WARNING: [filemgmt 56-199] Attempt to get parsing info during refresh. "On-the-fly" syntax checking information may be incorrect. [C:\Users\csy\Desktop\Study\Logic2024\tetris\tetris\tetris.srcs\sources_1\new\top.v:]
WARNING: [filemgmt 56-199] Attempt to get parsing info during refresh. "On-the-fly" syntax checking information may be incorrect. [C:\Users\csy\Desktop\Study\Logic2024\tetris\tetris\tetris.srcs\sources_1\new\tetris_logic.v:]
WARNING: [filemgmt 56-199] Attempt to get parsing info during refresh. "On-the-fly" syntax checking information may be incorrect. [C:\Users\csy\Desktop\Study\Logic2024\tetris\tetris\tetris.srcs\sources_1\new\game.v:]
WARNING: [filemgmt 56-199] Attempt to get parsing info during refresh. "On-the-fly" syntax checking information may be incorrect. [C:\Users\csy\Desktop\Study\Logic2024\tetris\tetris\tetris.srcs\sources_1\new\top.v:]
reset_run synth_1
launch_runs impl_1 -to_step write_bitstream -jobs 10
[Sat Jun  8 14:07:33 2024] Launched synth_1...
Run output will be captured here: C:/Users/csy/Desktop/Study/Logic2024/tetris/tetris/tetris.runs/synth_1/runme.log
[Sat Jun  8 14:07:33 2024] Launched impl_1...
Run output will be captured here: C:/Users/csy/Desktop/Study/Logic2024/tetris/tetris/tetris.runs/impl_1/runme.log
set_property PROBES.FILE {} [get_hw_devices xc7k160t_0]
set_property FULL_PROBES.FILE {} [get_hw_devices xc7k160t_0]
set_property PROGRAM.FILE {C:/Users/csy/Desktop/Study/Logic2024/tetris/tetris/tetris.runs/impl_1/top.bit} [get_hw_devices xc7k160t_0]
program_hw_devices [get_hw_devices xc7k160t_0]
INFO: [Labtools 27-3164] End of startup status: HIGH
program_hw_devices: Time (s): cpu = 00:00:04 ; elapsed = 00:00:06 . Memory (MB): peak = 1742.797 ; gain = 0.000
refresh_hw_device [lindex [get_hw_devices xc7k160t_0] 0]
INFO: [Labtools 27-1434] Device xc7k160t (JTAG device index = 0) is programmed with a design that has no supported debug core(s) in it.
WARNING: [filemgmt 56-199] Attempt to get parsing info during refresh. "On-the-fly" syntax checking information may be incorrect. [C:\Users\csy\Desktop\Study\Logic2024\tetris\tetris\tetris.srcs\sources_1\new\top.v:]
WARNING: [filemgmt 56-199] Attempt to get parsing info during refresh. "On-the-fly" syntax checking information may be incorrect. [C:\Users\csy\Desktop\Study\Logic2024\tetris\tetris\tetris.srcs\sources_1\new\tetris_logic.v:]
WARNING: [filemgmt 56-199] Attempt to get parsing info during refresh. "On-the-fly" syntax checking information may be incorrect. [C:\Users\csy\Desktop\Study\Logic2024\tetris\tetris\tetris.srcs\sources_1\new\game.v:]
ERROR: [Common 17-180] Spawn failed: No error
WARNING: [filemgmt 56-199] Attempt to get parsing info during refresh. "On-the-fly" syntax checking information may be incorrect. [C:\Users\csy\Desktop\Study\Logic2024\tetris\tetris\tetris.srcs\sources_1\new\top.v:]
WARNING: [filemgmt 56-199] Attempt to get parsing info during refresh. "On-the-fly" syntax checking information may be incorrect. [C:\Users\csy\Desktop\Study\Logic2024\tetris\tetris\tetris.srcs\sources_1\new\tetris_logic.v:]
WARNING: [filemgmt 56-199] Attempt to get parsing info during refresh. "On-the-fly" syntax checking information may be incorrect. [C:\Users\csy\Desktop\Study\Logic2024\tetris\tetris\tetris.srcs\sources_1\new\game.v:]
WARNING: [filemgmt 56-199] Attempt to get parsing info during refresh. "On-the-fly" syntax checking information may be incorrect. [C:\Users\csy\Desktop\Study\Logic2024\tetris\tetris\tetris.srcs\sources_1\new\top.v:]
WARNING: [filemgmt 56-199] Attempt to get parsing info during refresh. "On-the-fly" syntax checking information may be incorrect. [C:\Users\csy\Desktop\Study\Logic2024\tetris\tetris\tetris.srcs\sources_1\new\tetris_logic.v:]
WARNING: [filemgmt 56-199] Attempt to get parsing info during refresh. "On-the-fly" syntax checking information may be incorrect. [C:\Users\csy\Desktop\Study\Logic2024\tetris\tetris\tetris.srcs\sources_1\new\game.v:]
WARNING: [filemgmt 56-199] Attempt to get parsing info during refresh. "On-the-fly" syntax checking information may be incorrect. [C:\Users\csy\Desktop\Study\Logic2024\tetris\tetris\tetris.srcs\sources_1\new\top.v:]
WARNING: [filemgmt 56-199] Attempt to get parsing info during refresh. "On-the-fly" syntax checking information may be incorrect. [C:\Users\csy\Desktop\Study\Logic2024\tetris\tetris\tetris.srcs\sources_1\new\tetris_logic.v:]
WARNING: [filemgmt 56-199] Attempt to get parsing info during refresh. "On-the-fly" syntax checking information may be incorrect. [C:\Users\csy\Desktop\Study\Logic2024\tetris\tetris\tetris.srcs\sources_1\new\game.v:]
ERROR: [Common 17-180] Spawn failed: No error
WARNING: [filemgmt 56-199] Attempt to get parsing info during refresh. "On-the-fly" syntax checking information may be incorrect. [C:\Users\csy\Desktop\Study\Logic2024\tetris\tetris\tetris.srcs\sources_1\new\top.v:]
WARNING: [filemgmt 56-199] Attempt to get parsing info during refresh. "On-the-fly" syntax checking information may be incorrect. [C:\Users\csy\Desktop\Study\Logic2024\tetris\tetris\tetris.srcs\sources_1\new\tetris_logic.v:]
WARNING: [filemgmt 56-199] Attempt to get parsing info during refresh. "On-the-fly" syntax checking information may be incorrect. [C:\Users\csy\Desktop\Study\Logic2024\tetris\tetris\tetris.srcs\sources_1\new\game.v:]
reset_run synth_1
INFO: [Project 1-1161] Replacing file C:/Users/csy/Desktop/Study/Logic2024/tetris/tetris/tetris.srcs/utils_1/imports/synth_1/top.dcp with file C:/Users/csy/Desktop/Study/Logic2024/tetris/tetris/tetris.runs/synth_1/top.dcp
launch_runs impl_1 -to_step write_bitstream -jobs 10
[Sat Jun  8 14:12:22 2024] Launched synth_1...
Run output will be captured here: C:/Users/csy/Desktop/Study/Logic2024/tetris/tetris/tetris.runs/synth_1/runme.log
[Sat Jun  8 14:12:22 2024] Launched impl_1...
Run output will be captured here: C:/Users/csy/Desktop/Study/Logic2024/tetris/tetris/tetris.runs/impl_1/runme.log
WARNING: [filemgmt 56-199] Attempt to get parsing info during refresh. "On-the-fly" syntax checking information may be incorrect. [C:\Users\csy\Desktop\Study\Logic2024\tetris\tetris\tetris.srcs\sources_1\new\top.v:]
WARNING: [filemgmt 56-199] Attempt to get parsing info during refresh. "On-the-fly" syntax checking information may be incorrect. [C:\Users\csy\Desktop\Study\Logic2024\tetris\tetris\tetris.srcs\sources_1\new\tetris_logic.v:]
WARNING: [filemgmt 56-199] Attempt to get parsing info during refresh. "On-the-fly" syntax checking information may be incorrect. [C:\Users\csy\Desktop\Study\Logic2024\tetris\tetris\tetris.srcs\sources_1\new\game.v:]
set_property PROBES.FILE {} [get_hw_devices xc7k160t_0]
set_property FULL_PROBES.FILE {} [get_hw_devices xc7k160t_0]
set_property PROGRAM.FILE {C:/Users/csy/Desktop/Study/Logic2024/tetris/tetris/tetris.runs/impl_1/top.bit} [get_hw_devices xc7k160t_0]
program_hw_devices [get_hw_devices xc7k160t_0]
INFO: [Labtools 27-3164] End of startup status: HIGH
program_hw_devices: Time (s): cpu = 00:00:04 ; elapsed = 00:00:06 . Memory (MB): peak = 1742.797 ; gain = 0.000
refresh_hw_device [lindex [get_hw_devices xc7k160t_0] 0]
INFO: [Labtools 27-1434] Device xc7k160t (JTAG device index = 0) is programmed with a design that has no supported debug core(s) in it.
WARNING: [filemgmt 56-199] Attempt to get parsing info during refresh. "On-the-fly" syntax checking information may be incorrect. [C:\Users\csy\Desktop\Study\Logic2024\tetris\tetris\tetris.srcs\sources_1\new\top.v:]
WARNING: [filemgmt 56-199] Attempt to get parsing info during refresh. "On-the-fly" syntax checking information may be incorrect. [C:\Users\csy\Desktop\Study\Logic2024\tetris\tetris\tetris.srcs\sources_1\new\tetris_logic.v:]
WARNING: [filemgmt 56-199] Attempt to get parsing info during refresh. "On-the-fly" syntax checking information may be incorrect. [C:\Users\csy\Desktop\Study\Logic2024\tetris\tetris\tetris.srcs\sources_1\new\game.v:]
reset_run synth_1
INFO: [Project 1-1161] Replacing file C:/Users/csy/Desktop/Study/Logic2024/tetris/tetris/tetris.srcs/utils_1/imports/synth_1/top.dcp with file C:/Users/csy/Desktop/Study/Logic2024/tetris/tetris/tetris.runs/synth_1/top.dcp
launch_runs impl_1 -to_step write_bitstream -jobs 10
[Sat Jun  8 14:18:54 2024] Launched synth_1...
Run output will be captured here: C:/Users/csy/Desktop/Study/Logic2024/tetris/tetris/tetris.runs/synth_1/runme.log
[Sat Jun  8 14:18:54 2024] Launched impl_1...
Run output will be captured here: C:/Users/csy/Desktop/Study/Logic2024/tetris/tetris/tetris.runs/impl_1/runme.log
WARNING: [filemgmt 56-199] Attempt to get parsing info during refresh. "On-the-fly" syntax checking information may be incorrect. [C:\Users\csy\Desktop\Study\Logic2024\tetris\tetris\tetris.srcs\sources_1\new\top.v:]
WARNING: [filemgmt 56-199] Attempt to get parsing info during refresh. "On-the-fly" syntax checking information may be incorrect. [C:\Users\csy\Desktop\Study\Logic2024\tetris\tetris\tetris.srcs\sources_1\new\tetris_logic.v:]
WARNING: [filemgmt 56-199] Attempt to get parsing info during refresh. "On-the-fly" syntax checking information may be incorrect. [C:\Users\csy\Desktop\Study\Logic2024\tetris\tetris\tetris.srcs\sources_1\new\game.v:]
ERROR: [Common 17-180] Spawn failed: No error
WARNING: [filemgmt 56-199] Attempt to get parsing info during refresh. "On-the-fly" syntax checking information may be incorrect. [C:\Users\csy\Desktop\Study\Logic2024\tetris\tetris\tetris.srcs\sources_1\new\top.v:]
WARNING: [filemgmt 56-199] Attempt to get parsing info during refresh. "On-the-fly" syntax checking information may be incorrect. [C:\Users\csy\Desktop\Study\Logic2024\tetris\tetris\tetris.srcs\sources_1\new\tetris_logic.v:]
WARNING: [filemgmt 56-199] Attempt to get parsing info during refresh. "On-the-fly" syntax checking information may be incorrect. [C:\Users\csy\Desktop\Study\Logic2024\tetris\tetris\tetris.srcs\sources_1\new\game.v:]
ERROR: [Common 17-180] Spawn failed: No error
WARNING: [filemgmt 56-199] Attempt to get parsing info during refresh. "On-the-fly" syntax checking information may be incorrect. [C:\Users\csy\Desktop\Study\Logic2024\tetris\tetris\tetris.srcs\sources_1\new\top.v:]
WARNING: [filemgmt 56-199] Attempt to get parsing info during refresh. "On-the-fly" syntax checking information may be incorrect. [C:\Users\csy\Desktop\Study\Logic2024\tetris\tetris\tetris.srcs\sources_1\new\tetris_logic.v:]
WARNING: [filemgmt 56-199] Attempt to get parsing info during refresh. "On-the-fly" syntax checking information may be incorrect. [C:\Users\csy\Desktop\Study\Logic2024\tetris\tetris\tetris.srcs\sources_1\new\game.v:]
WARNING: [filemgmt 56-199] Attempt to get parsing info during refresh. "On-the-fly" syntax checking information may be incorrect. [C:\Users\csy\Desktop\Study\Logic2024\tetris\tetris\tetris.srcs\sources_1\new\top.v:]
WARNING: [filemgmt 56-199] Attempt to get parsing info during refresh. "On-the-fly" syntax checking information may be incorrect. [C:\Users\csy\Desktop\Study\Logic2024\tetris\tetris\tetris.srcs\sources_1\new\tetris_logic.v:]
WARNING: [filemgmt 56-199] Attempt to get parsing info during refresh. "On-the-fly" syntax checking information may be incorrect. [C:\Users\csy\Desktop\Study\Logic2024\tetris\tetris\tetris.srcs\sources_1\new\game.v:]
WARNING: [filemgmt 56-199] Attempt to get parsing info during refresh. "On-the-fly" syntax checking information may be incorrect. [C:\Users\csy\Desktop\Study\Logic2024\tetris\tetris\tetris.srcs\sources_1\new\top.v:]
WARNING: [filemgmt 56-199] Attempt to get parsing info during refresh. "On-the-fly" syntax checking information may be incorrect. [C:\Users\csy\Desktop\Study\Logic2024\tetris\tetris\tetris.srcs\sources_1\new\tetris_logic.v:]
WARNING: [filemgmt 56-199] Attempt to get parsing info during refresh. "On-the-fly" syntax checking information may be incorrect. [C:\Users\csy\Desktop\Study\Logic2024\tetris\tetris\tetris.srcs\sources_1\new\game.v:]
WARNING: [filemgmt 56-199] Attempt to get parsing info during refresh. "On-the-fly" syntax checking information may be incorrect. [C:\Users\csy\Desktop\Study\Logic2024\tetris\tetris\tetris.srcs\sources_1\new\top.v:]
WARNING: [filemgmt 56-199] Attempt to get parsing info during refresh. "On-the-fly" syntax checking information may be incorrect. [C:\Users\csy\Desktop\Study\Logic2024\tetris\tetris\tetris.srcs\sources_1\new\tetris_logic.v:]
WARNING: [filemgmt 56-199] Attempt to get parsing info during refresh. "On-the-fly" syntax checking information may be incorrect. [C:\Users\csy\Desktop\Study\Logic2024\tetris\tetris\tetris.srcs\sources_1\new\game.v:]
WARNING: [filemgmt 56-199] Attempt to get parsing info during refresh. "On-the-fly" syntax checking information may be incorrect. [C:\Users\csy\Desktop\Study\Logic2024\tetris\tetris\tetris.srcs\sources_1\new\top.v:]
WARNING: [filemgmt 56-199] Attempt to get parsing info during refresh. "On-the-fly" syntax checking information may be incorrect. [C:\Users\csy\Desktop\Study\Logic2024\tetris\tetris\tetris.srcs\sources_1\new\tetris_logic.v:]
WARNING: [filemgmt 56-199] Attempt to get parsing info during refresh. "On-the-fly" syntax checking information may be incorrect. [C:\Users\csy\Desktop\Study\Logic2024\tetris\tetris\tetris.srcs\sources_1\new\game.v:]
WARNING: [filemgmt 56-199] Attempt to get parsing info during refresh. "On-the-fly" syntax checking information may be incorrect. [C:\Users\csy\Desktop\Study\Logic2024\tetris\tetris\tetris.srcs\sources_1\new\top.v:]
set_property PROBES.FILE {} [get_hw_devices xc7k160t_0]
set_property FULL_PROBES.FILE {} [get_hw_devices xc7k160t_0]
set_property PROGRAM.FILE {C:/Users/csy/Desktop/Study/Logic2024/tetris/tetris/tetris.runs/impl_1/top.bit} [get_hw_devices xc7k160t_0]
program_hw_devices [get_hw_devices xc7k160t_0]
INFO: [Labtools 27-3164] End of startup status: HIGH
program_hw_devices: Time (s): cpu = 00:00:04 ; elapsed = 00:00:06 . Memory (MB): peak = 1766.070 ; gain = 0.000
refresh_hw_device [lindex [get_hw_devices xc7k160t_0] 0]
INFO: [Labtools 27-1434] Device xc7k160t (JTAG device index = 0) is programmed with a design that has no supported debug core(s) in it.
WARNING: [filemgmt 56-199] Attempt to get parsing info during refresh. "On-the-fly" syntax checking information may be incorrect. [C:\Users\csy\Desktop\Study\Logic2024\tetris\tetris\tetris.srcs\sources_1\new\top.v:]
WARNING: [filemgmt 56-199] Attempt to get parsing info during refresh. "On-the-fly" syntax checking information may be incorrect. [C:\Users\csy\Desktop\Study\Logic2024\tetris\tetris\tetris.srcs\sources_1\new\tetris_logic.v:]
WARNING: [filemgmt 56-199] Attempt to get parsing info during refresh. "On-the-fly" syntax checking information may be incorrect. [C:\Users\csy\Desktop\Study\Logic2024\tetris\tetris\tetris.srcs\sources_1\new\game.v:]
WARNING: [filemgmt 56-199] Attempt to get parsing info during refresh. "On-the-fly" syntax checking information may be incorrect. [C:\Users\csy\Desktop\Study\Logic2024\tetris\tetris\tetris.srcs\sources_1\new\top.v:]
WARNING: [filemgmt 56-199] Attempt to get parsing info during refresh. "On-the-fly" syntax checking information may be incorrect. [C:\Users\csy\Desktop\Study\Logic2024\tetris\tetris\tetris.srcs\sources_1\new\tetris_logic.v:]
WARNING: [filemgmt 56-199] Attempt to get parsing info during refresh. "On-the-fly" syntax checking information may be incorrect. [C:\Users\csy\Desktop\Study\Logic2024\tetris\tetris\tetris.srcs\sources_1\new\game.v:]
WARNING: [filemgmt 56-199] Attempt to get parsing info during refresh. "On-the-fly" syntax checking information may be incorrect. [C:\Users\csy\Desktop\Study\Logic2024\tetris\tetris\tetris.srcs\sources_1\new\top.v:]
WARNING: [filemgmt 56-199] Attempt to get parsing info during refresh. "On-the-fly" syntax checking information may be incorrect. [C:\Users\csy\Desktop\Study\Logic2024\tetris\tetris\tetris.srcs\sources_1\new\top.v:]
WARNING: [filemgmt 56-199] Attempt to get parsing info during refresh. "On-the-fly" syntax checking information may be incorrect. [C:\Users\csy\Desktop\Study\Logic2024\tetris\tetris\tetris.srcs\sources_1\new\tetris_logic.v:]
WARNING: [filemgmt 56-199] Attempt to get parsing info during refresh. "On-the-fly" syntax checking information may be incorrect. [C:\Users\csy\Desktop\Study\Logic2024\tetris\tetris\tetris.srcs\sources_1\new\game.v:]
WARNING: [filemgmt 56-199] Attempt to get parsing info during refresh. "On-the-fly" syntax checking information may be incorrect. [C:\Users\csy\Desktop\Study\Logic2024\tetris\tetris\tetris.srcs\sources_1\new\top.v:]
WARNING: [filemgmt 56-199] Attempt to get parsing info during refresh. "On-the-fly" syntax checking information may be incorrect. [C:\Users\csy\Desktop\Study\Logic2024\tetris\tetris\tetris.srcs\sources_1\new\top.v:]
WARNING: [filemgmt 56-199] Attempt to get parsing info during refresh. "On-the-fly" syntax checking information may be incorrect. [C:\Users\csy\Desktop\Study\Logic2024\tetris\tetris\tetris.srcs\sources_1\new\tetris_logic.v:]
WARNING: [filemgmt 56-199] Attempt to get parsing info during refresh. "On-the-fly" syntax checking information may be incorrect. [C:\Users\csy\Desktop\Study\Logic2024\tetris\tetris\tetris.srcs\sources_1\new\game.v:]
WARNING: [filemgmt 56-199] Attempt to get parsing info during refresh. "On-the-fly" syntax checking information may be incorrect. [C:\Users\csy\Desktop\Study\Logic2024\tetris\tetris\tetris.srcs\sources_1\new\top.v:]
WARNING: [filemgmt 56-199] Attempt to get parsing info during refresh. "On-the-fly" syntax checking information may be incorrect. [C:\Users\csy\Desktop\Study\Logic2024\tetris\tetris\tetris.srcs\sources_1\new\tetris_logic.v:]
WARNING: [filemgmt 56-199] Attempt to get parsing info during refresh. "On-the-fly" syntax checking information may be incorrect. [C:\Users\csy\Desktop\Study\Logic2024\tetris\tetris\tetris.srcs\sources_1\new\game.v:]
reset_run synth_1
INFO: [Project 1-1161] Replacing file C:/Users/csy/Desktop/Study/Logic2024/tetris/tetris/tetris.srcs/utils_1/imports/synth_1/top.dcp with file C:/Users/csy/Desktop/Study/Logic2024/tetris/tetris/tetris.runs/synth_1/top.dcp
launch_runs impl_1 -to_step write_bitstream -jobs 10
[Sat Jun  8 14:37:44 2024] Launched synth_1...
Run output will be captured here: C:/Users/csy/Desktop/Study/Logic2024/tetris/tetris/tetris.runs/synth_1/runme.log
[Sat Jun  8 14:37:44 2024] Launched impl_1...
Run output will be captured here: C:/Users/csy/Desktop/Study/Logic2024/tetris/tetris/tetris.runs/impl_1/runme.log
set_property PROBES.FILE {} [get_hw_devices xc7k160t_0]
set_property FULL_PROBES.FILE {} [get_hw_devices xc7k160t_0]
set_property PROGRAM.FILE {C:/Users/csy/Desktop/Study/Logic2024/tetris/tetris/tetris.runs/impl_1/top.bit} [get_hw_devices xc7k160t_0]
program_hw_devices [get_hw_devices xc7k160t_0]
INFO: [Labtools 27-3164] End of startup status: HIGH
program_hw_devices: Time (s): cpu = 00:00:04 ; elapsed = 00:00:06 . Memory (MB): peak = 1766.070 ; gain = 0.000
refresh_hw_device [lindex [get_hw_devices xc7k160t_0] 0]
INFO: [Labtools 27-1434] Device xc7k160t (JTAG device index = 0) is programmed with a design that has no supported debug core(s) in it.
set_property PROBES.FILE {} [get_hw_devices xc7k160t_0]
set_property FULL_PROBES.FILE {} [get_hw_devices xc7k160t_0]
set_property PROGRAM.FILE {C:/Users/csy/Desktop/Study/Logic2024/tetris/tetris/tetris.runs/impl_1/top.bit} [get_hw_devices xc7k160t_0]
program_hw_devices [get_hw_devices xc7k160t_0]
INFO: [Labtools 27-3164] End of startup status: HIGH
program_hw_devices: Time (s): cpu = 00:00:05 ; elapsed = 00:00:06 . Memory (MB): peak = 1770.125 ; gain = 0.000
refresh_hw_device [lindex [get_hw_devices xc7k160t_0] 0]
INFO: [Labtools 27-1434] Device xc7k160t (JTAG device index = 0) is programmed with a design that has no supported debug core(s) in it.
exit
INFO: [Common 17-206] Exiting Vivado at Sat Jun  8 14:56:19 2024...
