#-----------------------------------------------------------
# Vivado v2023.2 (64-bit)
# SW Build 4029153 on Fri Oct 13 20:14:34 MDT 2023
# IP Build 4028589 on Sat Oct 14 00:45:43 MDT 2023
# SharedData Build 4025554 on Tue Oct 10 17:18:54 MDT 2023
# Start of session at: Thu Jun  6 17:11:16 2024
# Process ID: 30016
# Current directory: C:/Users/csy/Desktop/Study/Logic2024/tetris/tetris
# Command line: vivado.exe -gui_launcher_event rodinguilauncherevent20740 C:\Users\csy\Desktop\Study\Logic2024\tetris\tetris\tetris.xpr
# Log file: C:/Users/csy/Desktop/Study/Logic2024/tetris/tetris/vivado.log
# Journal file: C:/Users/csy/Desktop/Study/Logic2024/tetris/tetris\vivado.jou
# Running On: LAPTOP-LCA5B7K9, OS: Windows, CPU Frequency: 2688 MHz, CPU Physical cores: 14, Host memory: 14710 MB
#-----------------------------------------------------------
start_gui
open_project C:/Users/csy/Desktop/Study/Logic2024/tetris/tetris/tetris.xpr
WARNING: [Board 49-26] cannot add Board Part xilinx.com:vek280_es:part0:1.0 available at D:/xilinx/Vivado/2023.2/data/xhub/boards/XilinxBoardStore/boards/Xilinx/vek280/es/rev_a/1.0/board.xml as part xcve2802-vsvh1760-2lp-e-s-es1 specified in board_part file is either invalid or not available
WARNING: [Board 49-26] cannot add Board Part xilinx.com:vek280_es:part0:1.1 available at D:/xilinx/Vivado/2023.2/data/xhub/boards/XilinxBoardStore/boards/Xilinx/vek280/es/rev_a/1.1/board.xml as part xcve2802-vsvh1760-2lp-e-s-es1 specified in board_part file is either invalid or not available
WARNING: [Board 49-26] cannot add Board Part xilinx.com:vek280_es_revb:part0:1.0 available at D:/xilinx/Vivado/2023.2/data/xhub/boards/XilinxBoardStore/boards/Xilinx/vek280/es/rev_b/1.0/board.xml as part xcve2802-vsvh1760-2mp-e-s-es1 specified in board_part file is either invalid or not available
WARNING: [Board 49-26] cannot add Board Part xilinx.com:vek280_es_revb:part0:1.1 available at D:/xilinx/Vivado/2023.2/data/xhub/boards/XilinxBoardStore/boards/Xilinx/vek280/es/rev_b/1.1/board.xml as part xcve2802-vsvh1760-2mp-e-s-es1 specified in board_part file is either invalid or not available
WARNING: [Board 49-26] cannot add Board Part xilinx.com:vhk158_es:part0:1.0 available at D:/xilinx/Vivado/2023.2/data/xhub/boards/XilinxBoardStore/boards/Xilinx/vhk158/es/1.0/board.xml as part xcvh1582-vsva3697-2mp-e-s-es1 specified in board_part file is either invalid or not available
WARNING: [Board 49-26] cannot add Board Part xilinx.com:vhk158_es:part0:1.1 available at D:/xilinx/Vivado/2023.2/data/xhub/boards/XilinxBoardStore/boards/Xilinx/vhk158/es/1.1/board.xml as part xcvh1582-vsva3697-2mp-e-s-es1 specified in board_part file is either invalid or not available
WARNING: [Board 49-26] cannot add Board Part xilinx.com:zcu208ld:part0:2.0 available at D:/xilinx/Vivado/2023.2/data/xhub/boards/XilinxBoardStore/boards/Xilinx/zcu208ld/production/2.0/board.xml as part xczu58dr-fsvg1517-2-i specified in board_part file is either invalid or not available
WARNING: [Board 49-26] cannot add Board Part xilinx.com:zcu216ld:part0:2.0 available at D:/xilinx/Vivado/2023.2/data/xhub/boards/XilinxBoardStore/boards/Xilinx/zcu216ld/production/2.0/board.xml as part xczu59dr-ffvf1760-2-i specified in board_part file is either invalid or not available
WARNING: [Board 49-26] cannot add Board Part xilinx.com:zcu670:part0:2.0 available at D:/xilinx/Vivado/2023.2/data/xhub/boards/XilinxBoardStore/boards/Xilinx/zcu670/2.0/board.xml as part xczu67dr-fsve1156-2-i specified in board_part file is either invalid or not available
WARNING: [Board 49-26] cannot add Board Part xilinx.com:zcu670ld:part0:1.0 available at D:/xilinx/Vivado/2023.2/data/xhub/boards/XilinxBoardStore/boards/Xilinx/zcu670ld/1.0/board.xml as part xczu57dr-fsve1156-2-i specified in board_part file is either invalid or not available
INFO: [filemgmt 56-3] Default IP Output Path : Could not find the directory 'C:/Users/csy/Desktop/Study/Logic2024/tetris/tetris/tetris.gen/sources_1'.
Scanning sources...
Finished scanning sources
INFO: [IP_Flow 19-234] Refreshing IP repositories
INFO: [IP_Flow 19-1704] No user IP repositories specified
INFO: [IP_Flow 19-2313] Loaded Vivado IP repository 'D:/xilinx/Vivado/2023.2/data/ip'.
open_project: Time (s): cpu = 00:00:07 ; elapsed = 00:00:08 . Memory (MB): peak = 1607.895 ; gain = 365.363
update_compile_order -fileset sources_1
close [ open C:/Users/csy/Desktop/Study/Logic2024/tetris/tetris/tetris.srcs/sources_1/new/Anti_jitter.v w ]
add_files C:/Users/csy/Desktop/Study/Logic2024/tetris/tetris/tetris.srcs/sources_1/new/Anti_jitter.v
update_compile_order -fileset sources_1
WARNING: [filemgmt 56-199] Attempt to get parsing info during refresh. "On-the-fly" syntax checking information may be incorrect. [C:\Users\csy\Desktop\Study\Logic2024\tetris\tetris\tetris.srcs\sources_1\new\Anti_jitter.v:]
WARNING: [filemgmt 56-199] Attempt to get parsing info during refresh. "On-the-fly" syntax checking information may be incorrect. [C:\Users\csy\Desktop\Study\Logic2024\tetris\tetris\tetris.srcs\sources_1\new\top.v:]
ERROR: [Common 17-180] Spawn failed: No error
WARNING: [filemgmt 56-199] Attempt to get parsing info during refresh. "On-the-fly" syntax checking information may be incorrect. [C:\Users\csy\Desktop\Study\Logic2024\tetris\tetris\tetris.srcs\sources_1\new\Anti_jitter.v:]
WARNING: [filemgmt 56-199] Attempt to get parsing info during refresh. "On-the-fly" syntax checking information may be incorrect. [C:\Users\csy\Desktop\Study\Logic2024\tetris\tetris\tetris.srcs\sources_1\new\top.v:]
ERROR: [Common 17-180] Spawn failed: No error
WARNING: [filemgmt 56-199] Attempt to get parsing info during refresh. "On-the-fly" syntax checking information may be incorrect. [C:\Users\csy\Desktop\Study\Logic2024\tetris\tetris\tetris.srcs\sources_1\new\Anti_jitter.v:]
WARNING: [filemgmt 56-199] Attempt to get parsing info during refresh. "On-the-fly" syntax checking information may be incorrect. [C:\Users\csy\Desktop\Study\Logic2024\tetris\tetris\tetris.srcs\sources_1\new\top.v:]
ERROR: [Common 17-180] Spawn failed: No error
WARNING: [filemgmt 56-199] Attempt to get parsing info during refresh. "On-the-fly" syntax checking information may be incorrect. [C:\Users\csy\Desktop\Study\Logic2024\tetris\tetris\tetris.srcs\sources_1\new\Anti_jitter.v:]
WARNING: [filemgmt 56-199] Attempt to get parsing info during refresh. "On-the-fly" syntax checking information may be incorrect. [C:\Users\csy\Desktop\Study\Logic2024\tetris\tetris\tetris.srcs\sources_1\new\top.v:]
ERROR: [Common 17-180] Spawn failed: No error
WARNING: [filemgmt 56-199] Attempt to get parsing info during refresh. "On-the-fly" syntax checking information may be incorrect. [C:\Users\csy\Desktop\Study\Logic2024\tetris\tetris\tetris.srcs\sources_1\new\Anti_jitter.v:]
WARNING: [filemgmt 56-199] Attempt to get parsing info during refresh. "On-the-fly" syntax checking information may be incorrect. [C:\Users\csy\Desktop\Study\Logic2024\tetris\tetris\tetris.srcs\sources_1\new\top.v:]
ERROR: [Common 17-180] Spawn failed: No error
WARNING: [filemgmt 56-199] Attempt to get parsing info during refresh. "On-the-fly" syntax checking information may be incorrect. [C:\Users\csy\Desktop\Study\Logic2024\tetris\tetris\tetris.srcs\sources_1\new\Anti_jitter.v:]
WARNING: [filemgmt 56-199] Attempt to get parsing info during refresh. "On-the-fly" syntax checking information may be incorrect. [C:\Users\csy\Desktop\Study\Logic2024\tetris\tetris\tetris.srcs\sources_1\new\top.v:]
ERROR: [Common 17-180] Spawn failed: No error
WARNING: [filemgmt 56-199] Attempt to get parsing info during refresh. "On-the-fly" syntax checking information may be incorrect. [C:\Users\csy\Desktop\Study\Logic2024\tetris\tetris\tetris.srcs\sources_1\new\Anti_jitter.v:]
WARNING: [filemgmt 56-199] Attempt to get parsing info during refresh. "On-the-fly" syntax checking information may be incorrect. [C:\Users\csy\Desktop\Study\Logic2024\tetris\tetris\tetris.srcs\sources_1\new\top.v:]
ERROR: [Common 17-180] Spawn failed: No error
WARNING: [filemgmt 56-199] Attempt to get parsing info during refresh. "On-the-fly" syntax checking information may be incorrect. [C:\Users\csy\Desktop\Study\Logic2024\tetris\tetris\tetris.srcs\sources_1\new\Anti_jitter.v:]
WARNING: [filemgmt 56-199] Attempt to get parsing info during refresh. "On-the-fly" syntax checking information may be incorrect. [C:\Users\csy\Desktop\Study\Logic2024\tetris\tetris\tetris.srcs\sources_1\new\top.v:]
ERROR: [Common 17-180] Spawn failed: No error
WARNING: [filemgmt 56-199] Attempt to get parsing info during refresh. "On-the-fly" syntax checking information may be incorrect. [C:\Users\csy\Desktop\Study\Logic2024\tetris\tetris\tetris.srcs\sources_1\new\Anti_jitter.v:]
WARNING: [filemgmt 56-199] Attempt to get parsing info during refresh. "On-the-fly" syntax checking information may be incorrect. [C:\Users\csy\Desktop\Study\Logic2024\tetris\tetris\tetris.srcs\sources_1\new\top.v:]
ERROR: [Common 17-180] Spawn failed: No error
WARNING: [filemgmt 56-199] Attempt to get parsing info during refresh. "On-the-fly" syntax checking information may be incorrect. [C:\Users\csy\Desktop\Study\Logic2024\tetris\tetris\tetris.srcs\sources_1\new\Anti_jitter.v:]
WARNING: [filemgmt 56-199] Attempt to get parsing info during refresh. "On-the-fly" syntax checking information may be incorrect. [C:\Users\csy\Desktop\Study\Logic2024\tetris\tetris\tetris.srcs\sources_1\new\top.v:]
ERROR: [Common 17-180] Spawn failed: No error
WARNING: [filemgmt 56-199] Attempt to get parsing info during refresh. "On-the-fly" syntax checking information may be incorrect. [C:\Users\csy\Desktop\Study\Logic2024\tetris\tetris\tetris.srcs\sources_1\new\Anti_jitter.v:]
WARNING: [filemgmt 56-199] Attempt to get parsing info during refresh. "On-the-fly" syntax checking information may be incorrect. [C:\Users\csy\Desktop\Study\Logic2024\tetris\tetris\tetris.srcs\sources_1\new\top.v:]
ERROR: [Common 17-180] Spawn failed: No error
update_compile_order -fileset sources_1
WARNING: [filemgmt 56-199] Attempt to get parsing info during refresh. "On-the-fly" syntax checking information may be incorrect. [C:\Users\csy\Desktop\Study\Logic2024\tetris\tetris\tetris.srcs\sources_1\new\Anti_jitter.v:]
WARNING: [filemgmt 56-199] Attempt to get parsing info during refresh. "On-the-fly" syntax checking information may be incorrect. [C:\Users\csy\Desktop\Study\Logic2024\tetris\tetris\tetris.srcs\sources_1\new\top.v:]
ERROR: [Common 17-180] Spawn failed: No error
WARNING: [filemgmt 56-199] Attempt to get parsing info during refresh. "On-the-fly" syntax checking information may be incorrect. [C:\Users\csy\Desktop\Study\Logic2024\tetris\tetris\tetris.srcs\sources_1\new\Anti_jitter.v:]
WARNING: [filemgmt 56-199] Attempt to get parsing info during refresh. "On-the-fly" syntax checking information may be incorrect. [C:\Users\csy\Desktop\Study\Logic2024\tetris\tetris\tetris.srcs\sources_1\new\top.v:]
ERROR: [Common 17-180] Spawn failed: No error
WARNING: [filemgmt 56-199] Attempt to get parsing info during refresh. "On-the-fly" syntax checking information may be incorrect. [C:\Users\csy\Desktop\Study\Logic2024\tetris\tetris\tetris.srcs\sources_1\new\Anti_jitter.v:]
WARNING: [filemgmt 56-199] Attempt to get parsing info during refresh. "On-the-fly" syntax checking information may be incorrect. [C:\Users\csy\Desktop\Study\Logic2024\tetris\tetris\tetris.srcs\sources_1\new\top.v:]
ERROR: [Common 17-180] Spawn failed: No error
WARNING: [filemgmt 56-199] Attempt to get parsing info during refresh. "On-the-fly" syntax checking information may be incorrect. [C:\Users\csy\Desktop\Study\Logic2024\tetris\tetris\tetris.srcs\sources_1\new\Anti_jitter.v:]
WARNING: [filemgmt 56-199] Attempt to get parsing info during refresh. "On-the-fly" syntax checking information may be incorrect. [C:\Users\csy\Desktop\Study\Logic2024\tetris\tetris\tetris.srcs\sources_1\new\top.v:]
ERROR: [Common 17-180] Spawn failed: No error
update_compile_order -fileset sources_1
WARNING: [filemgmt 56-199] Attempt to get parsing info during refresh. "On-the-fly" syntax checking information may be incorrect. [C:\Users\csy\Desktop\Study\Logic2024\tetris\tetris\tetris.srcs\sources_1\new\Anti_jitter.v:]
WARNING: [filemgmt 56-199] Attempt to get parsing info during refresh. "On-the-fly" syntax checking information may be incorrect. [C:\Users\csy\Desktop\Study\Logic2024\tetris\tetris\tetris.srcs\sources_1\new\top.v:]
ERROR: [Common 17-180] Spawn failed: No error
update_compile_order -fileset sources_1
WARNING: [filemgmt 56-199] Attempt to get parsing info during refresh. "On-the-fly" syntax checking information may be incorrect. [C:\Users\csy\Desktop\Study\Logic2024\tetris\tetris\tetris.srcs\sources_1\new\Anti_jitter.v:]
WARNING: [filemgmt 56-199] Attempt to get parsing info during refresh. "On-the-fly" syntax checking information may be incorrect. [C:\Users\csy\Desktop\Study\Logic2024\tetris\tetris\tetris.srcs\sources_1\new\top.v:]
ERROR: [Common 17-180] Spawn failed: No error
WARNING: [filemgmt 56-199] Attempt to get parsing info during refresh. "On-the-fly" syntax checking information may be incorrect. [C:\Users\csy\Desktop\Study\Logic2024\tetris\tetris\tetris.srcs\sources_1\new\Anti_jitter.v:]
WARNING: [filemgmt 56-199] Attempt to get parsing info during refresh. "On-the-fly" syntax checking information may be incorrect. [C:\Users\csy\Desktop\Study\Logic2024\tetris\tetris\tetris.srcs\sources_1\new\top.v:]
ERROR: [Common 17-180] Spawn failed: No error
update_compile_order -fileset sources_1
WARNING: [filemgmt 56-199] Attempt to get parsing info during refresh. "On-the-fly" syntax checking information may be incorrect. [C:\Users\csy\Desktop\Study\Logic2024\tetris\tetris\tetris.srcs\sources_1\new\Anti_jitter.v:]
WARNING: [filemgmt 56-199] Attempt to get parsing info during refresh. "On-the-fly" syntax checking information may be incorrect. [C:\Users\csy\Desktop\Study\Logic2024\tetris\tetris\tetris.srcs\sources_1\new\top.v:]
ERROR: [Common 17-180] Spawn failed: No error
WARNING: [filemgmt 56-199] Attempt to get parsing info during refresh. "On-the-fly" syntax checking information may be incorrect. [C:\Users\csy\Desktop\Study\Logic2024\tetris\tetris\tetris.srcs\sources_1\new\Anti_jitter.v:]
WARNING: [filemgmt 56-199] Attempt to get parsing info during refresh. "On-the-fly" syntax checking information may be incorrect. [C:\Users\csy\Desktop\Study\Logic2024\tetris\tetris\tetris.srcs\sources_1\new\top.v:]
ERROR: [Common 17-180] Spawn failed: No error
WARNING: [filemgmt 56-199] Attempt to get parsing info during refresh. "On-the-fly" syntax checking information may be incorrect. [C:\Users\csy\Desktop\Study\Logic2024\tetris\tetris\tetris.srcs\sources_1\new\Anti_jitter.v:]
WARNING: [filemgmt 56-199] Attempt to get parsing info during refresh. "On-the-fly" syntax checking information may be incorrect. [C:\Users\csy\Desktop\Study\Logic2024\tetris\tetris\tetris.srcs\sources_1\new\top.v:]
ERROR: [Common 17-180] Spawn failed: No error
WARNING: [filemgmt 56-199] Attempt to get parsing info during refresh. "On-the-fly" syntax checking information may be incorrect. [C:\Users\csy\Desktop\Study\Logic2024\tetris\tetris\tetris.srcs\sources_1\new\Anti_jitter.v:]
WARNING: [filemgmt 56-199] Attempt to get parsing info during refresh. "On-the-fly" syntax checking information may be incorrect. [C:\Users\csy\Desktop\Study\Logic2024\tetris\tetris\tetris.srcs\sources_1\new\top.v:]
ERROR: [Common 17-180] Spawn failed: No error
WARNING: [filemgmt 56-199] Attempt to get parsing info during refresh. "On-the-fly" syntax checking information may be incorrect. [C:\Users\csy\Desktop\Study\Logic2024\tetris\tetris\tetris.srcs\sources_1\new\Anti_jitter.v:]
WARNING: [filemgmt 56-199] Attempt to get parsing info during refresh. "On-the-fly" syntax checking information may be incorrect. [C:\Users\csy\Desktop\Study\Logic2024\tetris\tetris\tetris.srcs\sources_1\new\top.v:]
ERROR: [Common 17-180] Spawn failed: No error
WARNING: [filemgmt 56-199] Attempt to get parsing info during refresh. "On-the-fly" syntax checking information may be incorrect. [C:\Users\csy\Desktop\Study\Logic2024\tetris\tetris\tetris.srcs\sources_1\new\Anti_jitter.v:]
WARNING: [filemgmt 56-199] Attempt to get parsing info during refresh. "On-the-fly" syntax checking information may be incorrect. [C:\Users\csy\Desktop\Study\Logic2024\tetris\tetris\tetris.srcs\sources_1\new\top.v:]
ERROR: [Common 17-180] Spawn failed: No error
WARNING: [filemgmt 56-199] Attempt to get parsing info during refresh. "On-the-fly" syntax checking information may be incorrect. [C:\Users\csy\Desktop\Study\Logic2024\tetris\tetris\tetris.srcs\sources_1\new\Anti_jitter.v:]
WARNING: [filemgmt 56-199] Attempt to get parsing info during refresh. "On-the-fly" syntax checking information may be incorrect. [C:\Users\csy\Desktop\Study\Logic2024\tetris\tetris\tetris.srcs\sources_1\new\top.v:]
ERROR: [Common 17-180] Spawn failed: No error
WARNING: [filemgmt 56-199] Attempt to get parsing info during refresh. "On-the-fly" syntax checking information may be incorrect. [C:\Users\csy\Desktop\Study\Logic2024\tetris\tetris\tetris.srcs\sources_1\new\Anti_jitter.v:]
WARNING: [filemgmt 56-199] Attempt to get parsing info during refresh. "On-the-fly" syntax checking information may be incorrect. [C:\Users\csy\Desktop\Study\Logic2024\tetris\tetris\tetris.srcs\sources_1\new\top.v:]
ERROR: [Common 17-180] Spawn failed: No error
WARNING: [filemgmt 56-199] Attempt to get parsing info during refresh. "On-the-fly" syntax checking information may be incorrect. [C:\Users\csy\Desktop\Study\Logic2024\tetris\tetris\tetris.srcs\sources_1\new\Anti_jitter.v:]
WARNING: [filemgmt 56-199] Attempt to get parsing info during refresh. "On-the-fly" syntax checking information may be incorrect. [C:\Users\csy\Desktop\Study\Logic2024\tetris\tetris\tetris.srcs\sources_1\new\top.v:]
WARNING: [filemgmt 56-199] Attempt to get parsing info during refresh. "On-the-fly" syntax checking information may be incorrect. [C:\Users\csy\Desktop\Study\Logic2024\tetris\tetris\tetris.srcs\sources_1\new\Anti_jitter.v:]
WARNING: [filemgmt 56-199] Attempt to get parsing info during refresh. "On-the-fly" syntax checking information may be incorrect. [C:\Users\csy\Desktop\Study\Logic2024\tetris\tetris\tetris.srcs\sources_1\new\top.v:]
ERROR: [Common 17-180] Spawn failed: No error
WARNING: [filemgmt 56-199] Attempt to get parsing info during refresh. "On-the-fly" syntax checking information may be incorrect. [C:\Users\csy\Desktop\Study\Logic2024\tetris\tetris\tetris.srcs\sources_1\new\Anti_jitter.v:]
WARNING: [filemgmt 56-199] Attempt to get parsing info during refresh. "On-the-fly" syntax checking information may be incorrect. [C:\Users\csy\Desktop\Study\Logic2024\tetris\tetris\tetris.srcs\sources_1\new\top.v:]
ERROR: [Common 17-180] Spawn failed: No error
update_compile_order -fileset sources_1
WARNING: [filemgmt 56-199] Attempt to get parsing info during refresh. "On-the-fly" syntax checking information may be incorrect. [C:\Users\csy\Desktop\Study\Logic2024\tetris\tetris\tetris.srcs\sources_1\new\Anti_jitter.v:]
WARNING: [filemgmt 56-199] Attempt to get parsing info during refresh. "On-the-fly" syntax checking information may be incorrect. [C:\Users\csy\Desktop\Study\Logic2024\tetris\tetris\tetris.srcs\sources_1\new\top.v:]
ERROR: [Common 17-180] Spawn failed: No error
reset_run synth_1
INFO: [Project 1-1161] Replacing file C:/Users/csy/Desktop/Study/Logic2024/tetris/tetris/tetris.srcs/utils_1/imports/synth_1/top.dcp with file C:/Users/csy/Desktop/Study/Logic2024/tetris/tetris/tetris.runs/synth_1/top.dcp
launch_runs impl_1 -to_step write_bitstream -jobs 10
[Thu Jun  6 17:27:42 2024] Launched synth_1...
Run output will be captured here: C:/Users/csy/Desktop/Study/Logic2024/tetris/tetris/tetris.runs/synth_1/runme.log
[Thu Jun  6 17:27:42 2024] Launched impl_1...
Run output will be captured here: C:/Users/csy/Desktop/Study/Logic2024/tetris/tetris/tetris.runs/impl_1/runme.log
WARNING: [filemgmt 56-199] Attempt to get parsing info during refresh. "On-the-fly" syntax checking information may be incorrect. [C:\Users\csy\Desktop\Study\Logic2024\tetris\tetris\tetris.srcs\sources_1\new\Anti_jitter.v:]
WARNING: [filemgmt 56-199] Attempt to get parsing info during refresh. "On-the-fly" syntax checking information may be incorrect. [C:\Users\csy\Desktop\Study\Logic2024\tetris\tetris\tetris.srcs\sources_1\new\top.v:]
ERROR: [Common 17-180] Spawn failed: No error
open_hw_manager
connect_hw_server -allow_non_jtag
INFO: [Labtools 27-2285] Connecting to hw_server url TCP:localhost:3121
INFO: [Labtools 27-2222] Launching hw_server...
INFO: [Labtools 27-2221] Launch Output:

****** Xilinx hw_server v2023.2
  **** Build date : Oct 13 2023 at 21:31:40
    ** Copyright 1986-2022 Xilinx, Inc. All Rights Reserved.


INFO: [Labtools 27-3415] Connecting to cs_server url TCP:localhost:0
INFO: [Labtools 27-3417] Launching cs_server...
INFO: [Labtools 27-2221] Launch Output:


******** Xilinx cs_server v2023.2.0
  ****** Build date   : Oct 10 2023-12:01:56
    **** Build number : 2023.2.1696910516
      ** Copyright 2017-2022 Xilinx, Inc. All Rights Reserved.
      ** Copyright 2022-2024 Advanced Micro Devices, Inc. All Rights Reserved.



open_hw_target
INFO: [Labtoolstcl 44-466] Opening hw_target localhost:3121/xilinx_tcf/Digilent/210241633676
set_property PROGRAM.FILE {C:/Users/csy/Desktop/Study/Logic2024/tetris/tetris/tetris.runs/impl_1/top.bit} [get_hw_devices xc7k160t_0]
current_hw_device [get_hw_devices xc7k160t_0]
refresh_hw_device -update_hw_probes false [lindex [get_hw_devices xc7k160t_0] 0]
INFO: [Labtools 27-1434] Device xc7k160t (JTAG device index = 0) is programmed with a design that has no supported debug core(s) in it.
set_property PROBES.FILE {} [get_hw_devices xc7k160t_0]
set_property FULL_PROBES.FILE {} [get_hw_devices xc7k160t_0]
set_property PROGRAM.FILE {C:/Users/csy/Desktop/Study/Logic2024/tetris/tetris/tetris.runs/impl_1/top.bit} [get_hw_devices xc7k160t_0]
program_hw_devices [get_hw_devices xc7k160t_0]
INFO: [Labtools 27-3164] End of startup status: HIGH
program_hw_devices: Time (s): cpu = 00:00:04 ; elapsed = 00:00:06 . Memory (MB): peak = 1732.359 ; gain = 0.000
refresh_hw_device [lindex [get_hw_devices xc7k160t_0] 0]
INFO: [Labtools 27-1434] Device xc7k160t (JTAG device index = 0) is programmed with a design that has no supported debug core(s) in it.
WARNING: [filemgmt 56-199] Attempt to get parsing info during refresh. "On-the-fly" syntax checking information may be incorrect. [C:\Users\csy\Desktop\Study\Logic2024\tetris\tetris\tetris.srcs\sources_1\new\Anti_jitter.v:]
WARNING: [filemgmt 56-199] Attempt to get parsing info during refresh. "On-the-fly" syntax checking information may be incorrect. [C:\Users\csy\Desktop\Study\Logic2024\tetris\tetris\tetris.srcs\sources_1\new\top.v:]
ERROR: [Common 17-180] Spawn failed: No error
reset_run synth_1
INFO: [Project 1-1161] Replacing file C:/Users/csy/Desktop/Study/Logic2024/tetris/tetris/tetris.srcs/utils_1/imports/synth_1/top.dcp with file C:/Users/csy/Desktop/Study/Logic2024/tetris/tetris/tetris.runs/synth_1/top.dcp
launch_runs impl_1 -to_step write_bitstream -jobs 10
[Thu Jun  6 17:31:55 2024] Launched synth_1...
Run output will be captured here: C:/Users/csy/Desktop/Study/Logic2024/tetris/tetris/tetris.runs/synth_1/runme.log
[Thu Jun  6 17:31:55 2024] Launched impl_1...
Run output will be captured here: C:/Users/csy/Desktop/Study/Logic2024/tetris/tetris/tetris.runs/impl_1/runme.log
WARNING: [filemgmt 56-199] Attempt to get parsing info during refresh. "On-the-fly" syntax checking information may be incorrect. [C:\Users\csy\Desktop\Study\Logic2024\tetris\tetris\tetris.srcs\sources_1\new\Anti_jitter.v:]
WARNING: [filemgmt 56-199] Attempt to get parsing info during refresh. "On-the-fly" syntax checking information may be incorrect. [C:\Users\csy\Desktop\Study\Logic2024\tetris\tetris\tetris.srcs\sources_1\new\top.v:]
ERROR: [Common 17-180] Spawn failed: No error
set_property PROBES.FILE {} [get_hw_devices xc7k160t_0]
set_property FULL_PROBES.FILE {} [get_hw_devices xc7k160t_0]
set_property PROGRAM.FILE {C:/Users/csy/Desktop/Study/Logic2024/tetris/tetris/tetris.runs/impl_1/top.bit} [get_hw_devices xc7k160t_0]
program_hw_devices [get_hw_devices xc7k160t_0]
INFO: [Labtools 27-3164] End of startup status: HIGH
program_hw_devices: Time (s): cpu = 00:00:05 ; elapsed = 00:00:06 . Memory (MB): peak = 1749.340 ; gain = 0.000
refresh_hw_device [lindex [get_hw_devices xc7k160t_0] 0]
INFO: [Labtools 27-1434] Device xc7k160t (JTAG device index = 0) is programmed with a design that has no supported debug core(s) in it.
WARNING: [filemgmt 56-199] Attempt to get parsing info during refresh. "On-the-fly" syntax checking information may be incorrect. [C:\Users\csy\Desktop\Study\Logic2024\tetris\tetris\tetris.srcs\sources_1\new\Anti_jitter.v:]
WARNING: [filemgmt 56-199] Attempt to get parsing info during refresh. "On-the-fly" syntax checking information may be incorrect. [C:\Users\csy\Desktop\Study\Logic2024\tetris\tetris\tetris.srcs\sources_1\new\top.v:]
ERROR: [Common 17-180] Spawn failed: No error
update_compile_order -fileset sources_1
WARNING: [filemgmt 56-199] Attempt to get parsing info during refresh. "On-the-fly" syntax checking information may be incorrect. [C:\Users\csy\Desktop\Study\Logic2024\tetris\tetris\tetris.srcs\sources_1\new\Anti_jitter.v:]
WARNING: [filemgmt 56-199] Attempt to get parsing info during refresh. "On-the-fly" syntax checking information may be incorrect. [C:\Users\csy\Desktop\Study\Logic2024\tetris\tetris\tetris.srcs\sources_1\new\top.v:]
ERROR: [Common 17-180] Spawn failed: No error
WARNING: [filemgmt 56-199] Attempt to get parsing info during refresh. "On-the-fly" syntax checking information may be incorrect. [C:\Users\csy\Desktop\Study\Logic2024\tetris\tetris\tetris.srcs\sources_1\new\Anti_jitter.v:]
WARNING: [filemgmt 56-199] Attempt to get parsing info during refresh. "On-the-fly" syntax checking information may be incorrect. [C:\Users\csy\Desktop\Study\Logic2024\tetris\tetris\tetris.srcs\sources_1\new\top.v:]
ERROR: [Common 17-180] Spawn failed: No error
WARNING: [filemgmt 56-199] Attempt to get parsing info during refresh. "On-the-fly" syntax checking information may be incorrect. [C:\Users\csy\Desktop\Study\Logic2024\tetris\tetris\tetris.srcs\sources_1\new\Anti_jitter.v:]
WARNING: [filemgmt 56-199] Attempt to get parsing info during refresh. "On-the-fly" syntax checking information may be incorrect. [C:\Users\csy\Desktop\Study\Logic2024\tetris\tetris\tetris.srcs\sources_1\new\top.v:]
ERROR: [Common 17-180] Spawn failed: No error
WARNING: [filemgmt 56-199] Attempt to get parsing info during refresh. "On-the-fly" syntax checking information may be incorrect. [C:\Users\csy\Desktop\Study\Logic2024\tetris\tetris\tetris.srcs\sources_1\new\Anti_jitter.v:]
WARNING: [filemgmt 56-199] Attempt to get parsing info during refresh. "On-the-fly" syntax checking information may be incorrect. [C:\Users\csy\Desktop\Study\Logic2024\tetris\tetris\tetris.srcs\sources_1\new\top.v:]
ERROR: [Common 17-180] Spawn failed: No error
reset_run synth_1
INFO: [Project 1-1161] Replacing file C:/Users/csy/Desktop/Study/Logic2024/tetris/tetris/tetris.srcs/utils_1/imports/synth_1/top.dcp with file C:/Users/csy/Desktop/Study/Logic2024/tetris/tetris/tetris.runs/synth_1/top.dcp
launch_runs impl_1 -jobs 10
[Thu Jun  6 17:37:29 2024] Launched synth_1...
Run output will be captured here: C:/Users/csy/Desktop/Study/Logic2024/tetris/tetris/tetris.runs/synth_1/runme.log
[Thu Jun  6 17:37:29 2024] Launched impl_1...
Run output will be captured here: C:/Users/csy/Desktop/Study/Logic2024/tetris/tetris/tetris.runs/impl_1/runme.log
WARNING: [filemgmt 56-199] Attempt to get parsing info during refresh. "On-the-fly" syntax checking information may be incorrect. [C:\Users\csy\Desktop\Study\Logic2024\tetris\tetris\tetris.srcs\sources_1\new\Anti_jitter.v:]
WARNING: [filemgmt 56-199] Attempt to get parsing info during refresh. "On-the-fly" syntax checking information may be incorrect. [C:\Users\csy\Desktop\Study\Logic2024\tetris\tetris\tetris.srcs\sources_1\new\top.v:]
ERROR: [Common 17-180] Spawn failed: No error
launch_runs impl_1 -to_step write_bitstream -jobs 10
[Thu Jun  6 17:39:48 2024] Launched impl_1...
Run output will be captured here: C:/Users/csy/Desktop/Study/Logic2024/tetris/tetris/tetris.runs/impl_1/runme.log
set_property PROBES.FILE {} [get_hw_devices xc7k160t_0]
set_property FULL_PROBES.FILE {} [get_hw_devices xc7k160t_0]
set_property PROGRAM.FILE {C:/Users/csy/Desktop/Study/Logic2024/tetris/tetris/tetris.runs/impl_1/top.bit} [get_hw_devices xc7k160t_0]
program_hw_devices [get_hw_devices xc7k160t_0]
INFO: [Labtools 27-3164] End of startup status: HIGH
program_hw_devices: Time (s): cpu = 00:00:05 ; elapsed = 00:00:06 . Memory (MB): peak = 1749.340 ; gain = 0.000
refresh_hw_device [lindex [get_hw_devices xc7k160t_0] 0]
INFO: [Labtools 27-1434] Device xc7k160t (JTAG device index = 0) is programmed with a design that has no supported debug core(s) in it.
WARNING: [filemgmt 56-199] Attempt to get parsing info during refresh. "On-the-fly" syntax checking information may be incorrect. [C:\Users\csy\Desktop\Study\Logic2024\tetris\tetris\tetris.srcs\sources_1\new\Anti_jitter.v:]
WARNING: [filemgmt 56-199] Attempt to get parsing info during refresh. "On-the-fly" syntax checking information may be incorrect. [C:\Users\csy\Desktop\Study\Logic2024\tetris\tetris\tetris.srcs\sources_1\new\top.v:]
ERROR: [Common 17-180] Spawn failed: No error
WARNING: [filemgmt 56-199] Attempt to get parsing info during refresh. "On-the-fly" syntax checking information may be incorrect. [C:\Users\csy\Desktop\Study\Logic2024\tetris\tetris\tetris.srcs\sources_1\new\Anti_jitter.v:]
WARNING: [filemgmt 56-199] Attempt to get parsing info during refresh. "On-the-fly" syntax checking information may be incorrect. [C:\Users\csy\Desktop\Study\Logic2024\tetris\tetris\tetris.srcs\sources_1\new\top.v:]
ERROR: [Common 17-180] Spawn failed: No error
WARNING: [filemgmt 56-199] Attempt to get parsing info during refresh. "On-the-fly" syntax checking information may be incorrect. [C:\Users\csy\Desktop\Study\Logic2024\tetris\tetris\tetris.srcs\sources_1\new\Anti_jitter.v:]
WARNING: [filemgmt 56-199] Attempt to get parsing info during refresh. "On-the-fly" syntax checking information may be incorrect. [C:\Users\csy\Desktop\Study\Logic2024\tetris\tetris\tetris.srcs\sources_1\new\top.v:]
ERROR: [Common 17-180] Spawn failed: No error
reset_run synth_1
INFO: [Project 1-1161] Replacing file C:/Users/csy/Desktop/Study/Logic2024/tetris/tetris/tetris.srcs/utils_1/imports/synth_1/top.dcp with file C:/Users/csy/Desktop/Study/Logic2024/tetris/tetris/tetris.runs/synth_1/top.dcp
launch_runs impl_1 -to_step write_bitstream -jobs 10
[Thu Jun  6 17:44:17 2024] Launched synth_1...
Run output will be captured here: C:/Users/csy/Desktop/Study/Logic2024/tetris/tetris/tetris.runs/synth_1/runme.log
[Thu Jun  6 17:44:17 2024] Launched impl_1...
Run output will be captured here: C:/Users/csy/Desktop/Study/Logic2024/tetris/tetris/tetris.runs/impl_1/runme.log
set_property PROBES.FILE {} [get_hw_devices xc7k160t_0]
set_property FULL_PROBES.FILE {} [get_hw_devices xc7k160t_0]
set_property PROGRAM.FILE {C:/Users/csy/Desktop/Study/Logic2024/tetris/tetris/tetris.runs/impl_1/top.bit} [get_hw_devices xc7k160t_0]
program_hw_devices [get_hw_devices xc7k160t_0]
INFO: [Labtools 27-3164] End of startup status: HIGH
program_hw_devices: Time (s): cpu = 00:00:04 ; elapsed = 00:00:06 . Memory (MB): peak = 1749.340 ; gain = 0.000
refresh_hw_device [lindex [get_hw_devices xc7k160t_0] 0]
INFO: [Labtools 27-1434] Device xc7k160t (JTAG device index = 0) is programmed with a design that has no supported debug core(s) in it.
set_property PROBES.FILE {} [get_hw_devices xc7k160t_0]
set_property FULL_PROBES.FILE {} [get_hw_devices xc7k160t_0]
set_property PROGRAM.FILE {C:/Users/csy/Desktop/Study/Logic2024/tetris/tetris/tetris.runs/impl_1/top.bit} [get_hw_devices xc7k160t_0]
program_hw_devices [get_hw_devices xc7k160t_0]
INFO: [Labtools 27-3164] End of startup status: HIGH
program_hw_devices: Time (s): cpu = 00:00:04 ; elapsed = 00:00:06 . Memory (MB): peak = 1749.340 ; gain = 0.000
refresh_hw_device [lindex [get_hw_devices xc7k160t_0] 0]
INFO: [Labtools 27-1434] Device xc7k160t (JTAG device index = 0) is programmed with a design that has no supported debug core(s) in it.
ERROR: [Labtoolstcl 44-513] HW Target shutdown. Closing target: localhost:3121/xilinx_tcf/Digilent/210241633676
update_compile_order -fileset sources_1
WARNING: [filemgmt 56-199] Attempt to get parsing info during refresh. "On-the-fly" syntax checking information may be incorrect. [C:\Users\csy\Desktop\Study\Logic2024\tetris\tetris\tetris.srcs\sources_1\new\Anti_jitter.v:]
WARNING: [filemgmt 56-199] Attempt to get parsing info during refresh. "On-the-fly" syntax checking information may be incorrect. [C:\Users\csy\Desktop\Study\Logic2024\tetris\tetris\tetris.srcs\sources_1\new\top.v:]
ERROR: [Common 17-180] Spawn failed: No error
update_compile_order -fileset sources_1
WARNING: [filemgmt 56-199] Attempt to get parsing info during refresh. "On-the-fly" syntax checking information may be incorrect. [C:\Users\csy\Desktop\Study\Logic2024\tetris\tetris\tetris.srcs\sources_1\new\Anti_jitter.v:]
WARNING: [filemgmt 56-199] Attempt to get parsing info during refresh. "On-the-fly" syntax checking information may be incorrect. [C:\Users\csy\Desktop\Study\Logic2024\tetris\tetris\tetris.srcs\sources_1\new\top.v:]
ERROR: [Common 17-180] Spawn failed: No error
WARNING: [filemgmt 56-199] Attempt to get parsing info during refresh. "On-the-fly" syntax checking information may be incorrect. [C:\Users\csy\Desktop\Study\Logic2024\tetris\tetris\tetris.srcs\sources_1\new\Anti_jitter.v:]
WARNING: [filemgmt 56-199] Attempt to get parsing info during refresh. "On-the-fly" syntax checking information may be incorrect. [C:\Users\csy\Desktop\Study\Logic2024\tetris\tetris\tetris.srcs\sources_1\new\top.v:]
ERROR: [Common 17-180] Spawn failed: No error
WARNING: [filemgmt 56-199] Attempt to get parsing info during refresh. "On-the-fly" syntax checking information may be incorrect. [C:\Users\csy\Desktop\Study\Logic2024\tetris\tetris\tetris.srcs\sources_1\new\Anti_jitter.v:]
WARNING: [filemgmt 56-199] Attempt to get parsing info during refresh. "On-the-fly" syntax checking information may be incorrect. [C:\Users\csy\Desktop\Study\Logic2024\tetris\tetris\tetris.srcs\sources_1\new\top.v:]
ERROR: [Common 17-180] Spawn failed: No error
WARNING: [filemgmt 56-199] Attempt to get parsing info during refresh. "On-the-fly" syntax checking information may be incorrect. [C:\Users\csy\Desktop\Study\Logic2024\tetris\tetris\tetris.srcs\sources_1\new\Anti_jitter.v:]
WARNING: [filemgmt 56-199] Attempt to get parsing info during refresh. "On-the-fly" syntax checking information may be incorrect. [C:\Users\csy\Desktop\Study\Logic2024\tetris\tetris\tetris.srcs\sources_1\new\top.v:]
ERROR: [Common 17-180] Spawn failed: No error
WARNING: [filemgmt 56-199] Attempt to get parsing info during refresh. "On-the-fly" syntax checking information may be incorrect. [C:\Users\csy\Desktop\Study\Logic2024\tetris\tetris\tetris.srcs\sources_1\new\Anti_jitter.v:]
WARNING: [filemgmt 56-199] Attempt to get parsing info during refresh. "On-the-fly" syntax checking information may be incorrect. [C:\Users\csy\Desktop\Study\Logic2024\tetris\tetris\tetris.srcs\sources_1\new\top.v:]
ERROR: [Common 17-180] Spawn failed: No error
update_compile_order -fileset sources_1
WARNING: [filemgmt 56-199] Attempt to get parsing info during refresh. "On-the-fly" syntax checking information may be incorrect. [C:\Users\csy\Desktop\Study\Logic2024\tetris\tetris\tetris.srcs\sources_1\new\Anti_jitter.v:]
WARNING: [filemgmt 56-199] Attempt to get parsing info during refresh. "On-the-fly" syntax checking information may be incorrect. [C:\Users\csy\Desktop\Study\Logic2024\tetris\tetris\tetris.srcs\sources_1\new\top.v:]
ERROR: [Common 17-180] Spawn failed: No error
WARNING: [filemgmt 56-199] Attempt to get parsing info during refresh. "On-the-fly" syntax checking information may be incorrect. [C:\Users\csy\Desktop\Study\Logic2024\tetris\tetris\tetris.srcs\sources_1\new\Anti_jitter.v:]
WARNING: [filemgmt 56-199] Attempt to get parsing info during refresh. "On-the-fly" syntax checking information may be incorrect. [C:\Users\csy\Desktop\Study\Logic2024\tetris\tetris\tetris.srcs\sources_1\new\top.v:]
ERROR: [Common 17-180] Spawn failed: No error
WARNING: [filemgmt 56-199] Attempt to get parsing info during refresh. "On-the-fly" syntax checking information may be incorrect. [C:\Users\csy\Desktop\Study\Logic2024\tetris\tetris\tetris.srcs\sources_1\new\Anti_jitter.v:]
WARNING: [filemgmt 56-199] Attempt to get parsing info during refresh. "On-the-fly" syntax checking information may be incorrect. [C:\Users\csy\Desktop\Study\Logic2024\tetris\tetris\tetris.srcs\sources_1\new\top.v:]
ERROR: [Common 17-180] Spawn failed: No error
WARNING: [filemgmt 56-199] Attempt to get parsing info during refresh. "On-the-fly" syntax checking information may be incorrect. [C:\Users\csy\Desktop\Study\Logic2024\tetris\tetris\tetris.srcs\sources_1\new\Anti_jitter.v:]
WARNING: [filemgmt 56-199] Attempt to get parsing info during refresh. "On-the-fly" syntax checking information may be incorrect. [C:\Users\csy\Desktop\Study\Logic2024\tetris\tetris\tetris.srcs\sources_1\new\top.v:]
ERROR: [Common 17-180] Spawn failed: No error
update_compile_order -fileset sources_1
reset_run synth_1
INFO: [Project 1-1161] Replacing file C:/Users/csy/Desktop/Study/Logic2024/tetris/tetris/tetris.srcs/utils_1/imports/synth_1/top.dcp with file C:/Users/csy/Desktop/Study/Logic2024/tetris/tetris/tetris.runs/synth_1/top.dcp
launch_runs impl_1 -to_step write_bitstream -jobs 10
[Thu Jun  6 17:52:56 2024] Launched synth_1...
Run output will be captured here: C:/Users/csy/Desktop/Study/Logic2024/tetris/tetris/tetris.runs/synth_1/runme.log
[Thu Jun  6 17:52:57 2024] Launched impl_1...
Run output will be captured here: C:/Users/csy/Desktop/Study/Logic2024/tetris/tetris/tetris.runs/impl_1/runme.log
WARNING: [filemgmt 56-199] Attempt to get parsing info during refresh. "On-the-fly" syntax checking information may be incorrect. [C:\Users\csy\Desktop\Study\Logic2024\tetris\tetris\tetris.srcs\sources_1\new\Anti_jitter.v:]
WARNING: [filemgmt 56-199] Attempt to get parsing info during refresh. "On-the-fly" syntax checking information may be incorrect. [C:\Users\csy\Desktop\Study\Logic2024\tetris\tetris\tetris.srcs\sources_1\new\top.v:]
ERROR: [Common 17-180] Spawn failed: No error
INFO: [Labtoolstcl 44-466] Opening hw_target localhost:3121/xilinx_tcf/Digilent/210241633676
INFO: [Labtools 27-1434] Device xc7k160t (JTAG device index = 0) is programmed with a design that has no supported debug core(s) in it.
WARNING: [Labtoolstcl 44-129] No matching hw_ila_data was found.
set_property PROBES.FILE {} [get_hw_devices xc7k160t_0]
set_property FULL_PROBES.FILE {} [get_hw_devices xc7k160t_0]
set_property PROGRAM.FILE {C:/Users/csy/Desktop/Study/Logic2024/tetris/tetris/tetris.runs/impl_1/top.bit} [get_hw_devices xc7k160t_0]
program_hw_devices [get_hw_devices xc7k160t_0]
INFO: [Labtools 27-3164] End of startup status: HIGH
program_hw_devices: Time (s): cpu = 00:00:05 ; elapsed = 00:00:06 . Memory (MB): peak = 1749.340 ; gain = 0.000
refresh_hw_device [lindex [get_hw_devices xc7k160t_0] 0]
INFO: [Labtools 27-1434] Device xc7k160t (JTAG device index = 0) is programmed with a design that has no supported debug core(s) in it.
set_property PROBES.FILE {} [get_hw_devices xc7k160t_0]
set_property FULL_PROBES.FILE {} [get_hw_devices xc7k160t_0]
set_property PROGRAM.FILE {C:/Users/csy/Desktop/Study/Logic2024/tetris/tetris/tetris.runs/impl_1/top.bit} [get_hw_devices xc7k160t_0]
program_hw_devices [get_hw_devices xc7k160t_0]
INFO: [Labtools 27-3164] End of startup status: HIGH
program_hw_devices: Time (s): cpu = 00:00:04 ; elapsed = 00:00:06 . Memory (MB): peak = 1749.340 ; gain = 0.000
refresh_hw_device [lindex [get_hw_devices xc7k160t_0] 0]
INFO: [Labtools 27-1434] Device xc7k160t (JTAG device index = 0) is programmed with a design that has no supported debug core(s) in it.
WARNING: [filemgmt 56-199] Attempt to get parsing info during refresh. "On-the-fly" syntax checking information may be incorrect. [C:\Users\csy\Desktop\Study\Logic2024\tetris\tetris\tetris.srcs\sources_1\new\Anti_jitter.v:]
WARNING: [filemgmt 56-199] Attempt to get parsing info during refresh. "On-the-fly" syntax checking information may be incorrect. [C:\Users\csy\Desktop\Study\Logic2024\tetris\tetris\tetris.srcs\sources_1\new\top.v:]
ERROR: [Common 17-180] Spawn failed: No error
reset_run synth_1
INFO: [Project 1-1161] Replacing file C:/Users/csy/Desktop/Study/Logic2024/tetris/tetris/tetris.srcs/utils_1/imports/synth_1/top.dcp with file C:/Users/csy/Desktop/Study/Logic2024/tetris/tetris/tetris.runs/synth_1/top.dcp
launch_runs impl_1 -to_step write_bitstream -jobs 10
[Thu Jun  6 17:56:46 2024] Launched synth_1...
Run output will be captured here: C:/Users/csy/Desktop/Study/Logic2024/tetris/tetris/tetris.runs/synth_1/runme.log
[Thu Jun  6 17:56:46 2024] Launched impl_1...
Run output will be captured here: C:/Users/csy/Desktop/Study/Logic2024/tetris/tetris/tetris.runs/impl_1/runme.log
WARNING: [filemgmt 56-199] Attempt to get parsing info during refresh. "On-the-fly" syntax checking information may be incorrect. [C:\Users\csy\Desktop\Study\Logic2024\tetris\tetris\tetris.srcs\sources_1\new\Anti_jitter.v:]
WARNING: [filemgmt 56-199] Attempt to get parsing info during refresh. "On-the-fly" syntax checking information may be incorrect. [C:\Users\csy\Desktop\Study\Logic2024\tetris\tetris\tetris.srcs\sources_1\new\top.v:]
ERROR: [Common 17-180] Spawn failed: No error
set_property PROBES.FILE {} [get_hw_devices xc7k160t_0]
set_property FULL_PROBES.FILE {} [get_hw_devices xc7k160t_0]
set_property PROGRAM.FILE {C:/Users/csy/Desktop/Study/Logic2024/tetris/tetris/tetris.runs/impl_1/top.bit} [get_hw_devices xc7k160t_0]
program_hw_devices [get_hw_devices xc7k160t_0]
INFO: [Labtools 27-3164] End of startup status: HIGH
program_hw_devices: Time (s): cpu = 00:00:04 ; elapsed = 00:00:06 . Memory (MB): peak = 1749.340 ; gain = 0.000
refresh_hw_device [lindex [get_hw_devices xc7k160t_0] 0]
INFO: [Labtools 27-1434] Device xc7k160t (JTAG device index = 0) is programmed with a design that has no supported debug core(s) in it.
launch_simulation
Command: launch_simulation 
INFO: [Vivado 12-12493] Simulation top is 'top_sim'
WARNING: [Vivado 12-13340] Unable to auto find GCC executables from simulator install path! (path not set)
INFO: [Vivado 12-5682] Launching behavioral simulation in 'C:/Users/csy/Desktop/Study/Logic2024/tetris/tetris/tetris.sim/sim_1/behav/xsim'
INFO: [SIM-utils-51] Simulation object is 'sim_1'
INFO: [SIM-utils-72] Using boost library from 'D:/xilinx/Vivado/2023.2/tps/boost_1_72_0'
INFO: [SIM-utils-54] Inspecting design source files for 'top_sim' in fileset 'sim_1'...
INFO: [USF-XSim-97] Finding global include files...
INFO: [USF-XSim-98] Fetching design files from 'sim_1'...
INFO: [USF-XSim-2] XSim::Compile design
INFO: [USF-XSim-61] Executing 'COMPILE and ANALYZE' step in 'C:/Users/csy/Desktop/Study/Logic2024/tetris/tetris/tetris.sim/sim_1/behav/xsim'
"xvlog --incr --relax -prj top_sim_vlog.prj"
INFO: [VRFC 10-2263] Analyzing Verilog file "C:/Users/csy/Desktop/Study/Logic2024/tetris/tetris/tetris.srcs/sources_1/new/clk_div.v" into library xil_defaultlib
INFO: [VRFC 10-311] analyzing module clk_div
INFO: [VRFC 10-2263] Analyzing Verilog file "C:/Users/csy/Desktop/Study/Logic2024/tetris/tetris/tetris.srcs/sources_1/new/display.v" into library xil_defaultlib
INFO: [VRFC 10-311] analyzing module display
WARNING: [VRFC 10-1771] potential always loop found [C:/Users/csy/Desktop/Study/Logic2024/tetris/tetris/tetris.srcs/sources_1/new/display.v:67]
INFO: [VRFC 10-2263] Analyzing Verilog file "C:/Users/csy/Desktop/Study/Logic2024/tetris/tetris/tetris.srcs/sources_1/new/game.v" into library xil_defaultlib
INFO: [VRFC 10-311] analyzing module game
INFO: [VRFC 10-2263] Analyzing Verilog file "C:/Users/csy/Desktop/Study/Logic2024/tetris/tetris/tetris.srcs/sources_1/new/tetris_logic.v" into library xil_defaultlib
INFO: [VRFC 10-311] analyzing module tetris_logic
INFO: [VRFC 10-2263] Analyzing Verilog file "C:/Users/csy/Desktop/Study/Logic2024/tetris/tetris/tetris.srcs/sources_1/new/top.v" into library xil_defaultlib
INFO: [VRFC 10-311] analyzing module top
INFO: [VRFC 10-2263] Analyzing Verilog file "C:/Users/csy/Desktop/Study/Logic2024/tetris/tetris/tetris.srcs/sources_1/new/vga.v" into library xil_defaultlib
INFO: [VRFC 10-311] analyzing module VGA
INFO: [VRFC 10-2263] Analyzing Verilog file "C:/Users/csy/Desktop/Study/Logic2024/tetris/tetris/tetris.srcs/sim_1/new/top_sim.v" into library xil_defaultlib
INFO: [VRFC 10-311] analyzing module top_sim
INFO: [USF-XSim-69] 'compile' step finished in '1' seconds
INFO: [USF-XSim-3] XSim::Elaborate design
INFO: [USF-XSim-61] Executing 'ELABORATE' step in 'C:/Users/csy/Desktop/Study/Logic2024/tetris/tetris/tetris.sim/sim_1/behav/xsim'
"xelab --incr --debug typical --relax --mt 2 -L xil_defaultlib -L unisims_ver -L unimacro_ver -L secureip --snapshot top_sim_behav xil_defaultlib.top_sim xil_defaultlib.glbl -log elaborate.log"
Vivado Simulator v2023.2
Copyright 1986-2022 Xilinx, Inc. All Rights Reserved.
Copyright 2022-2023 Advanced Micro Devices, Inc. All Rights Reserved.
Running: D:/xilinx/Vivado/2023.2/bin/unwrapped/win64.o/xelab.exe --incr --debug typical --relax --mt 2 -L xil_defaultlib -L unisims_ver -L unimacro_ver -L secureip --snapshot top_sim_behav xil_defaultlib.top_sim xil_defaultlib.glbl -log elaborate.log 
Using 2 slave threads.
Starting static elaboration
Pass Through NonSizing Optimizer
WARNING: [VRFC 10-3091] actual bit length 8 differs from formal bit length 1 for port 'keyboard_data' [C:/Users/csy/Desktop/Study/Logic2024/tetris/tetris/tetris.srcs/sources_1/new/game.v:43]
WARNING: [VRFC 10-5021] port 'PS2C' is not connected on this instance [C:/Users/csy/Desktop/Study/Logic2024/tetris/tetris/tetris.srcs/sim_1/new/top_sim.v:40]
Completed static elaboration
Starting simulation data flow analysis
WARNING: [XSIM 43-4099] "C:/Users/csy/Desktop/Study/Logic2024/tetris/tetris/tetris.srcs/sources_1/new/clk_div.v" Line 1. Module clk_div doesn't have a timescale but at least one module in design has a timescale.
WARNING: [XSIM 43-4099] "C:/Users/csy/Desktop/Study/Logic2024/tetris/tetris/tetris.srcs/sources_1/new/display.v" Line 1. Module display doesn't have a timescale but at least one module in design has a timescale.
WARNING: [XSIM 43-4099] "C:/Users/csy/Desktop/Study/Logic2024/tetris/tetris/tetris.srcs/sources_1/new/clk_div.v" Line 1. Module clk_div doesn't have a timescale but at least one module in design has a timescale.
WARNING: [XSIM 43-4099] "C:/Users/csy/Desktop/Study/Logic2024/tetris/tetris/tetris.srcs/sources_1/new/display.v" Line 1. Module display doesn't have a timescale but at least one module in design has a timescale.
Completed simulation data flow analysis
Time Resolution for simulation is 1ps
Compiling module xil_defaultlib.clk_div
Compiling module xil_defaultlib.VGA
Compiling module xil_defaultlib.tetris_logic
Compiling module xil_defaultlib.game
Compiling module xil_defaultlib.display
Compiling module xil_defaultlib.top
Compiling module xil_defaultlib.top_sim
Compiling module xil_defaultlib.glbl
Built simulation snapshot top_sim_behav
INFO: [USF-XSim-69] 'elaborate' step finished in '3' seconds
INFO: [USF-XSim-4] XSim::Simulate design
INFO: [USF-XSim-61] Executing 'SIMULATE' step in 'C:/Users/csy/Desktop/Study/Logic2024/tetris/tetris/tetris.sim/sim_1/behav/xsim'
INFO: [USF-XSim-98] *** Running xsim
   with args "top_sim_behav -key {Behavioral:sim_1:Functional:top_sim} -tclbatch {top_sim.tcl} -log {simulate.log}"
INFO: [USF-XSim-8] Loading simulator feature
Time resolution is 1 ps
source top_sim.tcl
# set curr_wave [current_wave_config]
# if { [string length $curr_wave] == 0 } {
#   if { [llength [get_objects]] > 0} {
#     add_wave /
#     set_property needs_save false [current_wave_config]
#   } else {
#      send_msg_id Add_Wave-1 WARNING "No top level signals found. Simulator will start without a wave window. If you want to open a wave window go to 'File->New Waveform Configuration' or type 'create_wave_config' in the TCL console."
#   }
# }
# run 1000ns
INFO: [Common 17-41] Interrupt caught. Command should exit soon.
run: Time (s): cpu = 00:00:00 ; elapsed = 00:00:18 . Memory (MB): peak = 1826.883 ; gain = 14.531
INFO: [Common 17-344] 'run' was cancelled
INFO: [Common 17-344] 'source' was cancelled
xsim: Time (s): cpu = 00:00:00 ; elapsed = 00:00:21 . Memory (MB): peak = 1826.883 ; gain = 76.102
INFO: [Common 17-344] 'xsim' was cancelled
INFO: [Vivado 12-5357] 'simulate' step aborted
launch_simulation: Time (s): cpu = 00:00:00 ; elapsed = 00:00:25 . Memory (MB): peak = 1826.883 ; gain = 77.543
INFO: [Common 17-344] 'launch_simulation' was cancelled
WARNING: [filemgmt 56-199] Attempt to get parsing info during refresh. "On-the-fly" syntax checking information may be incorrect. [C:\Users\csy\Desktop\Study\Logic2024\tetris\tetris\tetris.srcs\sources_1\new\Anti_jitter.v:]
WARNING: [filemgmt 56-199] Attempt to get parsing info during refresh. "On-the-fly" syntax checking information may be incorrect. [C:\Users\csy\Desktop\Study\Logic2024\tetris\tetris\tetris.srcs\sources_1\new\top.v:]
WARNING: [filemgmt 56-199] Attempt to get parsing info during refresh. "On-the-fly" syntax checking information may be incorrect. [C:\Users\csy\Desktop\Study\Logic2024\tetris\tetris\tetris.srcs\sources_1\new\display.v:]
WARNING: [filemgmt 56-199] Attempt to get parsing info during refresh. "On-the-fly" syntax checking information may be incorrect. [C:\Users\csy\Desktop\Study\Logic2024\tetris\tetris\tetris.srcs\sources_1\new\Anti_jitter.v:]
WARNING: [filemgmt 56-199] Attempt to get parsing info during refresh. "On-the-fly" syntax checking information may be incorrect. [C:\Users\csy\Desktop\Study\Logic2024\tetris\tetris\tetris.srcs\sources_1\new\top.v:]
WARNING: [filemgmt 56-199] Attempt to get parsing info during refresh. "On-the-fly" syntax checking information may be incorrect. [C:\Users\csy\Desktop\Study\Logic2024\tetris\tetris\tetris.srcs\sources_1\new\display.v:]
ERROR: [Common 17-180] Spawn failed: No error
WARNING: [filemgmt 56-199] Attempt to get parsing info during refresh. "On-the-fly" syntax checking information may be incorrect. [C:\Users\csy\Desktop\Study\Logic2024\tetris\tetris\tetris.srcs\sources_1\new\Anti_jitter.v:]
WARNING: [filemgmt 56-199] Attempt to get parsing info during refresh. "On-the-fly" syntax checking information may be incorrect. [C:\Users\csy\Desktop\Study\Logic2024\tetris\tetris\tetris.srcs\sources_1\new\top.v:]
WARNING: [filemgmt 56-199] Attempt to get parsing info during refresh. "On-the-fly" syntax checking information may be incorrect. [C:\Users\csy\Desktop\Study\Logic2024\tetris\tetris\tetris.srcs\sources_1\new\display.v:]
WARNING: [filemgmt 56-199] Attempt to get parsing info during refresh. "On-the-fly" syntax checking information may be incorrect. [C:\Users\csy\Desktop\Study\Logic2024\tetris\tetris\tetris.srcs\sources_1\new\Anti_jitter.v:]
WARNING: [filemgmt 56-199] Attempt to get parsing info during refresh. "On-the-fly" syntax checking information may be incorrect. [C:\Users\csy\Desktop\Study\Logic2024\tetris\tetris\tetris.srcs\sources_1\new\top.v:]
WARNING: [filemgmt 56-199] Attempt to get parsing info during refresh. "On-the-fly" syntax checking information may be incorrect. [C:\Users\csy\Desktop\Study\Logic2024\tetris\tetris\tetris.srcs\sources_1\new\display.v:]
WARNING: [filemgmt 56-199] Attempt to get parsing info during refresh. "On-the-fly" syntax checking information may be incorrect. [C:\Users\csy\Desktop\Study\Logic2024\tetris\tetris\tetris.srcs\sources_1\new\Anti_jitter.v:]
WARNING: [filemgmt 56-199] Attempt to get parsing info during refresh. "On-the-fly" syntax checking information may be incorrect. [C:\Users\csy\Desktop\Study\Logic2024\tetris\tetris\tetris.srcs\sources_1\new\top.v:]
WARNING: [filemgmt 56-199] Attempt to get parsing info during refresh. "On-the-fly" syntax checking information may be incorrect. [C:\Users\csy\Desktop\Study\Logic2024\tetris\tetris\tetris.srcs\sources_1\new\display.v:]
WARNING: [filemgmt 56-199] Attempt to get parsing info during refresh. "On-the-fly" syntax checking information may be incorrect. [C:\Users\csy\Desktop\Study\Logic2024\tetris\tetris\tetris.srcs\sources_1\new\Anti_jitter.v:]
WARNING: [filemgmt 56-199] Attempt to get parsing info during refresh. "On-the-fly" syntax checking information may be incorrect. [C:\Users\csy\Desktop\Study\Logic2024\tetris\tetris\tetris.srcs\sources_1\new\top.v:]
WARNING: [filemgmt 56-199] Attempt to get parsing info during refresh. "On-the-fly" syntax checking information may be incorrect. [C:\Users\csy\Desktop\Study\Logic2024\tetris\tetris\tetris.srcs\sources_1\new\display.v:]
update_compile_order -fileset sources_1
WARNING: [filemgmt 56-199] Attempt to get parsing info during refresh. "On-the-fly" syntax checking information may be incorrect. [C:\Users\csy\Desktop\Study\Logic2024\tetris\tetris\tetris.srcs\sources_1\new\Anti_jitter.v:]
WARNING: [filemgmt 56-199] Attempt to get parsing info during refresh. "On-the-fly" syntax checking information may be incorrect. [C:\Users\csy\Desktop\Study\Logic2024\tetris\tetris\tetris.srcs\sources_1\new\top.v:]
WARNING: [filemgmt 56-199] Attempt to get parsing info during refresh. "On-the-fly" syntax checking information may be incorrect. [C:\Users\csy\Desktop\Study\Logic2024\tetris\tetris\tetris.srcs\sources_1\new\display.v:]
WARNING: [filemgmt 56-199] Attempt to get parsing info during refresh. "On-the-fly" syntax checking information may be incorrect. [C:\Users\csy\Desktop\Study\Logic2024\tetris\tetris\tetris.srcs\sources_1\new\Anti_jitter.v:]
WARNING: [filemgmt 56-199] Attempt to get parsing info during refresh. "On-the-fly" syntax checking information may be incorrect. [C:\Users\csy\Desktop\Study\Logic2024\tetris\tetris\tetris.srcs\sources_1\new\top.v:]
WARNING: [filemgmt 56-199] Attempt to get parsing info during refresh. "On-the-fly" syntax checking information may be incorrect. [C:\Users\csy\Desktop\Study\Logic2024\tetris\tetris\tetris.srcs\sources_1\new\display.v:]
WARNING: [filemgmt 56-199] Attempt to get parsing info during refresh. "On-the-fly" syntax checking information may be incorrect. [C:\Users\csy\Desktop\Study\Logic2024\tetris\tetris\tetris.srcs\sources_1\new\Anti_jitter.v:]
WARNING: [filemgmt 56-199] Attempt to get parsing info during refresh. "On-the-fly" syntax checking information may be incorrect. [C:\Users\csy\Desktop\Study\Logic2024\tetris\tetris\tetris.srcs\sources_1\new\top.v:]
WARNING: [filemgmt 56-199] Attempt to get parsing info during refresh. "On-the-fly" syntax checking information may be incorrect. [C:\Users\csy\Desktop\Study\Logic2024\tetris\tetris\tetris.srcs\sources_1\new\display.v:]
WARNING: [filemgmt 56-199] Attempt to get parsing info during refresh. "On-the-fly" syntax checking information may be incorrect. [C:\Users\csy\Desktop\Study\Logic2024\tetris\tetris\tetris.srcs\sources_1\new\Anti_jitter.v:]
WARNING: [filemgmt 56-199] Attempt to get parsing info during refresh. "On-the-fly" syntax checking information may be incorrect. [C:\Users\csy\Desktop\Study\Logic2024\tetris\tetris\tetris.srcs\sources_1\new\top.v:]
WARNING: [filemgmt 56-199] Attempt to get parsing info during refresh. "On-the-fly" syntax checking information may be incorrect. [C:\Users\csy\Desktop\Study\Logic2024\tetris\tetris\tetris.srcs\sources_1\new\display.v:]
WARNING: [filemgmt 56-199] Attempt to get parsing info during refresh. "On-the-fly" syntax checking information may be incorrect. [C:\Users\csy\Desktop\Study\Logic2024\tetris\tetris\tetris.srcs\sources_1\new\Anti_jitter.v:]
WARNING: [filemgmt 56-199] Attempt to get parsing info during refresh. "On-the-fly" syntax checking information may be incorrect. [C:\Users\csy\Desktop\Study\Logic2024\tetris\tetris\tetris.srcs\sources_1\new\top.v:]
WARNING: [filemgmt 56-199] Attempt to get parsing info during refresh. "On-the-fly" syntax checking information may be incorrect. [C:\Users\csy\Desktop\Study\Logic2024\tetris\tetris\tetris.srcs\sources_1\new\display.v:]
WARNING: [filemgmt 56-199] Attempt to get parsing info during refresh. "On-the-fly" syntax checking information may be incorrect. [C:\Users\csy\Desktop\Study\Logic2024\tetris\tetris\tetris.srcs\sources_1\new\Anti_jitter.v:]
WARNING: [filemgmt 56-199] Attempt to get parsing info during refresh. "On-the-fly" syntax checking information may be incorrect. [C:\Users\csy\Desktop\Study\Logic2024\tetris\tetris\tetris.srcs\sources_1\new\top.v:]
WARNING: [filemgmt 56-199] Attempt to get parsing info during refresh. "On-the-fly" syntax checking information may be incorrect. [C:\Users\csy\Desktop\Study\Logic2024\tetris\tetris\tetris.srcs\sources_1\new\display.v:]
WARNING: [filemgmt 56-199] Attempt to get parsing info during refresh. "On-the-fly" syntax checking information may be incorrect. [C:\Users\csy\Desktop\Study\Logic2024\tetris\tetris\tetris.srcs\sources_1\new\Anti_jitter.v:]
WARNING: [filemgmt 56-199] Attempt to get parsing info during refresh. "On-the-fly" syntax checking information may be incorrect. [C:\Users\csy\Desktop\Study\Logic2024\tetris\tetris\tetris.srcs\sources_1\new\Anti_jitter.v:]
WARNING: [filemgmt 56-199] Attempt to get parsing info during refresh. "On-the-fly" syntax checking information may be incorrect. [C:\Users\csy\Desktop\Study\Logic2024\tetris\tetris\tetris.srcs\sources_1\new\top.v:]
WARNING: [filemgmt 56-199] Attempt to get parsing info during refresh. "On-the-fly" syntax checking information may be incorrect. [C:\Users\csy\Desktop\Study\Logic2024\tetris\tetris\tetris.srcs\sources_1\new\display.v:]
WARNING: [filemgmt 56-199] Attempt to get parsing info during refresh. "On-the-fly" syntax checking information may be incorrect. [C:\Users\csy\Desktop\Study\Logic2024\tetris\tetris\tetris.srcs\sources_1\new\Anti_jitter.v:]
WARNING: [filemgmt 56-199] Attempt to get parsing info during refresh. "On-the-fly" syntax checking information may be incorrect. [C:\Users\csy\Desktop\Study\Logic2024\tetris\tetris\tetris.srcs\sources_1\new\top.v:]
WARNING: [filemgmt 56-199] Attempt to get parsing info during refresh. "On-the-fly" syntax checking information may be incorrect. [C:\Users\csy\Desktop\Study\Logic2024\tetris\tetris\tetris.srcs\sources_1\new\display.v:]
WARNING: [filemgmt 56-199] Attempt to get parsing info during refresh. "On-the-fly" syntax checking information may be incorrect. [C:\Users\csy\Desktop\Study\Logic2024\tetris\tetris\tetris.srcs\sources_1\new\Anti_jitter.v:]
WARNING: [filemgmt 56-199] Attempt to get parsing info during refresh. "On-the-fly" syntax checking information may be incorrect. [C:\Users\csy\Desktop\Study\Logic2024\tetris\tetris\tetris.srcs\sources_1\new\top.v:]
WARNING: [filemgmt 56-199] Attempt to get parsing info during refresh. "On-the-fly" syntax checking information may be incorrect. [C:\Users\csy\Desktop\Study\Logic2024\tetris\tetris\tetris.srcs\sources_1\new\display.v:]
ERROR: [Labtoolstcl 44-513] HW Target shutdown. Closing target: localhost:3121/xilinx_tcf/Digilent/210241633676
reset_run synth_1
INFO: [Project 1-1161] Replacing file C:/Users/csy/Desktop/Study/Logic2024/tetris/tetris/tetris.srcs/utils_1/imports/synth_1/top.dcp with file C:/Users/csy/Desktop/Study/Logic2024/tetris/tetris/tetris.runs/synth_1/top.dcp
WARNING: [Vivado 12-1017] Problems encountered:
1. Failed to delete one or more files in run directory C:/Users/csy/Desktop/Study/Logic2024/tetris/tetris/tetris.runs/synth_1

launch_runs impl_1 -to_step write_bitstream -jobs 10
[Thu Jun  6 18:06:19 2024] Launched synth_1...
Run output will be captured here: C:/Users/csy/Desktop/Study/Logic2024/tetris/tetris/tetris.runs/synth_1/runme.log
[Thu Jun  6 18:06:19 2024] Launched impl_1...
Run output will be captured here: C:/Users/csy/Desktop/Study/Logic2024/tetris/tetris/tetris.runs/impl_1/runme.log
WARNING: [filemgmt 56-199] Attempt to get parsing info during refresh. "On-the-fly" syntax checking information may be incorrect. [C:\Users\csy\Desktop\Study\Logic2024\tetris\tetris\tetris.srcs\sources_1\new\Anti_jitter.v:]
WARNING: [filemgmt 56-199] Attempt to get parsing info during refresh. "On-the-fly" syntax checking information may be incorrect. [C:\Users\csy\Desktop\Study\Logic2024\tetris\tetris\tetris.srcs\sources_1\new\top.v:]
WARNING: [filemgmt 56-199] Attempt to get parsing info during refresh. "On-the-fly" syntax checking information may be incorrect. [C:\Users\csy\Desktop\Study\Logic2024\tetris\tetris\tetris.srcs\sources_1\new\display.v:]
INFO: [Labtoolstcl 44-466] Opening hw_target localhost:3121/xilinx_tcf/Digilent/210241633676
INFO: [Labtools 27-1434] Device xc7k160t (JTAG device index = 0) is programmed with a design that has no supported debug core(s) in it.
WARNING: [Labtoolstcl 44-129] No matching hw_ila_data was found.
set_property PROBES.FILE {} [get_hw_devices xc7k160t_0]
set_property FULL_PROBES.FILE {} [get_hw_devices xc7k160t_0]
set_property PROGRAM.FILE {C:/Users/csy/Desktop/Study/Logic2024/tetris/tetris/tetris.runs/impl_1/top.bit} [get_hw_devices xc7k160t_0]
program_hw_devices [get_hw_devices xc7k160t_0]
INFO: [Labtools 27-3164] End of startup status: HIGH
program_hw_devices: Time (s): cpu = 00:00:04 ; elapsed = 00:00:06 . Memory (MB): peak = 1826.883 ; gain = 0.000
refresh_hw_device [lindex [get_hw_devices xc7k160t_0] 0]
INFO: [Labtools 27-1434] Device xc7k160t (JTAG device index = 0) is programmed with a design that has no supported debug core(s) in it.
ERROR: [Labtoolstcl 44-513] HW Target shutdown. Closing target: localhost:3121/xilinx_tcf/Digilent/210241633676
close_sim
WARNING: [filemgmt 56-199] Attempt to get parsing info during refresh. "On-the-fly" syntax checking information may be incorrect. [C:\Users\csy\Desktop\Study\Logic2024\tetris\tetris\tetris.srcs\sim_1\new\top_sim.v:]
WARNING: [filemgmt 56-199] Attempt to get parsing info during refresh. "On-the-fly" syntax checking information may be incorrect. [C:\Users\csy\Desktop\Study\Logic2024\tetris\tetris\tetris.srcs\sources_1\new\Anti_jitter.v:]
WARNING: [filemgmt 56-199] Attempt to get parsing info during refresh. "On-the-fly" syntax checking information may be incorrect. [C:\Users\csy\Desktop\Study\Logic2024\tetris\tetris\tetris.srcs\sources_1\new\display.v:]
WARNING: [filemgmt 56-199] Attempt to get parsing info during refresh. "On-the-fly" syntax checking information may be incorrect. [C:\Users\csy\Desktop\Study\Logic2024\tetris\tetris\tetris.srcs\sources_1\new\top.v:]
WARNING: [filemgmt 56-199] Attempt to get parsing info during refresh. "On-the-fly" syntax checking information may be incorrect. [C:\Users\csy\Desktop\Study\Logic2024\tetris\tetris\tetris.srcs\sources_1\new\tetris_logic.v:]
WARNING: [filemgmt 56-199] Attempt to get parsing info during refresh. "On-the-fly" syntax checking information may be incorrect. [C:\Users\csy\Desktop\Study\Logic2024\tetris\tetris\tetris.srcs\sources_1\new\game.v:]
WARNING: [filemgmt 56-199] Attempt to get parsing info during refresh. "On-the-fly" syntax checking information may be incorrect. [C:\Users\csy\Desktop\Study\Logic2024\tetris\tetris\tetris.srcs\sim_1\new\top_sim.v:]
WARNING: [filemgmt 56-199] Attempt to get parsing info during refresh. "On-the-fly" syntax checking information may be incorrect. [C:\Users\csy\Desktop\Study\Logic2024\tetris\tetris\tetris.srcs\sources_1\new\Anti_jitter.v:]
WARNING: [filemgmt 56-199] Attempt to get parsing info during refresh. "On-the-fly" syntax checking information may be incorrect. [C:\Users\csy\Desktop\Study\Logic2024\tetris\tetris\tetris.srcs\sources_1\new\display.v:]
WARNING: [filemgmt 56-199] Attempt to get parsing info during refresh. "On-the-fly" syntax checking information may be incorrect. [C:\Users\csy\Desktop\Study\Logic2024\tetris\tetris\tetris.srcs\sources_1\new\top.v:]
WARNING: [filemgmt 56-199] Attempt to get parsing info during refresh. "On-the-fly" syntax checking information may be incorrect. [C:\Users\csy\Desktop\Study\Logic2024\tetris\tetris\tetris.srcs\sources_1\new\tetris_logic.v:]
WARNING: [filemgmt 56-199] Attempt to get parsing info during refresh. "On-the-fly" syntax checking information may be incorrect. [C:\Users\csy\Desktop\Study\Logic2024\tetris\tetris\tetris.srcs\sources_1\new\game.v:]
WARNING: [filemgmt 56-199] Attempt to get parsing info during refresh. "On-the-fly" syntax checking information may be incorrect. [C:\Users\csy\Desktop\Study\Logic2024\tetris\tetris\tetris.srcs\sim_1\new\top_sim.v:]
WARNING: [filemgmt 56-199] Attempt to get parsing info during refresh. "On-the-fly" syntax checking information may be incorrect. [C:\Users\csy\Desktop\Study\Logic2024\tetris\tetris\tetris.srcs\sources_1\new\Anti_jitter.v:]
WARNING: [filemgmt 56-199] Attempt to get parsing info during refresh. "On-the-fly" syntax checking information may be incorrect. [C:\Users\csy\Desktop\Study\Logic2024\tetris\tetris\tetris.srcs\sources_1\new\display.v:]
WARNING: [filemgmt 56-199] Attempt to get parsing info during refresh. "On-the-fly" syntax checking information may be incorrect. [C:\Users\csy\Desktop\Study\Logic2024\tetris\tetris\tetris.srcs\sources_1\new\top.v:]
WARNING: [filemgmt 56-199] Attempt to get parsing info during refresh. "On-the-fly" syntax checking information may be incorrect. [C:\Users\csy\Desktop\Study\Logic2024\tetris\tetris\tetris.srcs\sources_1\new\tetris_logic.v:]
WARNING: [filemgmt 56-199] Attempt to get parsing info during refresh. "On-the-fly" syntax checking information may be incorrect. [C:\Users\csy\Desktop\Study\Logic2024\tetris\tetris\tetris.srcs\sources_1\new\game.v:]
INFO: [Simtcl 6-16] Simulation closed
ERROR: [Common 17-180] Spawn failed: No error
WARNING: [filemgmt 56-199] Attempt to get parsing info during refresh. "On-the-fly" syntax checking information may be incorrect. [C:\Users\csy\Desktop\Study\Logic2024\tetris\tetris\tetris.srcs\sim_1\new\top_sim.v:]
WARNING: [filemgmt 56-199] Attempt to get parsing info during refresh. "On-the-fly" syntax checking information may be incorrect. [C:\Users\csy\Desktop\Study\Logic2024\tetris\tetris\tetris.srcs\sources_1\new\Anti_jitter.v:]
WARNING: [filemgmt 56-199] Attempt to get parsing info during refresh. "On-the-fly" syntax checking information may be incorrect. [C:\Users\csy\Desktop\Study\Logic2024\tetris\tetris\tetris.srcs\sources_1\new\display.v:]
WARNING: [filemgmt 56-199] Attempt to get parsing info during refresh. "On-the-fly" syntax checking information may be incorrect. [C:\Users\csy\Desktop\Study\Logic2024\tetris\tetris\tetris.srcs\sources_1\new\top.v:]
WARNING: [filemgmt 56-199] Attempt to get parsing info during refresh. "On-the-fly" syntax checking information may be incorrect. [C:\Users\csy\Desktop\Study\Logic2024\tetris\tetris\tetris.srcs\sources_1\new\tetris_logic.v:]
WARNING: [filemgmt 56-199] Attempt to get parsing info during refresh. "On-the-fly" syntax checking information may be incorrect. [C:\Users\csy\Desktop\Study\Logic2024\tetris\tetris\tetris.srcs\sources_1\new\game.v:]
ERROR: [Common 17-180] Spawn failed: No error
WARNING: [filemgmt 56-199] Attempt to get parsing info during refresh. "On-the-fly" syntax checking information may be incorrect. [C:\Users\csy\Desktop\Study\Logic2024\tetris\tetris\tetris.srcs\sim_1\new\top_sim.v:]
WARNING: [filemgmt 56-199] Attempt to get parsing info during refresh. "On-the-fly" syntax checking information may be incorrect. [C:\Users\csy\Desktop\Study\Logic2024\tetris\tetris\tetris.srcs\sources_1\new\Anti_jitter.v:]
WARNING: [filemgmt 56-199] Attempt to get parsing info during refresh. "On-the-fly" syntax checking information may be incorrect. [C:\Users\csy\Desktop\Study\Logic2024\tetris\tetris\tetris.srcs\sources_1\new\display.v:]
WARNING: [filemgmt 56-199] Attempt to get parsing info during refresh. "On-the-fly" syntax checking information may be incorrect. [C:\Users\csy\Desktop\Study\Logic2024\tetris\tetris\tetris.srcs\sources_1\new\top.v:]
WARNING: [filemgmt 56-199] Attempt to get parsing info during refresh. "On-the-fly" syntax checking information may be incorrect. [C:\Users\csy\Desktop\Study\Logic2024\tetris\tetris\tetris.srcs\sources_1\new\tetris_logic.v:]
WARNING: [filemgmt 56-199] Attempt to get parsing info during refresh. "On-the-fly" syntax checking information may be incorrect. [C:\Users\csy\Desktop\Study\Logic2024\tetris\tetris\tetris.srcs\sources_1\new\game.v:]
ERROR: [Common 17-180] Spawn failed: No error
launch_simulation
Command: launch_simulation 
INFO: [Vivado 12-12493] Simulation top is 'top_sim'
WARNING: [Vivado 12-13340] Unable to auto find GCC executables from simulator install path! (path not set)
INFO: [Vivado 12-5682] Launching behavioral simulation in 'C:/Users/csy/Desktop/Study/Logic2024/tetris/tetris/tetris.sim/sim_1/behav/xsim'
INFO: [SIM-utils-51] Simulation object is 'sim_1'
INFO: [SIM-utils-72] Using boost library from 'D:/xilinx/Vivado/2023.2/tps/boost_1_72_0'
INFO: [SIM-utils-54] Inspecting design source files for 'top_sim' in fileset 'sim_1'...
INFO: [USF-XSim-97] Finding global include files...
INFO: [USF-XSim-98] Fetching design files from 'sim_1'...
INFO: [USF-XSim-2] XSim::Compile design
INFO: [USF-XSim-61] Executing 'COMPILE and ANALYZE' step in 'C:/Users/csy/Desktop/Study/Logic2024/tetris/tetris/tetris.sim/sim_1/behav/xsim'
"xvlog --incr --relax -prj top_sim_vlog.prj"
INFO: [VRFC 10-2263] Analyzing Verilog file "C:/Users/csy/Desktop/Study/Logic2024/tetris/tetris/tetris.srcs/sources_1/new/Anti_jitter.v" into library xil_defaultlib
INFO: [VRFC 10-311] analyzing module Anti_jitter
INFO: [VRFC 10-2263] Analyzing Verilog file "C:/Users/csy/Desktop/Study/Logic2024/tetris/tetris/tetris.srcs/sources_1/new/clk_div.v" into library xil_defaultlib
INFO: [VRFC 10-311] analyzing module clk_div
INFO: [VRFC 10-2263] Analyzing Verilog file "C:/Users/csy/Desktop/Study/Logic2024/tetris/tetris/tetris.srcs/sources_1/new/display.v" into library xil_defaultlib
INFO: [VRFC 10-311] analyzing module display
WARNING: [VRFC 10-1771] potential always loop found [C:/Users/csy/Desktop/Study/Logic2024/tetris/tetris/tetris.srcs/sources_1/new/display.v:67]
INFO: [VRFC 10-2263] Analyzing Verilog file "C:/Users/csy/Desktop/Study/Logic2024/tetris/tetris/tetris.srcs/sources_1/new/game.v" into library xil_defaultlib
INFO: [VRFC 10-311] analyzing module game
INFO: [VRFC 10-2263] Analyzing Verilog file "C:/Users/csy/Desktop/Study/Logic2024/tetris/tetris/tetris.srcs/sources_1/new/tetris_logic.v" into library xil_defaultlib
INFO: [VRFC 10-311] analyzing module tetris_logic
INFO: [VRFC 10-2263] Analyzing Verilog file "C:/Users/csy/Desktop/Study/Logic2024/tetris/tetris/tetris.srcs/sources_1/new/top.v" into library xil_defaultlib
INFO: [VRFC 10-311] analyzing module top
INFO: [VRFC 10-2263] Analyzing Verilog file "C:/Users/csy/Desktop/Study/Logic2024/tetris/tetris/tetris.srcs/sources_1/new/vga.v" into library xil_defaultlib
INFO: [VRFC 10-311] analyzing module VGA
INFO: [VRFC 10-2263] Analyzing Verilog file "C:/Users/csy/Desktop/Study/Logic2024/tetris/tetris/tetris.srcs/sim_1/new/top_sim.v" into library xil_defaultlib
INFO: [VRFC 10-311] analyzing module top_sim
INFO: [USF-XSim-69] 'compile' step finished in '1' seconds
INFO: [USF-XSim-3] XSim::Elaborate design
INFO: [USF-XSim-61] Executing 'ELABORATE' step in 'C:/Users/csy/Desktop/Study/Logic2024/tetris/tetris/tetris.sim/sim_1/behav/xsim'
"xelab --incr --debug typical --relax --mt 2 -L xil_defaultlib -L unisims_ver -L unimacro_ver -L secureip --snapshot top_sim_behav xil_defaultlib.top_sim xil_defaultlib.glbl -log elaborate.log"
Vivado Simulator v2023.2
Copyright 1986-2022 Xilinx, Inc. All Rights Reserved.
Copyright 2022-2023 Advanced Micro Devices, Inc. All Rights Reserved.
Running: D:/xilinx/Vivado/2023.2/bin/unwrapped/win64.o/xelab.exe --incr --debug typical --relax --mt 2 -L xil_defaultlib -L unisims_ver -L unimacro_ver -L secureip --snapshot top_sim_behav xil_defaultlib.top_sim xil_defaultlib.glbl -log elaborate.log 
Using 2 slave threads.
Starting static elaboration
Pass Through NonSizing Optimizer
WARNING: [VRFC 10-3091] actual bit length 8 differs from formal bit length 1 for port 'keyboard_data' [C:/Users/csy/Desktop/Study/Logic2024/tetris/tetris/tetris.srcs/sources_1/new/game.v:43]
WARNING: [VRFC 10-5021] port 'PS2C' is not connected on this instance [C:/Users/csy/Desktop/Study/Logic2024/tetris/tetris/tetris.srcs/sim_1/new/top_sim.v:40]
Completed static elaboration
Starting simulation data flow analysis
Completed simulation data flow analysis
Time Resolution for simulation is 1ps
Compiling module xil_defaultlib.clk_div
Compiling module xil_defaultlib.Anti_jitter
Compiling module xil_defaultlib.VGA
Compiling module xil_defaultlib.tetris_logic
Compiling module xil_defaultlib.game
Compiling module xil_defaultlib.display
Compiling module xil_defaultlib.top
Compiling module xil_defaultlib.top_sim
Compiling module xil_defaultlib.glbl
Built simulation snapshot top_sim_behav
INFO: [USF-XSim-69] 'elaborate' step finished in '3' seconds
INFO: [USF-XSim-4] XSim::Simulate design
INFO: [USF-XSim-61] Executing 'SIMULATE' step in 'C:/Users/csy/Desktop/Study/Logic2024/tetris/tetris/tetris.sim/sim_1/behav/xsim'
INFO: [USF-XSim-98] *** Running xsim
   with args "top_sim_behav -key {Behavioral:sim_1:Functional:top_sim} -tclbatch {top_sim.tcl} -log {simulate.log}"
INFO: [USF-XSim-8] Loading simulator feature
Time resolution is 1 ps
source top_sim.tcl
# set curr_wave [current_wave_config]
# if { [string length $curr_wave] == 0 } {
#   if { [llength [get_objects]] > 0} {
#     add_wave /
#     set_property needs_save false [current_wave_config]
#   } else {
#      send_msg_id Add_Wave-1 WARNING "No top level signals found. Simulator will start without a wave window. If you want to open a wave window go to 'File->New Waveform Configuration' or type 'create_wave_config' in the TCL console."
#   }
# }
# run 1000ns
INFO: [Common 17-41] Interrupt caught. Command should exit soon.
run: Time (s): cpu = 00:00:00 ; elapsed = 00:00:05 . Memory (MB): peak = 1828.727 ; gain = 0.000
INFO: [Common 17-344] 'run' was cancelled
INFO: [Common 17-344] 'source' was cancelled
xsim: Time (s): cpu = 00:00:01 ; elapsed = 00:00:07 . Memory (MB): peak = 1828.727 ; gain = 1.844
INFO: [Common 17-344] 'xsim' was cancelled
INFO: [Vivado 12-5357] 'simulate' step aborted
launch_simulation: Time (s): cpu = 00:00:01 ; elapsed = 00:00:11 . Memory (MB): peak = 1828.727 ; gain = 1.844
INFO: [Common 17-344] 'launch_simulation' was cancelled
close_sim
WARNING: [filemgmt 56-199] Attempt to get parsing info during refresh. "On-the-fly" syntax checking information may be incorrect. [C:\Users\csy\Desktop\Study\Logic2024\tetris\tetris\tetris.srcs\sim_1\new\top_sim.v:]
WARNING: [filemgmt 56-199] Attempt to get parsing info during refresh. "On-the-fly" syntax checking information may be incorrect. [C:\Users\csy\Desktop\Study\Logic2024\tetris\tetris\tetris.srcs\sources_1\new\Anti_jitter.v:]
WARNING: [filemgmt 56-199] Attempt to get parsing info during refresh. "On-the-fly" syntax checking information may be incorrect. [C:\Users\csy\Desktop\Study\Logic2024\tetris\tetris\tetris.srcs\sources_1\new\display.v:]
WARNING: [filemgmt 56-199] Attempt to get parsing info during refresh. "On-the-fly" syntax checking information may be incorrect. [C:\Users\csy\Desktop\Study\Logic2024\tetris\tetris\tetris.srcs\sources_1\new\top.v:]
WARNING: [filemgmt 56-199] Attempt to get parsing info during refresh. "On-the-fly" syntax checking information may be incorrect. [C:\Users\csy\Desktop\Study\Logic2024\tetris\tetris\tetris.srcs\sources_1\new\tetris_logic.v:]
WARNING: [filemgmt 56-199] Attempt to get parsing info during refresh. "On-the-fly" syntax checking information may be incorrect. [C:\Users\csy\Desktop\Study\Logic2024\tetris\tetris\tetris.srcs\sources_1\new\game.v:]
WARNING: [filemgmt 56-199] Attempt to get parsing info during refresh. "On-the-fly" syntax checking information may be incorrect. [C:\Users\csy\Desktop\Study\Logic2024\tetris\tetris\tetris.srcs\sim_1\new\top_sim.v:]
WARNING: [filemgmt 56-199] Attempt to get parsing info during refresh. "On-the-fly" syntax checking information may be incorrect. [C:\Users\csy\Desktop\Study\Logic2024\tetris\tetris\tetris.srcs\sources_1\new\Anti_jitter.v:]
WARNING: [filemgmt 56-199] Attempt to get parsing info during refresh. "On-the-fly" syntax checking information may be incorrect. [C:\Users\csy\Desktop\Study\Logic2024\tetris\tetris\tetris.srcs\sources_1\new\display.v:]
WARNING: [filemgmt 56-199] Attempt to get parsing info during refresh. "On-the-fly" syntax checking information may be incorrect. [C:\Users\csy\Desktop\Study\Logic2024\tetris\tetris\tetris.srcs\sources_1\new\top.v:]
WARNING: [filemgmt 56-199] Attempt to get parsing info during refresh. "On-the-fly" syntax checking information may be incorrect. [C:\Users\csy\Desktop\Study\Logic2024\tetris\tetris\tetris.srcs\sources_1\new\tetris_logic.v:]
WARNING: [filemgmt 56-199] Attempt to get parsing info during refresh. "On-the-fly" syntax checking information may be incorrect. [C:\Users\csy\Desktop\Study\Logic2024\tetris\tetris\tetris.srcs\sources_1\new\game.v:]
INFO: [Simtcl 6-16] Simulation closed
WARNING: [filemgmt 56-199] Attempt to get parsing info during refresh. "On-the-fly" syntax checking information may be incorrect. [C:\Users\csy\Desktop\Study\Logic2024\tetris\tetris\tetris.srcs\sim_1\new\top_sim.v:]
WARNING: [filemgmt 56-199] Attempt to get parsing info during refresh. "On-the-fly" syntax checking information may be incorrect. [C:\Users\csy\Desktop\Study\Logic2024\tetris\tetris\tetris.srcs\sources_1\new\Anti_jitter.v:]
WARNING: [filemgmt 56-199] Attempt to get parsing info during refresh. "On-the-fly" syntax checking information may be incorrect. [C:\Users\csy\Desktop\Study\Logic2024\tetris\tetris\tetris.srcs\sources_1\new\display.v:]
WARNING: [filemgmt 56-199] Attempt to get parsing info during refresh. "On-the-fly" syntax checking information may be incorrect. [C:\Users\csy\Desktop\Study\Logic2024\tetris\tetris\tetris.srcs\sources_1\new\top.v:]
WARNING: [filemgmt 56-199] Attempt to get parsing info during refresh. "On-the-fly" syntax checking information may be incorrect. [C:\Users\csy\Desktop\Study\Logic2024\tetris\tetris\tetris.srcs\sources_1\new\tetris_logic.v:]
WARNING: [filemgmt 56-199] Attempt to get parsing info during refresh. "On-the-fly" syntax checking information may be incorrect. [C:\Users\csy\Desktop\Study\Logic2024\tetris\tetris\tetris.srcs\sources_1\new\game.v:]
WARNING: [filemgmt 56-199] Attempt to get parsing info during refresh. "On-the-fly" syntax checking information may be incorrect. [C:\Users\csy\Desktop\Study\Logic2024\tetris\tetris\tetris.srcs\sim_1\new\top_sim.v:]
WARNING: [filemgmt 56-199] Attempt to get parsing info during refresh. "On-the-fly" syntax checking information may be incorrect. [C:\Users\csy\Desktop\Study\Logic2024\tetris\tetris\tetris.srcs\sources_1\new\Anti_jitter.v:]
WARNING: [filemgmt 56-199] Attempt to get parsing info during refresh. "On-the-fly" syntax checking information may be incorrect. [C:\Users\csy\Desktop\Study\Logic2024\tetris\tetris\tetris.srcs\sources_1\new\display.v:]
WARNING: [filemgmt 56-199] Attempt to get parsing info during refresh. "On-the-fly" syntax checking information may be incorrect. [C:\Users\csy\Desktop\Study\Logic2024\tetris\tetris\tetris.srcs\sources_1\new\top.v:]
WARNING: [filemgmt 56-199] Attempt to get parsing info during refresh. "On-the-fly" syntax checking information may be incorrect. [C:\Users\csy\Desktop\Study\Logic2024\tetris\tetris\tetris.srcs\sources_1\new\tetris_logic.v:]
WARNING: [filemgmt 56-199] Attempt to get parsing info during refresh. "On-the-fly" syntax checking information may be incorrect. [C:\Users\csy\Desktop\Study\Logic2024\tetris\tetris\tetris.srcs\sources_1\new\game.v:]
ERROR: [Common 17-180] Spawn failed: No error
WARNING: [filemgmt 56-199] Attempt to get parsing info during refresh. "On-the-fly" syntax checking information may be incorrect. [C:\Users\csy\Desktop\Study\Logic2024\tetris\tetris\tetris.srcs\sim_1\new\top_sim.v:]
WARNING: [filemgmt 56-199] Attempt to get parsing info during refresh. "On-the-fly" syntax checking information may be incorrect. [C:\Users\csy\Desktop\Study\Logic2024\tetris\tetris\tetris.srcs\sources_1\new\Anti_jitter.v:]
WARNING: [filemgmt 56-199] Attempt to get parsing info during refresh. "On-the-fly" syntax checking information may be incorrect. [C:\Users\csy\Desktop\Study\Logic2024\tetris\tetris\tetris.srcs\sources_1\new\display.v:]
WARNING: [filemgmt 56-199] Attempt to get parsing info during refresh. "On-the-fly" syntax checking information may be incorrect. [C:\Users\csy\Desktop\Study\Logic2024\tetris\tetris\tetris.srcs\sources_1\new\top.v:]
WARNING: [filemgmt 56-199] Attempt to get parsing info during refresh. "On-the-fly" syntax checking information may be incorrect. [C:\Users\csy\Desktop\Study\Logic2024\tetris\tetris\tetris.srcs\sources_1\new\tetris_logic.v:]
WARNING: [filemgmt 56-199] Attempt to get parsing info during refresh. "On-the-fly" syntax checking information may be incorrect. [C:\Users\csy\Desktop\Study\Logic2024\tetris\tetris\tetris.srcs\sources_1\new\game.v:]
ERROR: [Common 17-180] Spawn failed: No error
launch_simulation
Command: launch_simulation 
INFO: [Vivado 12-12493] Simulation top is 'top_sim'
WARNING: [Vivado 12-13340] Unable to auto find GCC executables from simulator install path! (path not set)
INFO: [Vivado 12-5682] Launching behavioral simulation in 'C:/Users/csy/Desktop/Study/Logic2024/tetris/tetris/tetris.sim/sim_1/behav/xsim'
INFO: [SIM-utils-51] Simulation object is 'sim_1'
INFO: [SIM-utils-72] Using boost library from 'D:/xilinx/Vivado/2023.2/tps/boost_1_72_0'
INFO: [SIM-utils-54] Inspecting design source files for 'top_sim' in fileset 'sim_1'...
INFO: [USF-XSim-97] Finding global include files...
INFO: [USF-XSim-98] Fetching design files from 'sim_1'...
INFO: [USF-XSim-2] XSim::Compile design
INFO: [USF-XSim-61] Executing 'COMPILE and ANALYZE' step in 'C:/Users/csy/Desktop/Study/Logic2024/tetris/tetris/tetris.sim/sim_1/behav/xsim'
"xvlog --incr --relax -prj top_sim_vlog.prj"
INFO: [VRFC 10-2263] Analyzing Verilog file "C:/Users/csy/Desktop/Study/Logic2024/tetris/tetris/tetris.srcs/sources_1/new/Anti_jitter.v" into library xil_defaultlib
INFO: [VRFC 10-311] analyzing module Anti_jitter
INFO: [VRFC 10-2263] Analyzing Verilog file "C:/Users/csy/Desktop/Study/Logic2024/tetris/tetris/tetris.srcs/sources_1/new/clk_div.v" into library xil_defaultlib
INFO: [VRFC 10-311] analyzing module clk_div
INFO: [VRFC 10-2263] Analyzing Verilog file "C:/Users/csy/Desktop/Study/Logic2024/tetris/tetris/tetris.srcs/sources_1/new/display.v" into library xil_defaultlib
INFO: [VRFC 10-311] analyzing module display
WARNING: [VRFC 10-1771] potential always loop found [C:/Users/csy/Desktop/Study/Logic2024/tetris/tetris/tetris.srcs/sources_1/new/display.v:67]
INFO: [VRFC 10-2263] Analyzing Verilog file "C:/Users/csy/Desktop/Study/Logic2024/tetris/tetris/tetris.srcs/sources_1/new/game.v" into library xil_defaultlib
INFO: [VRFC 10-311] analyzing module game
INFO: [VRFC 10-2263] Analyzing Verilog file "C:/Users/csy/Desktop/Study/Logic2024/tetris/tetris/tetris.srcs/sources_1/new/tetris_logic.v" into library xil_defaultlib
INFO: [VRFC 10-311] analyzing module tetris_logic
INFO: [VRFC 10-2263] Analyzing Verilog file "C:/Users/csy/Desktop/Study/Logic2024/tetris/tetris/tetris.srcs/sources_1/new/top.v" into library xil_defaultlib
INFO: [VRFC 10-311] analyzing module top
INFO: [VRFC 10-2263] Analyzing Verilog file "C:/Users/csy/Desktop/Study/Logic2024/tetris/tetris/tetris.srcs/sources_1/new/vga.v" into library xil_defaultlib
INFO: [VRFC 10-311] analyzing module VGA
INFO: [VRFC 10-2263] Analyzing Verilog file "C:/Users/csy/Desktop/Study/Logic2024/tetris/tetris/tetris.srcs/sim_1/new/top_sim.v" into library xil_defaultlib
INFO: [VRFC 10-311] analyzing module top_sim
INFO: [USF-XSim-69] 'compile' step finished in '1' seconds
INFO: [USF-XSim-3] XSim::Elaborate design
INFO: [USF-XSim-61] Executing 'ELABORATE' step in 'C:/Users/csy/Desktop/Study/Logic2024/tetris/tetris/tetris.sim/sim_1/behav/xsim'
"xelab --incr --debug typical --relax --mt 2 -L xil_defaultlib -L unisims_ver -L unimacro_ver -L secureip --snapshot top_sim_behav xil_defaultlib.top_sim xil_defaultlib.glbl -log elaborate.log"
Vivado Simulator v2023.2
Copyright 1986-2022 Xilinx, Inc. All Rights Reserved.
Copyright 2022-2023 Advanced Micro Devices, Inc. All Rights Reserved.
Running: D:/xilinx/Vivado/2023.2/bin/unwrapped/win64.o/xelab.exe --incr --debug typical --relax --mt 2 -L xil_defaultlib -L unisims_ver -L unimacro_ver -L secureip --snapshot top_sim_behav xil_defaultlib.top_sim xil_defaultlib.glbl -log elaborate.log 
Using 2 slave threads.
Starting static elaboration
Pass Through NonSizing Optimizer
WARNING: [VRFC 10-3091] actual bit length 16 differs from formal bit length 15 for port 'SW' [C:/Users/csy/Desktop/Study/Logic2024/tetris/tetris/tetris.srcs/sim_1/new/top_sim.v:41]
WARNING: [VRFC 10-3091] actual bit length 8 differs from formal bit length 1 for port 'keyboard_data' [C:/Users/csy/Desktop/Study/Logic2024/tetris/tetris/tetris.srcs/sources_1/new/game.v:43]
WARNING: [VRFC 10-5021] port 'PS2C' is not connected on this instance [C:/Users/csy/Desktop/Study/Logic2024/tetris/tetris/tetris.srcs/sim_1/new/top_sim.v:41]
Completed static elaboration
Starting simulation data flow analysis
Completed simulation data flow analysis
Time Resolution for simulation is 1ps
Compiling module xil_defaultlib.clk_div
Compiling module xil_defaultlib.Anti_jitter
Compiling module xil_defaultlib.VGA
Compiling module xil_defaultlib.tetris_logic
Compiling module xil_defaultlib.game
Compiling module xil_defaultlib.display
Compiling module xil_defaultlib.top
Compiling module xil_defaultlib.top_sim
Compiling module xil_defaultlib.glbl
Built simulation snapshot top_sim_behav
INFO: [USF-XSim-69] 'elaborate' step finished in '3' seconds
INFO: [USF-XSim-4] XSim::Simulate design
INFO: [USF-XSim-61] Executing 'SIMULATE' step in 'C:/Users/csy/Desktop/Study/Logic2024/tetris/tetris/tetris.sim/sim_1/behav/xsim'
INFO: [USF-XSim-98] *** Running xsim
   with args "top_sim_behav -key {Behavioral:sim_1:Functional:top_sim} -tclbatch {top_sim.tcl} -log {simulate.log}"
INFO: [USF-XSim-8] Loading simulator feature
Time resolution is 1 ps
source top_sim.tcl
# set curr_wave [current_wave_config]
# if { [string length $curr_wave] == 0 } {
#   if { [llength [get_objects]] > 0} {
#     add_wave /
#     set_property needs_save false [current_wave_config]
#   } else {
#      send_msg_id Add_Wave-1 WARNING "No top level signals found. Simulator will start without a wave window. If you want to open a wave window go to 'File->New Waveform Configuration' or type 'create_wave_config' in the TCL console."
#   }
# }
# run 1000ns
INFO: [Common 17-41] Interrupt caught. Command should exit soon.
run: Time (s): cpu = 00:00:01 ; elapsed = 00:00:08 . Memory (MB): peak = 1829.797 ; gain = 0.000
INFO: [Common 17-344] 'run' was cancelled
INFO: [Common 17-344] 'source' was cancelled
xsim: Time (s): cpu = 00:00:01 ; elapsed = 00:00:10 . Memory (MB): peak = 1829.797 ; gain = 1.070
INFO: [Common 17-344] 'xsim' was cancelled
INFO: [Vivado 12-5357] 'simulate' step aborted
launch_simulation: Time (s): cpu = 00:00:01 ; elapsed = 00:00:15 . Memory (MB): peak = 1829.797 ; gain = 1.070
INFO: [Common 17-344] 'launch_simulation' was cancelled
WARNING: [filemgmt 56-199] Attempt to get parsing info during refresh. "On-the-fly" syntax checking information may be incorrect. [C:\Users\csy\Desktop\Study\Logic2024\tetris\tetris\tetris.srcs\sim_1\new\top_sim.v:]
WARNING: [filemgmt 56-199] Attempt to get parsing info during refresh. "On-the-fly" syntax checking information may be incorrect. [C:\Users\csy\Desktop\Study\Logic2024\tetris\tetris\tetris.srcs\sources_1\new\Anti_jitter.v:]
WARNING: [filemgmt 56-199] Attempt to get parsing info during refresh. "On-the-fly" syntax checking information may be incorrect. [C:\Users\csy\Desktop\Study\Logic2024\tetris\tetris\tetris.srcs\sources_1\new\display.v:]
WARNING: [filemgmt 56-199] Attempt to get parsing info during refresh. "On-the-fly" syntax checking information may be incorrect. [C:\Users\csy\Desktop\Study\Logic2024\tetris\tetris\tetris.srcs\sources_1\new\top.v:]
WARNING: [filemgmt 56-199] Attempt to get parsing info during refresh. "On-the-fly" syntax checking information may be incorrect. [C:\Users\csy\Desktop\Study\Logic2024\tetris\tetris\tetris.srcs\sources_1\new\tetris_logic.v:]
WARNING: [filemgmt 56-199] Attempt to get parsing info during refresh. "On-the-fly" syntax checking information may be incorrect. [C:\Users\csy\Desktop\Study\Logic2024\tetris\tetris\tetris.srcs\sources_1\new\game.v:]
WARNING: [filemgmt 56-199] Attempt to get parsing info during refresh. "On-the-fly" syntax checking information may be incorrect. [C:\Users\csy\Desktop\Study\Logic2024\tetris\tetris\tetris.srcs\sim_1\new\top_sim.v:]
WARNING: [filemgmt 56-199] Attempt to get parsing info during refresh. "On-the-fly" syntax checking information may be incorrect. [C:\Users\csy\Desktop\Study\Logic2024\tetris\tetris\tetris.srcs\sources_1\new\Anti_jitter.v:]
WARNING: [filemgmt 56-199] Attempt to get parsing info during refresh. "On-the-fly" syntax checking information may be incorrect. [C:\Users\csy\Desktop\Study\Logic2024\tetris\tetris\tetris.srcs\sources_1\new\display.v:]
WARNING: [filemgmt 56-199] Attempt to get parsing info during refresh. "On-the-fly" syntax checking information may be incorrect. [C:\Users\csy\Desktop\Study\Logic2024\tetris\tetris\tetris.srcs\sources_1\new\top.v:]
WARNING: [filemgmt 56-199] Attempt to get parsing info during refresh. "On-the-fly" syntax checking information may be incorrect. [C:\Users\csy\Desktop\Study\Logic2024\tetris\tetris\tetris.srcs\sources_1\new\tetris_logic.v:]
WARNING: [filemgmt 56-199] Attempt to get parsing info during refresh. "On-the-fly" syntax checking information may be incorrect. [C:\Users\csy\Desktop\Study\Logic2024\tetris\tetris\tetris.srcs\sources_1\new\game.v:]
ERROR: [Common 17-180] Spawn failed: No error
WARNING: [filemgmt 56-199] Attempt to get parsing info during refresh. "On-the-fly" syntax checking information may be incorrect. [C:\Users\csy\Desktop\Study\Logic2024\tetris\tetris\tetris.srcs\sim_1\new\top_sim.v:]
WARNING: [filemgmt 56-199] Attempt to get parsing info during refresh. "On-the-fly" syntax checking information may be incorrect. [C:\Users\csy\Desktop\Study\Logic2024\tetris\tetris\tetris.srcs\sources_1\new\Anti_jitter.v:]
WARNING: [filemgmt 56-199] Attempt to get parsing info during refresh. "On-the-fly" syntax checking information may be incorrect. [C:\Users\csy\Desktop\Study\Logic2024\tetris\tetris\tetris.srcs\sources_1\new\display.v:]
WARNING: [filemgmt 56-199] Attempt to get parsing info during refresh. "On-the-fly" syntax checking information may be incorrect. [C:\Users\csy\Desktop\Study\Logic2024\tetris\tetris\tetris.srcs\sources_1\new\top.v:]
WARNING: [filemgmt 56-199] Attempt to get parsing info during refresh. "On-the-fly" syntax checking information may be incorrect. [C:\Users\csy\Desktop\Study\Logic2024\tetris\tetris\tetris.srcs\sources_1\new\tetris_logic.v:]
WARNING: [filemgmt 56-199] Attempt to get parsing info during refresh. "On-the-fly" syntax checking information may be incorrect. [C:\Users\csy\Desktop\Study\Logic2024\tetris\tetris\tetris.srcs\sources_1\new\game.v:]
ERROR: [Common 17-180] Spawn failed: No error
WARNING: [filemgmt 56-199] Attempt to get parsing info during refresh. "On-the-fly" syntax checking information may be incorrect. [C:\Users\csy\Desktop\Study\Logic2024\tetris\tetris\tetris.srcs\sim_1\new\top_sim.v:]
WARNING: [filemgmt 56-199] Attempt to get parsing info during refresh. "On-the-fly" syntax checking information may be incorrect. [C:\Users\csy\Desktop\Study\Logic2024\tetris\tetris\tetris.srcs\sources_1\new\Anti_jitter.v:]
WARNING: [filemgmt 56-199] Attempt to get parsing info during refresh. "On-the-fly" syntax checking information may be incorrect. [C:\Users\csy\Desktop\Study\Logic2024\tetris\tetris\tetris.srcs\sources_1\new\display.v:]
WARNING: [filemgmt 56-199] Attempt to get parsing info during refresh. "On-the-fly" syntax checking information may be incorrect. [C:\Users\csy\Desktop\Study\Logic2024\tetris\tetris\tetris.srcs\sources_1\new\top.v:]
WARNING: [filemgmt 56-199] Attempt to get parsing info during refresh. "On-the-fly" syntax checking information may be incorrect. [C:\Users\csy\Desktop\Study\Logic2024\tetris\tetris\tetris.srcs\sources_1\new\tetris_logic.v:]
WARNING: [filemgmt 56-199] Attempt to get parsing info during refresh. "On-the-fly" syntax checking information may be incorrect. [C:\Users\csy\Desktop\Study\Logic2024\tetris\tetris\tetris.srcs\sources_1\new\game.v:]
WARNING: [filemgmt 56-199] Attempt to get parsing info during refresh. "On-the-fly" syntax checking information may be incorrect. [C:\Users\csy\Desktop\Study\Logic2024\tetris\tetris\tetris.srcs\sim_1\new\top_sim.v:]
WARNING: [filemgmt 56-199] Attempt to get parsing info during refresh. "On-the-fly" syntax checking information may be incorrect. [C:\Users\csy\Desktop\Study\Logic2024\tetris\tetris\tetris.srcs\sources_1\new\Anti_jitter.v:]
WARNING: [filemgmt 56-199] Attempt to get parsing info during refresh. "On-the-fly" syntax checking information may be incorrect. [C:\Users\csy\Desktop\Study\Logic2024\tetris\tetris\tetris.srcs\sources_1\new\display.v:]
WARNING: [filemgmt 56-199] Attempt to get parsing info during refresh. "On-the-fly" syntax checking information may be incorrect. [C:\Users\csy\Desktop\Study\Logic2024\tetris\tetris\tetris.srcs\sources_1\new\top.v:]
WARNING: [filemgmt 56-199] Attempt to get parsing info during refresh. "On-the-fly" syntax checking information may be incorrect. [C:\Users\csy\Desktop\Study\Logic2024\tetris\tetris\tetris.srcs\sources_1\new\tetris_logic.v:]
WARNING: [filemgmt 56-199] Attempt to get parsing info during refresh. "On-the-fly" syntax checking information may be incorrect. [C:\Users\csy\Desktop\Study\Logic2024\tetris\tetris\tetris.srcs\sources_1\new\game.v:]
WARNING: [filemgmt 56-199] Attempt to get parsing info during refresh. "On-the-fly" syntax checking information may be incorrect. [C:\Users\csy\Desktop\Study\Logic2024\tetris\tetris\tetris.srcs\sim_1\new\top_sim.v:]
WARNING: [filemgmt 56-199] Attempt to get parsing info during refresh. "On-the-fly" syntax checking information may be incorrect. [C:\Users\csy\Desktop\Study\Logic2024\tetris\tetris\tetris.srcs\sources_1\new\Anti_jitter.v:]
WARNING: [filemgmt 56-199] Attempt to get parsing info during refresh. "On-the-fly" syntax checking information may be incorrect. [C:\Users\csy\Desktop\Study\Logic2024\tetris\tetris\tetris.srcs\sources_1\new\display.v:]
WARNING: [filemgmt 56-199] Attempt to get parsing info during refresh. "On-the-fly" syntax checking information may be incorrect. [C:\Users\csy\Desktop\Study\Logic2024\tetris\tetris\tetris.srcs\sources_1\new\top.v:]
WARNING: [filemgmt 56-199] Attempt to get parsing info during refresh. "On-the-fly" syntax checking information may be incorrect. [C:\Users\csy\Desktop\Study\Logic2024\tetris\tetris\tetris.srcs\sources_1\new\tetris_logic.v:]
WARNING: [filemgmt 56-199] Attempt to get parsing info during refresh. "On-the-fly" syntax checking information may be incorrect. [C:\Users\csy\Desktop\Study\Logic2024\tetris\tetris\tetris.srcs\sources_1\new\game.v:]
WARNING: [filemgmt 56-199] Attempt to get parsing info during refresh. "On-the-fly" syntax checking information may be incorrect. [C:\Users\csy\Desktop\Study\Logic2024\tetris\tetris\tetris.srcs\sim_1\new\top_sim.v:]
WARNING: [filemgmt 56-199] Attempt to get parsing info during refresh. "On-the-fly" syntax checking information may be incorrect. [C:\Users\csy\Desktop\Study\Logic2024\tetris\tetris\tetris.srcs\sources_1\new\Anti_jitter.v:]
WARNING: [filemgmt 56-199] Attempt to get parsing info during refresh. "On-the-fly" syntax checking information may be incorrect. [C:\Users\csy\Desktop\Study\Logic2024\tetris\tetris\tetris.srcs\sources_1\new\display.v:]
WARNING: [filemgmt 56-199] Attempt to get parsing info during refresh. "On-the-fly" syntax checking information may be incorrect. [C:\Users\csy\Desktop\Study\Logic2024\tetris\tetris\tetris.srcs\sources_1\new\top.v:]
WARNING: [filemgmt 56-199] Attempt to get parsing info during refresh. "On-the-fly" syntax checking information may be incorrect. [C:\Users\csy\Desktop\Study\Logic2024\tetris\tetris\tetris.srcs\sources_1\new\tetris_logic.v:]
WARNING: [filemgmt 56-199] Attempt to get parsing info during refresh. "On-the-fly" syntax checking information may be incorrect. [C:\Users\csy\Desktop\Study\Logic2024\tetris\tetris\tetris.srcs\sources_1\new\game.v:]
