#-----------------------------------------------------------
# Vivado v2023.2 (64-bit)
# SW Build 4029153 on Fri Oct 13 20:14:34 MDT 2023
# IP Build 4028589 on Sat Oct 14 00:45:43 MDT 2023
# SharedData Build 4025554 on Tue Oct 10 17:18:54 MDT 2023
# Start of session at: Wed Jun  5 20:28:30 2024
# Process ID: 6016
# Current directory: C:/Users/csy/Desktop/Study/Logic2024/tetris/tetris
# Command line: vivado.exe -gui_launcher_event rodinguilauncherevent25508 C:\Users\csy\Desktop\Study\Logic2024\tetris\tetris\tetris.xpr
# Log file: C:/Users/csy/Desktop/Study/Logic2024/tetris/tetris/vivado.log
# Journal file: C:/Users/csy/Desktop/Study/Logic2024/tetris/tetris\vivado.jou
# Running On: LAPTOP-LCA5B7K9, OS: Windows, CPU Frequency: 2688 MHz, CPU Physical cores: 14, Host memory: 14710 MB
#-----------------------------------------------------------
start_gui
open_project C:/Users/csy/Desktop/Study/Logic2024/tetris/tetris/tetris.xpr
WARNING: [Board 49-26] cannot add Board Part xilinx.com:vek280_es:part0:1.0 available at D:/xilinx/Vivado/2023.2/data/xhub/boards/XilinxBoardStore/boards/Xilinx/vek280/es/rev_a/1.0/board.xml as part xcve2802-vsvh1760-2lp-e-s-es1 specified in board_part file is either invalid or not available
WARNING: [Board 49-26] cannot add Board Part xilinx.com:vek280_es:part0:1.1 available at D:/xilinx/Vivado/2023.2/data/xhub/boards/XilinxBoardStore/boards/Xilinx/vek280/es/rev_a/1.1/board.xml as part xcve2802-vsvh1760-2lp-e-s-es1 specified in board_part file is either invalid or not available
WARNING: [Board 49-26] cannot add Board Part xilinx.com:vek280_es_revb:part0:1.0 available at D:/xilinx/Vivado/2023.2/data/xhub/boards/XilinxBoardStore/boards/Xilinx/vek280/es/rev_b/1.0/board.xml as part xcve2802-vsvh1760-2mp-e-s-es1 specified in board_part file is either invalid or not available
WARNING: [Board 49-26] cannot add Board Part xilinx.com:vek280_es_revb:part0:1.1 available at D:/xilinx/Vivado/2023.2/data/xhub/boards/XilinxBoardStore/boards/Xilinx/vek280/es/rev_b/1.1/board.xml as part xcve2802-vsvh1760-2mp-e-s-es1 specified in board_part file is either invalid or not available
WARNING: [Board 49-26] cannot add Board Part xilinx.com:vhk158_es:part0:1.0 available at D:/xilinx/Vivado/2023.2/data/xhub/boards/XilinxBoardStore/boards/Xilinx/vhk158/es/1.0/board.xml as part xcvh1582-vsva3697-2mp-e-s-es1 specified in board_part file is either invalid or not available
WARNING: [Board 49-26] cannot add Board Part xilinx.com:vhk158_es:part0:1.1 available at D:/xilinx/Vivado/2023.2/data/xhub/boards/XilinxBoardStore/boards/Xilinx/vhk158/es/1.1/board.xml as part xcvh1582-vsva3697-2mp-e-s-es1 specified in board_part file is either invalid or not available
WARNING: [Board 49-26] cannot add Board Part xilinx.com:zcu208ld:part0:2.0 available at D:/xilinx/Vivado/2023.2/data/xhub/boards/XilinxBoardStore/boards/Xilinx/zcu208ld/production/2.0/board.xml as part xczu58dr-fsvg1517-2-i specified in board_part file is either invalid or not available
WARNING: [Board 49-26] cannot add Board Part xilinx.com:zcu216ld:part0:2.0 available at D:/xilinx/Vivado/2023.2/data/xhub/boards/XilinxBoardStore/boards/Xilinx/zcu216ld/production/2.0/board.xml as part xczu59dr-ffvf1760-2-i specified in board_part file is either invalid or not available
WARNING: [Board 49-26] cannot add Board Part xilinx.com:zcu670:part0:2.0 available at D:/xilinx/Vivado/2023.2/data/xhub/boards/XilinxBoardStore/boards/Xilinx/zcu670/2.0/board.xml as part xczu67dr-fsve1156-2-i specified in board_part file is either invalid or not available
WARNING: [Board 49-26] cannot add Board Part xilinx.com:zcu670ld:part0:1.0 available at D:/xilinx/Vivado/2023.2/data/xhub/boards/XilinxBoardStore/boards/Xilinx/zcu670ld/1.0/board.xml as part xczu57dr-fsve1156-2-i specified in board_part file is either invalid or not available
INFO: [filemgmt 56-3] Default IP Output Path : Could not find the directory 'C:/Users/csy/Desktop/Study/Logic2024/tetris/tetris/tetris.gen/sources_1'.
Scanning sources...
Finished scanning sources
INFO: [IP_Flow 19-234] Refreshing IP repositories
INFO: [IP_Flow 19-1704] No user IP repositories specified
INFO: [IP_Flow 19-2313] Loaded Vivado IP repository 'D:/xilinx/Vivado/2023.2/data/ip'.
open_project: Time (s): cpu = 00:00:03 ; elapsed = 00:00:08 . Memory (MB): peak = 1578.871 ; gain = 337.238
update_compile_order -fileset sources_1
reset_run synth_1
launch_runs synth_1 -jobs 10
CRITICAL WARNING: [HDL 9-1206] Syntax error near 'if' [C:/Users/csy/Desktop/Study/Logic2024/tetris/tetris/tetris.srcs/sources_1/new/tetris_logic.v:252]
[Wed Jun  5 20:31:41 2024] Launched synth_1...
Run output will be captured here: C:/Users/csy/Desktop/Study/Logic2024/tetris/tetris/tetris.runs/synth_1/runme.log
reset_run synth_1
launch_runs synth_1 -jobs 10
[Wed Jun  5 20:35:04 2024] Launched synth_1...
Run output will be captured here: C:/Users/csy/Desktop/Study/Logic2024/tetris/tetris/tetris.runs/synth_1/runme.log
update_compile_order -fileset sources_1
update_compile_order -fileset sources_1
reset_run synth_1
launch_runs synth_1 -jobs 10
[Wed Jun  5 20:39:06 2024] Launched synth_1...
Run output will be captured here: C:/Users/csy/Desktop/Study/Logic2024/tetris/tetris/tetris.runs/synth_1/runme.log
open_run synth_1 -name synth_1
Design is defaulting to impl run constrset: constrs_1
Design is defaulting to synth run part: xc7k160tffg676-2L
INFO: [Device 21-403] Loading part xc7k160tffg676-2L
Netlist sorting complete. Time (s): cpu = 00:00:00 ; elapsed = 00:00:00.012 . Memory (MB): peak = 2025.062 ; gain = 0.000
INFO: [Netlist 29-17] Analyzing 347 Unisim elements for replacement
INFO: [Netlist 29-28] Unisim Transformation completed in 0 CPU seconds
WARNING: [Netlist 29-101] Netlist 'top' is not ideal for floorplanning, since the cellview 'tetris_logic' contains a large number of primitives.  Please consider enabling hierarchy in synthesis if you want to do floorplanning.
INFO: [Project 1-479] Netlist was created with Vivado 2023.2
INFO: [Project 1-570] Preparing netlist for logic optimization
Parsing XDC File [C:/Users/csy/Desktop/Study/Logic2024/tetris/tetris/tetris.srcs/constrs_1/new/constraint.xdc]
WARNING: [Vivado 12-584] No ports matched 'SW[0]'. [C:/Users/csy/Desktop/Study/Logic2024/tetris/tetris/tetris.srcs/constrs_1/new/constraint.xdc:50]
CRITICAL WARNING: [Common 17-55] 'set_property' expects at least one object. [C:/Users/csy/Desktop/Study/Logic2024/tetris/tetris/tetris.srcs/constrs_1/new/constraint.xdc:50]
Resolution: If [get_<value>] was used to populate the object, check to make sure this command returns at least one valid object.
WARNING: [Vivado 12-584] No ports matched 'SW[0]'. [C:/Users/csy/Desktop/Study/Logic2024/tetris/tetris/tetris.srcs/constrs_1/new/constraint.xdc:51]
CRITICAL WARNING: [Common 17-55] 'set_property' expects at least one object. [C:/Users/csy/Desktop/Study/Logic2024/tetris/tetris/tetris.srcs/constrs_1/new/constraint.xdc:51]
Resolution: If [get_<value>] was used to populate the object, check to make sure this command returns at least one valid object.
WARNING: [Vivado 12-584] No ports matched 'SW[1]'. [C:/Users/csy/Desktop/Study/Logic2024/tetris/tetris/tetris.srcs/constrs_1/new/constraint.xdc:52]
CRITICAL WARNING: [Common 17-55] 'set_property' expects at least one object. [C:/Users/csy/Desktop/Study/Logic2024/tetris/tetris/tetris.srcs/constrs_1/new/constraint.xdc:52]
Resolution: If [get_<value>] was used to populate the object, check to make sure this command returns at least one valid object.
WARNING: [Vivado 12-584] No ports matched 'SW[1]'. [C:/Users/csy/Desktop/Study/Logic2024/tetris/tetris/tetris.srcs/constrs_1/new/constraint.xdc:53]
CRITICAL WARNING: [Common 17-55] 'set_property' expects at least one object. [C:/Users/csy/Desktop/Study/Logic2024/tetris/tetris/tetris.srcs/constrs_1/new/constraint.xdc:53]
Resolution: If [get_<value>] was used to populate the object, check to make sure this command returns at least one valid object.
WARNING: [Vivado 12-584] No ports matched 'SW[2]'. [C:/Users/csy/Desktop/Study/Logic2024/tetris/tetris/tetris.srcs/constrs_1/new/constraint.xdc:54]
CRITICAL WARNING: [Common 17-55] 'set_property' expects at least one object. [C:/Users/csy/Desktop/Study/Logic2024/tetris/tetris/tetris.srcs/constrs_1/new/constraint.xdc:54]
Resolution: If [get_<value>] was used to populate the object, check to make sure this command returns at least one valid object.
WARNING: [Vivado 12-584] No ports matched 'SW[2]'. [C:/Users/csy/Desktop/Study/Logic2024/tetris/tetris/tetris.srcs/constrs_1/new/constraint.xdc:55]
CRITICAL WARNING: [Common 17-55] 'set_property' expects at least one object. [C:/Users/csy/Desktop/Study/Logic2024/tetris/tetris/tetris.srcs/constrs_1/new/constraint.xdc:55]
Resolution: If [get_<value>] was used to populate the object, check to make sure this command returns at least one valid object.
WARNING: [Vivado 12-584] No ports matched 'SW[3]'. [C:/Users/csy/Desktop/Study/Logic2024/tetris/tetris/tetris.srcs/constrs_1/new/constraint.xdc:56]
CRITICAL WARNING: [Common 17-55] 'set_property' expects at least one object. [C:/Users/csy/Desktop/Study/Logic2024/tetris/tetris/tetris.srcs/constrs_1/new/constraint.xdc:56]
Resolution: If [get_<value>] was used to populate the object, check to make sure this command returns at least one valid object.
WARNING: [Vivado 12-584] No ports matched 'SW[3]'. [C:/Users/csy/Desktop/Study/Logic2024/tetris/tetris/tetris.srcs/constrs_1/new/constraint.xdc:57]
CRITICAL WARNING: [Common 17-55] 'set_property' expects at least one object. [C:/Users/csy/Desktop/Study/Logic2024/tetris/tetris/tetris.srcs/constrs_1/new/constraint.xdc:57]
Resolution: If [get_<value>] was used to populate the object, check to make sure this command returns at least one valid object.
WARNING: [Vivado 12-584] No ports matched 'SW[4]'. [C:/Users/csy/Desktop/Study/Logic2024/tetris/tetris/tetris.srcs/constrs_1/new/constraint.xdc:58]
CRITICAL WARNING: [Common 17-55] 'set_property' expects at least one object. [C:/Users/csy/Desktop/Study/Logic2024/tetris/tetris/tetris.srcs/constrs_1/new/constraint.xdc:58]
Resolution: If [get_<value>] was used to populate the object, check to make sure this command returns at least one valid object.
WARNING: [Vivado 12-584] No ports matched 'SW[4]'. [C:/Users/csy/Desktop/Study/Logic2024/tetris/tetris/tetris.srcs/constrs_1/new/constraint.xdc:59]
CRITICAL WARNING: [Common 17-55] 'set_property' expects at least one object. [C:/Users/csy/Desktop/Study/Logic2024/tetris/tetris/tetris.srcs/constrs_1/new/constraint.xdc:59]
Resolution: If [get_<value>] was used to populate the object, check to make sure this command returns at least one valid object.
WARNING: [Vivado 12-584] No ports matched 'SW[5]'. [C:/Users/csy/Desktop/Study/Logic2024/tetris/tetris/tetris.srcs/constrs_1/new/constraint.xdc:60]
CRITICAL WARNING: [Common 17-55] 'set_property' expects at least one object. [C:/Users/csy/Desktop/Study/Logic2024/tetris/tetris/tetris.srcs/constrs_1/new/constraint.xdc:60]
Resolution: If [get_<value>] was used to populate the object, check to make sure this command returns at least one valid object.
WARNING: [Vivado 12-584] No ports matched 'SW[5]'. [C:/Users/csy/Desktop/Study/Logic2024/tetris/tetris/tetris.srcs/constrs_1/new/constraint.xdc:61]
CRITICAL WARNING: [Common 17-55] 'set_property' expects at least one object. [C:/Users/csy/Desktop/Study/Logic2024/tetris/tetris/tetris.srcs/constrs_1/new/constraint.xdc:61]
Resolution: If [get_<value>] was used to populate the object, check to make sure this command returns at least one valid object.
WARNING: [Vivado 12-584] No ports matched 'SW[6]'. [C:/Users/csy/Desktop/Study/Logic2024/tetris/tetris/tetris.srcs/constrs_1/new/constraint.xdc:62]
CRITICAL WARNING: [Common 17-55] 'set_property' expects at least one object. [C:/Users/csy/Desktop/Study/Logic2024/tetris/tetris/tetris.srcs/constrs_1/new/constraint.xdc:62]
Resolution: If [get_<value>] was used to populate the object, check to make sure this command returns at least one valid object.
WARNING: [Vivado 12-584] No ports matched 'SW[6]'. [C:/Users/csy/Desktop/Study/Logic2024/tetris/tetris/tetris.srcs/constrs_1/new/constraint.xdc:63]
CRITICAL WARNING: [Common 17-55] 'set_property' expects at least one object. [C:/Users/csy/Desktop/Study/Logic2024/tetris/tetris/tetris.srcs/constrs_1/new/constraint.xdc:63]
Resolution: If [get_<value>] was used to populate the object, check to make sure this command returns at least one valid object.
WARNING: [Vivado 12-584] No ports matched 'SW[7]'. [C:/Users/csy/Desktop/Study/Logic2024/tetris/tetris/tetris.srcs/constrs_1/new/constraint.xdc:64]
CRITICAL WARNING: [Common 17-55] 'set_property' expects at least one object. [C:/Users/csy/Desktop/Study/Logic2024/tetris/tetris/tetris.srcs/constrs_1/new/constraint.xdc:64]
Resolution: If [get_<value>] was used to populate the object, check to make sure this command returns at least one valid object.
WARNING: [Vivado 12-584] No ports matched 'SW[7]'. [C:/Users/csy/Desktop/Study/Logic2024/tetris/tetris/tetris.srcs/constrs_1/new/constraint.xdc:65]
CRITICAL WARNING: [Common 17-55] 'set_property' expects at least one object. [C:/Users/csy/Desktop/Study/Logic2024/tetris/tetris/tetris.srcs/constrs_1/new/constraint.xdc:65]
Resolution: If [get_<value>] was used to populate the object, check to make sure this command returns at least one valid object.
WARNING: [Vivado 12-584] No ports matched 'SW[8]'. [C:/Users/csy/Desktop/Study/Logic2024/tetris/tetris/tetris.srcs/constrs_1/new/constraint.xdc:66]
CRITICAL WARNING: [Common 17-55] 'set_property' expects at least one object. [C:/Users/csy/Desktop/Study/Logic2024/tetris/tetris/tetris.srcs/constrs_1/new/constraint.xdc:66]
Resolution: If [get_<value>] was used to populate the object, check to make sure this command returns at least one valid object.
WARNING: [Vivado 12-584] No ports matched 'SW[8]'. [C:/Users/csy/Desktop/Study/Logic2024/tetris/tetris/tetris.srcs/constrs_1/new/constraint.xdc:67]
CRITICAL WARNING: [Common 17-55] 'set_property' expects at least one object. [C:/Users/csy/Desktop/Study/Logic2024/tetris/tetris/tetris.srcs/constrs_1/new/constraint.xdc:67]
Resolution: If [get_<value>] was used to populate the object, check to make sure this command returns at least one valid object.
WARNING: [Vivado 12-584] No ports matched 'SW[9]'. [C:/Users/csy/Desktop/Study/Logic2024/tetris/tetris/tetris.srcs/constrs_1/new/constraint.xdc:68]
CRITICAL WARNING: [Common 17-55] 'set_property' expects at least one object. [C:/Users/csy/Desktop/Study/Logic2024/tetris/tetris/tetris.srcs/constrs_1/new/constraint.xdc:68]
Resolution: If [get_<value>] was used to populate the object, check to make sure this command returns at least one valid object.
WARNING: [Vivado 12-584] No ports matched 'SW[9]'. [C:/Users/csy/Desktop/Study/Logic2024/tetris/tetris/tetris.srcs/constrs_1/new/constraint.xdc:69]
CRITICAL WARNING: [Common 17-55] 'set_property' expects at least one object. [C:/Users/csy/Desktop/Study/Logic2024/tetris/tetris/tetris.srcs/constrs_1/new/constraint.xdc:69]
Resolution: If [get_<value>] was used to populate the object, check to make sure this command returns at least one valid object.
WARNING: [Vivado 12-584] No ports matched 'SW[10]'. [C:/Users/csy/Desktop/Study/Logic2024/tetris/tetris/tetris.srcs/constrs_1/new/constraint.xdc:70]
CRITICAL WARNING: [Common 17-55] 'set_property' expects at least one object. [C:/Users/csy/Desktop/Study/Logic2024/tetris/tetris/tetris.srcs/constrs_1/new/constraint.xdc:70]
Resolution: If [get_<value>] was used to populate the object, check to make sure this command returns at least one valid object.
WARNING: [Vivado 12-584] No ports matched 'SW[10]'. [C:/Users/csy/Desktop/Study/Logic2024/tetris/tetris/tetris.srcs/constrs_1/new/constraint.xdc:71]
CRITICAL WARNING: [Common 17-55] 'set_property' expects at least one object. [C:/Users/csy/Desktop/Study/Logic2024/tetris/tetris/tetris.srcs/constrs_1/new/constraint.xdc:71]
Resolution: If [get_<value>] was used to populate the object, check to make sure this command returns at least one valid object.
WARNING: [Vivado 12-584] No ports matched 'SW[11]'. [C:/Users/csy/Desktop/Study/Logic2024/tetris/tetris/tetris.srcs/constrs_1/new/constraint.xdc:72]
CRITICAL WARNING: [Common 17-55] 'set_property' expects at least one object. [C:/Users/csy/Desktop/Study/Logic2024/tetris/tetris/tetris.srcs/constrs_1/new/constraint.xdc:72]
Resolution: If [get_<value>] was used to populate the object, check to make sure this command returns at least one valid object.
WARNING: [Vivado 12-584] No ports matched 'SW[11]'. [C:/Users/csy/Desktop/Study/Logic2024/tetris/tetris/tetris.srcs/constrs_1/new/constraint.xdc:73]
CRITICAL WARNING: [Common 17-55] 'set_property' expects at least one object. [C:/Users/csy/Desktop/Study/Logic2024/tetris/tetris/tetris.srcs/constrs_1/new/constraint.xdc:73]
Resolution: If [get_<value>] was used to populate the object, check to make sure this command returns at least one valid object.
WARNING: [Vivado 12-584] No ports matched 'SW[12]'. [C:/Users/csy/Desktop/Study/Logic2024/tetris/tetris/tetris.srcs/constrs_1/new/constraint.xdc:74]
CRITICAL WARNING: [Common 17-55] 'set_property' expects at least one object. [C:/Users/csy/Desktop/Study/Logic2024/tetris/tetris/tetris.srcs/constrs_1/new/constraint.xdc:74]
Resolution: If [get_<value>] was used to populate the object, check to make sure this command returns at least one valid object.
WARNING: [Vivado 12-584] No ports matched 'SW[12]'. [C:/Users/csy/Desktop/Study/Logic2024/tetris/tetris/tetris.srcs/constrs_1/new/constraint.xdc:75]
CRITICAL WARNING: [Common 17-55] 'set_property' expects at least one object. [C:/Users/csy/Desktop/Study/Logic2024/tetris/tetris/tetris.srcs/constrs_1/new/constraint.xdc:75]
Resolution: If [get_<value>] was used to populate the object, check to make sure this command returns at least one valid object.
WARNING: [Vivado 12-584] No ports matched 'SW[13]'. [C:/Users/csy/Desktop/Study/Logic2024/tetris/tetris/tetris.srcs/constrs_1/new/constraint.xdc:76]
CRITICAL WARNING: [Common 17-55] 'set_property' expects at least one object. [C:/Users/csy/Desktop/Study/Logic2024/tetris/tetris/tetris.srcs/constrs_1/new/constraint.xdc:76]
Resolution: If [get_<value>] was used to populate the object, check to make sure this command returns at least one valid object.
WARNING: [Vivado 12-584] No ports matched 'SW[13]'. [C:/Users/csy/Desktop/Study/Logic2024/tetris/tetris/tetris.srcs/constrs_1/new/constraint.xdc:77]
CRITICAL WARNING: [Common 17-55] 'set_property' expects at least one object. [C:/Users/csy/Desktop/Study/Logic2024/tetris/tetris/tetris.srcs/constrs_1/new/constraint.xdc:77]
Resolution: If [get_<value>] was used to populate the object, check to make sure this command returns at least one valid object.
WARNING: [Vivado 12-584] No ports matched 'SW[14]'. [C:/Users/csy/Desktop/Study/Logic2024/tetris/tetris/tetris.srcs/constrs_1/new/constraint.xdc:78]
CRITICAL WARNING: [Common 17-55] 'set_property' expects at least one object. [C:/Users/csy/Desktop/Study/Logic2024/tetris/tetris/tetris.srcs/constrs_1/new/constraint.xdc:78]
Resolution: If [get_<value>] was used to populate the object, check to make sure this command returns at least one valid object.
WARNING: [Vivado 12-584] No ports matched 'SW[14]'. [C:/Users/csy/Desktop/Study/Logic2024/tetris/tetris/tetris.srcs/constrs_1/new/constraint.xdc:79]
CRITICAL WARNING: [Common 17-55] 'set_property' expects at least one object. [C:/Users/csy/Desktop/Study/Logic2024/tetris/tetris/tetris.srcs/constrs_1/new/constraint.xdc:79]
Resolution: If [get_<value>] was used to populate the object, check to make sure this command returns at least one valid object.
Finished Parsing XDC File [C:/Users/csy/Desktop/Study/Logic2024/tetris/tetris/tetris.srcs/constrs_1/new/constraint.xdc]
INFO: [Opt 31-138] Pushed 0 inverter(s) to 0 load pin(s).
Netlist sorting complete. Time (s): cpu = 00:00:00 ; elapsed = 00:00:00.001 . Memory (MB): peak = 2125.484 ; gain = 0.000
INFO: [Project 1-111] Unisim Transformation Summary:
No Unisim elements were transformed.

open_run: Time (s): cpu = 00:00:01 ; elapsed = 00:00:07 . Memory (MB): peak = 2306.668 ; gain = 669.137
exit
INFO: [Common 17-206] Exiting Vivado at Wed Jun  5 20:44:21 2024...
